[2018-11-16T10:57:45,192][WARN ][o.e.e.NodeEnvironment    ] [vVSVa5x] lock assertion failed
java.nio.file.NoSuchFileException: /home/pierrefg/Desktop/WS/Database/elasticsearch-6.5.0/data/nodes/0/node.lock
	at sun.nio.fs.UnixException.translateToIOException(UnixException.java:92) ~[?:?]
	at sun.nio.fs.UnixException.rethrowAsIOException(UnixException.java:111) ~[?:?]
	at sun.nio.fs.UnixException.rethrowAsIOException(UnixException.java:116) ~[?:?]
	at sun.nio.fs.UnixFileAttributeViews$Basic.readAttributes(UnixFileAttributeViews.java:55) ~[?:?]
	at sun.nio.fs.UnixFileSystemProvider.readAttributes(UnixFileSystemProvider.java:145) ~[?:?]
	at sun.nio.fs.LinuxFileSystemProvider.readAttributes(LinuxFileSystemProvider.java:99) ~[?:?]
	at java.nio.file.Files.readAttributes(Files.java:1755) ~[?:?]
	at org.apache.lucene.store.NativeFSLockFactory$NativeFSLock.ensureValid(NativeFSLockFactory.java:189) ~[lucene-core-7.5.0.jar:7.5.0 b5bf70b7e32d7ddd9742cc821d471c5fabd4e3df - jimczi - 2018-09-18 13:01:13]
	at org.elasticsearch.env.NodeEnvironment.assertEnvIsLocked(NodeEnvironment.java:999) [elasticsearch-6.5.0.jar:6.5.0]
	at org.elasticsearch.env.NodeEnvironment.indexPaths(NodeEnvironment.java:798) [elasticsearch-6.5.0.jar:6.5.0]
	at org.elasticsearch.gateway.MetaStateService.writeIndex(MetaStateService.java:124) [elasticsearch-6.5.0.jar:6.5.0]
	at org.elasticsearch.gateway.GatewayMetaState.applyClusterState(GatewayMetaState.java:173) [elasticsearch-6.5.0.jar:6.5.0]
	at org.elasticsearch.cluster.service.ClusterApplierService.lambda$callClusterStateAppliers$6(ClusterApplierService.java:481) [elasticsearch-6.5.0.jar:6.5.0]
	at java.lang.Iterable.forEach(Iterable.java:75) [?:?]
	at org.elasticsearch.cluster.service.ClusterApplierService.callClusterStateAppliers(ClusterApplierService.java:478) [elasticsearch-6.5.0.jar:6.5.0]
	at org.elasticsearch.cluster.service.ClusterApplierService.applyChanges(ClusterApplierService.java:465) [elasticsearch-6.5.0.jar:6.5.0]
	at org.elasticsearch.cluster.service.ClusterApplierService.runTask(ClusterApplierService.java:416) [elasticsearch-6.5.0.jar:6.5.0]
	at org.elasticsearch.cluster.service.ClusterApplierService$UpdateTask.run(ClusterApplierService.java:160) [elasticsearch-6.5.0.jar:6.5.0]
	at org.elasticsearch.common.util.concurrent.ThreadContext$ContextPreservingRunnable.run(ThreadContext.java:624) [elasticsearch-6.5.0.jar:6.5.0]
	at org.elasticsearch.common.util.concurrent.PrioritizedEsThreadPoolExecutor$TieBreakingPrioritizedRunnable.runAndClean(PrioritizedEsThreadPoolExecutor.java:244) [elasticsearch-6.5.0.jar:6.5.0]
	at org.elasticsearch.common.util.concurrent.PrioritizedEsThreadPoolExecutor$TieBreakingPrioritizedRunnable.run(PrioritizedEsThreadPoolExecutor.java:207) [elasticsearch-6.5.0.jar:6.5.0]
	at java.util.concurrent.ThreadPoolExecutor.runWorker(ThreadPoolExecutor.java:1135) [?:?]
	at java.util.concurrent.ThreadPoolExecutor$Worker.run(ThreadPoolExecutor.java:635) [?:?]
	at java.lang.Thread.run(Thread.java:844) [?:?]
[2018-11-16T10:57:45,221][WARN ][o.e.g.MetaStateService   ] [vVSVa5x] [[.kibana_1/wW7zeK2nRASoBzs3MA8E-w]]: failed to write index state
java.lang.IllegalStateException: environment is not locked
	at org.elasticsearch.env.NodeEnvironment.assertEnvIsLocked(NodeEnvironment.java:1002) ~[elasticsearch-6.5.0.jar:6.5.0]
	at org.elasticsearch.env.NodeEnvironment.indexPaths(NodeEnvironment.java:798) ~[elasticsearch-6.5.0.jar:6.5.0]
	at org.elasticsearch.gateway.MetaStateService.writeIndex(MetaStateService.java:124) [elasticsearch-6.5.0.jar:6.5.0]
	at org.elasticsearch.gateway.GatewayMetaState.applyClusterState(GatewayMetaState.java:173) [elasticsearch-6.5.0.jar:6.5.0]
	at org.elasticsearch.cluster.service.ClusterApplierService.lambda$callClusterStateAppliers$6(ClusterApplierService.java:481) [elasticsearch-6.5.0.jar:6.5.0]
	at java.lang.Iterable.forEach(Iterable.java:75) [?:?]
	at org.elasticsearch.cluster.service.ClusterApplierService.callClusterStateAppliers(ClusterApplierService.java:478) [elasticsearch-6.5.0.jar:6.5.0]
	at org.elasticsearch.cluster.service.ClusterApplierService.applyChanges(ClusterApplierService.java:465) [elasticsearch-6.5.0.jar:6.5.0]
	at org.elasticsearch.cluster.service.ClusterApplierService.runTask(ClusterApplierService.java:416) [elasticsearch-6.5.0.jar:6.5.0]
	at org.elasticsearch.cluster.service.ClusterApplierService$UpdateTask.run(ClusterApplierService.java:160) [elasticsearch-6.5.0.jar:6.5.0]
	at org.elasticsearch.common.util.concurrent.ThreadContext$ContextPreservingRunnable.run(ThreadContext.java:624) [elasticsearch-6.5.0.jar:6.5.0]
	at org.elasticsearch.common.util.concurrent.PrioritizedEsThreadPoolExecutor$TieBreakingPrioritizedRunnable.runAndClean(PrioritizedEsThreadPoolExecutor.java:244) [elasticsearch-6.5.0.jar:6.5.0]
	at org.elasticsearch.common.util.concurrent.PrioritizedEsThreadPoolExecutor$TieBreakingPrioritizedRunnable.run(PrioritizedEsThreadPoolExecutor.java:207) [elasticsearch-6.5.0.jar:6.5.0]
	at java.util.concurrent.ThreadPoolExecutor.runWorker(ThreadPoolExecutor.java:1135) [?:?]
	at java.util.concurrent.ThreadPoolExecutor$Worker.run(ThreadPoolExecutor.java:635) [?:?]
	at java.lang.Thread.run(Thread.java:844) [?:?]
Caused by: java.nio.file.NoSuchFileException: /home/pierrefg/Desktop/WS/Database/elasticsearch-6.5.0/data/nodes/0/node.lock
	at sun.nio.fs.UnixException.translateToIOException(UnixException.java:92) ~[?:?]
	at sun.nio.fs.UnixException.rethrowAsIOException(UnixException.java:111) ~[?:?]
	at sun.nio.fs.UnixException.rethrowAsIOException(UnixException.java:116) ~[?:?]
	at sun.nio.fs.UnixFileAttributeViews$Basic.readAttributes(UnixFileAttributeViews.java:55) ~[?:?]
	at sun.nio.fs.UnixFileSystemProvider.readAttributes(UnixFileSystemProvider.java:145) ~[?:?]
	at sun.nio.fs.LinuxFileSystemProvider.readAttributes(LinuxFileSystemProvider.java:99) ~[?:?]
	at java.nio.file.Files.readAttributes(Files.java:1755) ~[?:?]
	at org.apache.lucene.store.NativeFSLockFactory$NativeFSLock.ensureValid(NativeFSLockFactory.java:189) ~[lucene-core-7.5.0.jar:7.5.0 b5bf70b7e32d7ddd9742cc821d471c5fabd4e3df - jimczi - 2018-09-18 13:01:13]
	at org.elasticsearch.env.NodeEnvironment.assertEnvIsLocked(NodeEnvironment.java:999) ~[elasticsearch-6.5.0.jar:6.5.0]
	... 15 more
[2018-11-16T10:57:45,193][WARN ][o.e.e.NodeEnvironment    ] [vVSVa5x] lock assertion failed
java.nio.file.NoSuchFileException: /home/pierrefg/Desktop/WS/Database/elasticsearch-6.5.0/data/nodes/0/node.lock
	at sun.nio.fs.UnixException.translateToIOException(UnixException.java:92) ~[?:?]
	at sun.nio.fs.UnixException.rethrowAsIOException(UnixException.java:111) ~[?:?]
	at sun.nio.fs.UnixException.rethrowAsIOException(UnixException.java:116) ~[?:?]
	at sun.nio.fs.UnixFileAttributeViews$Basic.readAttributes(UnixFileAttributeViews.java:55) ~[?:?]
	at sun.nio.fs.UnixFileSystemProvider.readAttributes(UnixFileSystemProvider.java:145) ~[?:?]
	at sun.nio.fs.LinuxFileSystemProvider.readAttributes(LinuxFileSystemProvider.java:99) ~[?:?]
	at java.nio.file.Files.readAttributes(Files.java:1755) ~[?:?]
	at org.apache.lucene.store.NativeFSLockFactory$NativeFSLock.ensureValid(NativeFSLockFactory.java:189) ~[lucene-core-7.5.0.jar:7.5.0 b5bf70b7e32d7ddd9742cc821d471c5fabd4e3df - jimczi - 2018-09-18 13:01:13]
	at org.elasticsearch.env.NodeEnvironment.assertEnvIsLocked(NodeEnvironment.java:999) [elasticsearch-6.5.0.jar:6.5.0]
	at org.elasticsearch.env.NodeEnvironment.availableShardPaths(NodeEnvironment.java:817) [elasticsearch-6.5.0.jar:6.5.0]
	at org.elasticsearch.gateway.TransportNodesListGatewayStartedShards.nodeOperation(TransportNodesListGatewayStartedShards.java:123) [elasticsearch-6.5.0.jar:6.5.0]
	at org.elasticsearch.gateway.TransportNodesListGatewayStartedShards.nodeOperation(TransportNodesListGatewayStartedShards.java:61) [elasticsearch-6.5.0.jar:6.5.0]
	at org.elasticsearch.action.support.nodes.TransportNodesAction.nodeOperation(TransportNodesAction.java:140) [elasticsearch-6.5.0.jar:6.5.0]
	at org.elasticsearch.action.support.nodes.TransportNodesAction$NodeTransportHandler.messageReceived(TransportNodesAction.java:260) [elasticsearch-6.5.0.jar:6.5.0]
	at org.elasticsearch.action.support.nodes.TransportNodesAction$NodeTransportHandler.messageReceived(TransportNodesAction.java:256) [elasticsearch-6.5.0.jar:6.5.0]
	at org.elasticsearch.xpack.security.transport.SecurityServerTransportInterceptor$ProfileSecuredRequestHandler$1.doRun(SecurityServerTransportInterceptor.java:251) [x-pack-security-6.5.0.jar:6.5.0]
	at org.elasticsearch.common.util.concurrent.AbstractRunnable.run(AbstractRunnable.java:37) [elasticsearch-6.5.0.jar:6.5.0]
	at org.elasticsearch.xpack.security.transport.SecurityServerTransportInterceptor$ProfileSecuredRequestHandler.messageReceived(SecurityServerTransportInterceptor.java:309) [x-pack-security-6.5.0.jar:6.5.0]
	at org.elasticsearch.transport.RequestHandlerRegistry.processMessageReceived(RequestHandlerRegistry.java:66) [elasticsearch-6.5.0.jar:6.5.0]
	at org.elasticsearch.transport.TransportService$7.doRun(TransportService.java:717) [elasticsearch-6.5.0.jar:6.5.0]
	at org.elasticsearch.common.util.concurrent.ThreadContext$ContextPreservingAbstractRunnable.doRun(ThreadContext.java:723) [elasticsearch-6.5.0.jar:6.5.0]
	at org.elasticsearch.common.util.concurrent.AbstractRunnable.run(AbstractRunnable.java:37) [elasticsearch-6.5.0.jar:6.5.0]
	at java.util.concurrent.ThreadPoolExecutor.runWorker(ThreadPoolExecutor.java:1135) [?:?]
	at java.util.concurrent.ThreadPoolExecutor$Worker.run(ThreadPoolExecutor.java:635) [?:?]
	at java.lang.Thread.run(Thread.java:844) [?:?]
[2018-11-16T10:57:45,223][WARN ][o.e.g.G.InternalPrimaryShardAllocator] [vVSVa5x] [ws][0]: failed to list shard for shard_started on node [vVSVa5xtQjKaZFsLupITkQ]
org.elasticsearch.action.FailedNodeException: Failed node [vVSVa5xtQjKaZFsLupITkQ]
	at org.elasticsearch.action.support.nodes.TransportNodesAction$AsyncAction.onFailure(TransportNodesAction.java:237) [elasticsearch-6.5.0.jar:6.5.0]
	at org.elasticsearch.action.support.nodes.TransportNodesAction$AsyncAction.access$200(TransportNodesAction.java:153) [elasticsearch-6.5.0.jar:6.5.0]
	at org.elasticsearch.action.support.nodes.TransportNodesAction$AsyncAction$1.handleException(TransportNodesAction.java:211) [elasticsearch-6.5.0.jar:6.5.0]
	at org.elasticsearch.transport.TransportService$ContextRestoreResponseHandler.handleException(TransportService.java:1130) [elasticsearch-6.5.0.jar:6.5.0]
	at org.elasticsearch.transport.TransportService$DirectResponseChannel.processException(TransportService.java:1247) [elasticsearch-6.5.0.jar:6.5.0]
	at org.elasticsearch.transport.TransportService$DirectResponseChannel.sendResponse(TransportService.java:1221) [elasticsearch-6.5.0.jar:6.5.0]
	at org.elasticsearch.transport.TaskTransportChannel.sendResponse(TaskTransportChannel.java:66) [elasticsearch-6.5.0.jar:6.5.0]
	at org.elasticsearch.xpack.security.transport.SecurityServerTransportInterceptor$ProfileSecuredRequestHandler$1.onFailure(SecurityServerTransportInterceptor.java:242) [x-pack-security-6.5.0.jar:6.5.0]
	at org.elasticsearch.common.util.concurrent.AbstractRunnable.run(AbstractRunnable.java:39) [elasticsearch-6.5.0.jar:6.5.0]
	at org.elasticsearch.xpack.security.transport.SecurityServerTransportInterceptor$ProfileSecuredRequestHandler.messageReceived(SecurityServerTransportInterceptor.java:309) [x-pack-security-6.5.0.jar:6.5.0]
	at org.elasticsearch.transport.RequestHandlerRegistry.processMessageReceived(RequestHandlerRegistry.java:66) [elasticsearch-6.5.0.jar:6.5.0]
	at org.elasticsearch.transport.TransportService$7.doRun(TransportService.java:717) [elasticsearch-6.5.0.jar:6.5.0]
	at org.elasticsearch.common.util.concurrent.ThreadContext$ContextPreservingAbstractRunnable.doRun(ThreadContext.java:723) [elasticsearch-6.5.0.jar:6.5.0]
	at org.elasticsearch.common.util.concurrent.AbstractRunnable.run(AbstractRunnable.java:37) [elasticsearch-6.5.0.jar:6.5.0]
	at java.util.concurrent.ThreadPoolExecutor.runWorker(ThreadPoolExecutor.java:1135) [?:?]
	at java.util.concurrent.ThreadPoolExecutor$Worker.run(ThreadPoolExecutor.java:635) [?:?]
	at java.lang.Thread.run(Thread.java:844) [?:?]
Caused by: org.elasticsearch.transport.RemoteTransportException: [vVSVa5x][127.0.0.1:9300][internal:gateway/local/started_shards[n]]
Caused by: org.elasticsearch.ElasticsearchException: failed to load started shards
	at org.elasticsearch.gateway.TransportNodesListGatewayStartedShards.nodeOperation(TransportNodesListGatewayStartedShards.java:172) ~[elasticsearch-6.5.0.jar:6.5.0]
	at org.elasticsearch.gateway.TransportNodesListGatewayStartedShards.nodeOperation(TransportNodesListGatewayStartedShards.java:61) ~[elasticsearch-6.5.0.jar:6.5.0]
	at org.elasticsearch.action.support.nodes.TransportNodesAction.nodeOperation(TransportNodesAction.java:140) ~[elasticsearch-6.5.0.jar:6.5.0]
	at org.elasticsearch.action.support.nodes.TransportNodesAction$NodeTransportHandler.messageReceived(TransportNodesAction.java:260) ~[elasticsearch-6.5.0.jar:6.5.0]
	at org.elasticsearch.action.support.nodes.TransportNodesAction$NodeTransportHandler.messageReceived(TransportNodesAction.java:256) ~[elasticsearch-6.5.0.jar:6.5.0]
	at org.elasticsearch.xpack.security.transport.SecurityServerTransportInterceptor$ProfileSecuredRequestHandler$1.doRun(SecurityServerTransportInterceptor.java:251) ~[?:?]
	at org.elasticsearch.common.util.concurrent.AbstractRunnable.run(AbstractRunnable.java:37) ~[elasticsearch-6.5.0.jar:6.5.0]
	... 8 more
Caused by: java.lang.IllegalStateException: environment is not locked
	at org.elasticsearch.env.NodeEnvironment.assertEnvIsLocked(NodeEnvironment.java:1002) ~[elasticsearch-6.5.0.jar:6.5.0]
	at org.elasticsearch.env.NodeEnvironment.availableShardPaths(NodeEnvironment.java:817) ~[elasticsearch-6.5.0.jar:6.5.0]
	at org.elasticsearch.gateway.TransportNodesListGatewayStartedShards.nodeOperation(TransportNodesListGatewayStartedShards.java:123) ~[elasticsearch-6.5.0.jar:6.5.0]
	at org.elasticsearch.gateway.TransportNodesListGatewayStartedShards.nodeOperation(TransportNodesListGatewayStartedShards.java:61) ~[elasticsearch-6.5.0.jar:6.5.0]
	at org.elasticsearch.action.support.nodes.TransportNodesAction.nodeOperation(TransportNodesAction.java:140) ~[elasticsearch-6.5.0.jar:6.5.0]
	at org.elasticsearch.action.support.nodes.TransportNodesAction$NodeTransportHandler.messageReceived(TransportNodesAction.java:260) ~[elasticsearch-6.5.0.jar:6.5.0]
	at org.elasticsearch.action.support.nodes.TransportNodesAction$NodeTransportHandler.messageReceived(TransportNodesAction.java:256) ~[elasticsearch-6.5.0.jar:6.5.0]
	at org.elasticsearch.xpack.security.transport.SecurityServerTransportInterceptor$ProfileSecuredRequestHandler$1.doRun(SecurityServerTransportInterceptor.java:251) ~[?:?]
	at org.elasticsearch.common.util.concurrent.AbstractRunnable.run(AbstractRunnable.java:37) ~[elasticsearch-6.5.0.jar:6.5.0]
	... 8 more
Caused by: java.nio.file.NoSuchFileException: /home/pierrefg/Desktop/WS/Database/elasticsearch-6.5.0/data/nodes/0/node.lock
	at sun.nio.fs.UnixException.translateToIOException(UnixException.java:92) ~[?:?]
	at sun.nio.fs.UnixException.rethrowAsIOException(UnixException.java:111) ~[?:?]
	at sun.nio.fs.UnixException.rethrowAsIOException(UnixException.java:116) ~[?:?]
	at sun.nio.fs.UnixFileAttributeViews$Basic.readAttributes(UnixFileAttributeViews.java:55) ~[?:?]
	at sun.nio.fs.UnixFileSystemProvider.readAttributes(UnixFileSystemProvider.java:145) ~[?:?]
	at sun.nio.fs.LinuxFileSystemProvider.readAttributes(LinuxFileSystemProvider.java:99) ~[?:?]
	at java.nio.file.Files.readAttributes(Files.java:1755) ~[?:?]
	at org.apache.lucene.store.NativeFSLockFactory$NativeFSLock.ensureValid(NativeFSLockFactory.java:189) ~[lucene-core-7.5.0.jar:7.5.0 b5bf70b7e32d7ddd9742cc821d471c5fabd4e3df - jimczi - 2018-09-18 13:01:13]
	at org.elasticsearch.env.NodeEnvironment.assertEnvIsLocked(NodeEnvironment.java:999) ~[elasticsearch-6.5.0.jar:6.5.0]
	at org.elasticsearch.env.NodeEnvironment.availableShardPaths(NodeEnvironment.java:817) ~[elasticsearch-6.5.0.jar:6.5.0]
	at org.elasticsearch.gateway.TransportNodesListGatewayStartedShards.nodeOperation(TransportNodesListGatewayStartedShards.java:123) ~[elasticsearch-6.5.0.jar:6.5.0]
	at org.elasticsearch.gateway.TransportNodesListGatewayStartedShards.nodeOperation(TransportNodesListGatewayStartedShards.java:61) ~[elasticsearch-6.5.0.jar:6.5.0]
	at org.elasticsearch.action.support.nodes.TransportNodesAction.nodeOperation(TransportNodesAction.java:140) ~[elasticsearch-6.5.0.jar:6.5.0]
	at org.elasticsearch.action.support.nodes.TransportNodesAction$NodeTransportHandler.messageReceived(TransportNodesAction.java:260) ~[elasticsearch-6.5.0.jar:6.5.0]
	at org.elasticsearch.action.support.nodes.TransportNodesAction$NodeTransportHandler.messageReceived(TransportNodesAction.java:256) ~[elasticsearch-6.5.0.jar:6.5.0]
	at org.elasticsearch.xpack.security.transport.SecurityServerTransportInterceptor$ProfileSecuredRequestHandler$1.doRun(SecurityServerTransportInterceptor.java:251) ~[?:?]
	at org.elasticsearch.common.util.concurrent.AbstractRunnable.run(AbstractRunnable.java:37) ~[elasticsearch-6.5.0.jar:6.5.0]
	... 8 more
[2018-11-16T10:57:45,413][INFO ][o.e.c.r.a.AllocationService] [vVSVa5x] Cluster health status changed from [RED] to [YELLOW] (reason: [shards started [[ws][0]] ...]).
[2018-11-16T10:57:45,893][INFO ][o.e.x.s.a.f.FileUserPasswdStore] [vVSVa5x] users file [/home/pierrefg/Desktop/WS/Database/elasticsearch-6.5.0/config/users] changed. updating users... )
[2018-11-16T10:57:45,896][INFO ][o.e.x.s.a.f.FileUserRolesStore] [vVSVa5x] users roles file [/home/pierrefg/Desktop/WS/Database/elasticsearch-6.5.0/config/users_roles] changed. updating users roles...
[2018-11-16T10:57:45,899][INFO ][o.e.x.s.a.s.FileRolesStore] [vVSVa5x] parsed [0] roles from file [/home/pierrefg/Desktop/WS/Database/elasticsearch-6.5.0/config/roles.yml]
[2018-11-16T10:57:45,900][INFO ][o.e.x.s.a.s.FileRolesStore] [vVSVa5x] updated roles (roles file [/home/pierrefg/Desktop/WS/Database/elasticsearch-6.5.0/config/roles.yml] changed)
[2018-11-16T10:57:51,800][INFO ][o.e.x.m.j.p.NativeController] [vVSVa5x] Native controller process has stopped - no new native processes can be started
[2018-11-16T10:57:51,805][INFO ][o.e.n.Node               ] [vVSVa5x] stopping ...
[2018-11-16T10:57:51,815][INFO ][o.e.x.w.WatcherService   ] [vVSVa5x] stopping watch service, reason [shutdown initiated]
[2018-11-16T10:57:52,224][INFO ][o.e.n.Node               ] [vVSVa5x] stopped
[2018-11-16T10:57:52,224][INFO ][o.e.n.Node               ] [vVSVa5x] closing ...
[2018-11-16T10:57:52,239][INFO ][o.e.n.Node               ] [vVSVa5x] closed
[2018-11-16T11:10:31,349][INFO ][o.e.e.NodeEnvironment    ] [vVSVa5x] using [1] data paths, mounts [[/ (/dev/disk1s1)]], net usable_space [52.2gb], net total_space [112.7gb], types [apfs]
[2018-11-16T11:10:31,355][INFO ][o.e.e.NodeEnvironment    ] [vVSVa5x] heap size [990.7mb], compressed ordinary object pointers [true]
[2018-11-16T11:10:31,377][INFO ][o.e.n.Node               ] [vVSVa5x] node name derived from node ID [vVSVa5xtQjKaZFsLupITkQ]; set [node.name] to override
[2018-11-16T11:10:31,378][INFO ][o.e.n.Node               ] [vVSVa5x] version[6.5.0], pid[33134], build[default/tar/816e6f6/2018-11-09T18:58:36.352602Z], OS[Mac OS X/10.14/x86_64], JVM["Oracle Corporation"/Java HotSpot(TM) 64-Bit Server VM/10.0.2/10.0.2+13]
[2018-11-16T11:10:31,378][INFO ][o.e.n.Node               ] [vVSVa5x] JVM arguments [-Xms1g, -Xmx1g, -XX:+UseConcMarkSweepGC, -XX:CMSInitiatingOccupancyFraction=75, -XX:+UseCMSInitiatingOccupancyOnly, -XX:+AlwaysPreTouch, -Xss1m, -Djava.awt.headless=true, -Dfile.encoding=UTF-8, -Djna.nosys=true, -XX:-OmitStackTraceInFastThrow, -Dio.netty.noUnsafe=true, -Dio.netty.noKeySetOptimization=true, -Dio.netty.recycler.maxCapacityPerThread=0, -Dlog4j.shutdownHookEnabled=false, -Dlog4j2.disable.jmx=true, -Djava.io.tmpdir=/var/folders/cw/z5mq6b3d5gxg328jfr8gskwr0000gn/T/elasticsearch.RmSZiU6c, -XX:+HeapDumpOnOutOfMemoryError, -XX:HeapDumpPath=data, -XX:ErrorFile=logs/hs_err_pid%p.log, -Xlog:gc*,gc+age=trace,safepoint:file=logs/gc.log:utctime,pid,tags:filecount=32,filesize=64m, -Djava.locale.providers=COMPAT, -XX:UseAVX=2, -Des.path.home=/Users/hirt/Desktop/INSA/2018,2019/dossier sans titre/WS/Database/elasticsearch-6.5.0, -Des.path.conf=/Users/hirt/Desktop/INSA/2018,2019/dossier sans titre/WS/Database/elasticsearch-6.5.0/config, -Des.distribution.flavor=default, -Des.distribution.type=tar]
[2018-11-16T11:10:33,333][INFO ][o.e.p.PluginsService     ] [vVSVa5x] loaded module [aggs-matrix-stats]
[2018-11-16T11:10:33,333][INFO ][o.e.p.PluginsService     ] [vVSVa5x] loaded module [analysis-common]
[2018-11-16T11:10:33,334][INFO ][o.e.p.PluginsService     ] [vVSVa5x] loaded module [ingest-common]
[2018-11-16T11:10:33,334][INFO ][o.e.p.PluginsService     ] [vVSVa5x] loaded module [lang-expression]
[2018-11-16T11:10:33,334][INFO ][o.e.p.PluginsService     ] [vVSVa5x] loaded module [lang-mustache]
[2018-11-16T11:10:33,334][INFO ][o.e.p.PluginsService     ] [vVSVa5x] loaded module [lang-painless]
[2018-11-16T11:10:33,334][INFO ][o.e.p.PluginsService     ] [vVSVa5x] loaded module [mapper-extras]
[2018-11-16T11:10:33,334][INFO ][o.e.p.PluginsService     ] [vVSVa5x] loaded module [parent-join]
[2018-11-16T11:10:33,335][INFO ][o.e.p.PluginsService     ] [vVSVa5x] loaded module [percolator]
[2018-11-16T11:10:33,335][INFO ][o.e.p.PluginsService     ] [vVSVa5x] loaded module [rank-eval]
[2018-11-16T11:10:33,335][INFO ][o.e.p.PluginsService     ] [vVSVa5x] loaded module [reindex]
[2018-11-16T11:10:33,335][INFO ][o.e.p.PluginsService     ] [vVSVa5x] loaded module [repository-url]
[2018-11-16T11:10:33,336][INFO ][o.e.p.PluginsService     ] [vVSVa5x] loaded module [transport-netty4]
[2018-11-16T11:10:33,336][INFO ][o.e.p.PluginsService     ] [vVSVa5x] loaded module [tribe]
[2018-11-16T11:10:33,337][INFO ][o.e.p.PluginsService     ] [vVSVa5x] loaded module [x-pack-ccr]
[2018-11-16T11:10:33,337][INFO ][o.e.p.PluginsService     ] [vVSVa5x] loaded module [x-pack-core]
[2018-11-16T11:10:33,337][INFO ][o.e.p.PluginsService     ] [vVSVa5x] loaded module [x-pack-deprecation]
[2018-11-16T11:10:33,337][INFO ][o.e.p.PluginsService     ] [vVSVa5x] loaded module [x-pack-graph]
[2018-11-16T11:10:33,337][INFO ][o.e.p.PluginsService     ] [vVSVa5x] loaded module [x-pack-logstash]
[2018-11-16T11:10:33,337][INFO ][o.e.p.PluginsService     ] [vVSVa5x] loaded module [x-pack-ml]
[2018-11-16T11:10:33,337][INFO ][o.e.p.PluginsService     ] [vVSVa5x] loaded module [x-pack-monitoring]
[2018-11-16T11:10:33,338][INFO ][o.e.p.PluginsService     ] [vVSVa5x] loaded module [x-pack-rollup]
[2018-11-16T11:10:33,338][INFO ][o.e.p.PluginsService     ] [vVSVa5x] loaded module [x-pack-security]
[2018-11-16T11:10:33,338][INFO ][o.e.p.PluginsService     ] [vVSVa5x] loaded module [x-pack-sql]
[2018-11-16T11:10:33,338][INFO ][o.e.p.PluginsService     ] [vVSVa5x] loaded module [x-pack-upgrade]
[2018-11-16T11:10:33,338][INFO ][o.e.p.PluginsService     ] [vVSVa5x] loaded module [x-pack-watcher]
[2018-11-16T11:10:33,339][INFO ][o.e.p.PluginsService     ] [vVSVa5x] no plugins loaded
[2018-11-16T11:10:37,237][INFO ][o.e.x.s.a.s.FileRolesStore] [vVSVa5x] parsed [0] roles from file [/Users/hirt/Desktop/INSA/2018,2019/dossier sans titre/WS/Database/elasticsearch-6.5.0/config/roles.yml]
[2018-11-16T11:10:37,864][INFO ][o.e.x.m.j.p.l.CppLogMessageHandler] [vVSVa5x] [controller/33158] [Main.cc@109] controller (64 bit): Version 6.5.0 (Build 71882a589e5556) Copyright (c) 2018 Elasticsearch BV
[2018-11-16T11:10:38,314][DEBUG][o.e.a.ActionModule       ] [vVSVa5x] Using REST wrapper from plugin org.elasticsearch.xpack.security.Security
[2018-11-16T11:10:38,639][INFO ][o.e.d.DiscoveryModule    ] [vVSVa5x] using discovery type [zen] and host providers [settings]
[2018-11-16T11:10:39,512][INFO ][o.e.n.Node               ] [vVSVa5x] initialized
[2018-11-16T11:10:39,512][INFO ][o.e.n.Node               ] [vVSVa5x] starting ...
[2018-11-16T11:10:44,766][INFO ][o.e.t.TransportService   ] [vVSVa5x] publish_address {127.0.0.1:9300}, bound_addresses {[::1]:9300}, {127.0.0.1:9300}
[2018-11-16T11:10:47,851][INFO ][o.e.c.s.MasterService    ] [vVSVa5x] zen-disco-elected-as-master ([0] nodes joined), reason: new_master {vVSVa5x}{vVSVa5xtQjKaZFsLupITkQ}{3LMuDC88SIm9E4-gpomx6g}{127.0.0.1}{127.0.0.1:9300}{ml.machine_memory=8589934592, xpack.installed=true, ml.max_open_jobs=20, ml.enabled=true}
[2018-11-16T11:10:47,855][INFO ][o.e.c.s.ClusterApplierService] [vVSVa5x] new_master {vVSVa5x}{vVSVa5xtQjKaZFsLupITkQ}{3LMuDC88SIm9E4-gpomx6g}{127.0.0.1}{127.0.0.1:9300}{ml.machine_memory=8589934592, xpack.installed=true, ml.max_open_jobs=20, ml.enabled=true}, reason: apply cluster state (from master [master {vVSVa5x}{vVSVa5xtQjKaZFsLupITkQ}{3LMuDC88SIm9E4-gpomx6g}{127.0.0.1}{127.0.0.1:9300}{ml.machine_memory=8589934592, xpack.installed=true, ml.max_open_jobs=20, ml.enabled=true} committed version [1] source [zen-disco-elected-as-master ([0] nodes joined)]])
[2018-11-16T11:10:47,879][INFO ][o.e.x.s.t.n.SecurityNetty4HttpServerTransport] [vVSVa5x] publish_address {127.0.0.1:9200}, bound_addresses {[::1]:9200}, {127.0.0.1:9200}
[2018-11-16T11:10:47,879][INFO ][o.e.n.Node               ] [vVSVa5x] started
[2018-11-16T11:10:48,359][WARN ][o.e.x.s.a.s.m.NativeRoleMappingStore] [vVSVa5x] Failed to clear cache for realms [[]]
[2018-11-16T11:10:48,391][INFO ][o.e.l.LicenseService     ] [vVSVa5x] license [56f19332-2a18-4bd7-8e06-c1f8bbd4c2be] mode [basic] - valid
[2018-11-16T11:10:48,407][INFO ][o.e.g.GatewayService     ] [vVSVa5x] recovered [2] indices into cluster_state
[2018-11-16T11:10:48,867][INFO ][o.e.c.r.a.AllocationService] [vVSVa5x] Cluster health status changed from [RED] to [YELLOW] (reason: [shards started [[ws][4]] ...]).
[2018-11-16T11:47:11,433][INFO ][o.e.c.m.MetaDataMappingService] [vVSVa5x] [ws/_9y8RXQGSJ-wm6pu_M-huw] update_mapping [shows]
