[2018-11-16T09:01:13,174][WARN ][o.e.d.c.m.MetaDataCreateIndexService] [vVSVa5x] the default number of shards will change from [5] to [1] in 7.0.0; if you wish to continue using the default of [5] shards, you must manage this on the create index request or with an index template
[2018-11-16T09:01:31,498][WARN ][o.e.d.a.a.i.t.p.PutIndexTemplateRequest] [vVSVa5x] Deprecated field [template] used, replaced by [index_patterns]
[2018-11-16T09:01:31,509][WARN ][o.e.d.a.a.i.t.p.PutIndexTemplateRequest] [vVSVa5x] Deprecated field [template] used, replaced by [index_patterns]
[2018-11-16T09:01:47,191][WARN ][o.e.d.a.a.i.t.p.PutIndexTemplateRequest] [vVSVa5x] Deprecated field [template] used, replaced by [index_patterns]
[2018-11-16T09:02:13,855][WARN ][o.e.d.a.a.i.t.p.PutIndexTemplateRequest] [vVSVa5x] Deprecated field [template] used, replaced by [index_patterns]
[2018-11-16T09:02:14,368][WARN ][o.e.d.a.a.i.t.p.PutIndexTemplateRequest] [vVSVa5x] Deprecated field [template] used, replaced by [index_patterns]
[2018-11-16T09:02:15,675][WARN ][o.e.d.a.a.i.t.p.PutIndexTemplateRequest] [vVSVa5x] Deprecated field [template] used, replaced by [index_patterns]
[2018-11-16T09:02:33,218][WARN ][o.e.d.a.a.i.t.p.PutIndexTemplateRequest] [vVSVa5x] Deprecated field [template] used, replaced by [index_patterns]
[2018-11-16T09:03:38,672][WARN ][o.e.d.a.a.i.t.p.PutIndexTemplateRequest] [vVSVa5x] Deprecated field [template] used, replaced by [index_patterns]
[2018-11-17T11:52:45,094][WARN ][o.e.d.a.a.i.t.p.PutIndexTemplateRequest] [vVSVa5x] Deprecated field [template] used, replaced by [index_patterns]
[2018-11-17T11:52:45,127][WARN ][o.e.d.a.a.i.t.p.PutIndexTemplateRequest] [vVSVa5x] Deprecated field [template] used, replaced by [index_patterns]
[2018-11-17T11:52:45,501][WARN ][o.e.d.a.a.i.t.p.PutIndexTemplateRequest] [vVSVa5x] Deprecated field [template] used, replaced by [index_patterns]
[2018-11-17T11:52:47,571][WARN ][o.e.d.a.a.i.t.p.PutIndexTemplateRequest] [vVSVa5x] Deprecated field [template] used, replaced by [index_patterns]
[2018-11-17T11:56:35,314][WARN ][o.e.d.a.a.i.t.p.PutIndexTemplateRequest] [vVSVa5x] Deprecated field [template] used, replaced by [index_patterns]
[2018-11-17T14:01:44,259][WARN ][o.e.d.a.a.i.t.p.PutIndexTemplateRequest] [vVSVa5x] Deprecated field [template] used, replaced by [index_patterns]
[2018-11-17T14:03:30,774][WARN ][o.e.d.a.a.i.t.p.PutIndexTemplateRequest] [vVSVa5x] Deprecated field [template] used, replaced by [index_patterns]
[2018-11-17T14:03:33,957][WARN ][o.e.d.a.a.i.t.p.PutIndexTemplateRequest] [vVSVa5x] Deprecated field [template] used, replaced by [index_patterns]
[2018-11-17T14:03:42,199][WARN ][o.e.d.a.a.i.t.p.PutIndexTemplateRequest] [vVSVa5x] Deprecated field [template] used, replaced by [index_patterns]
[2018-11-17T14:03:42,200][WARN ][o.e.d.a.a.i.t.p.PutIndexTemplateRequest] [vVSVa5x] Deprecated field [template] used, replaced by [index_patterns]
[2018-11-17T14:04:20,794][WARN ][o.e.d.a.a.i.t.p.PutIndexTemplateRequest] [vVSVa5x] Deprecated field [template] used, replaced by [index_patterns]
[2018-11-17T14:04:20,866][WARN ][o.e.d.a.a.i.t.p.PutIndexTemplateRequest] [vVSVa5x] Deprecated field [template] used, replaced by [index_patterns]
[2018-11-17T14:04:22,093][WARN ][o.e.d.a.a.i.t.p.PutIndexTemplateRequest] [vVSVa5x] Deprecated field [template] used, replaced by [index_patterns]
[2018-11-17T14:25:28,857][WARN ][o.e.d.a.a.i.t.p.PutIndexTemplateRequest] [vVSVa5x] Deprecated field [template] used, replaced by [index_patterns]
[2018-11-17T14:25:32,396][WARN ][o.e.d.a.a.i.t.p.PutIndexTemplateRequest] [vVSVa5x] Deprecated field [template] used, replaced by [index_patterns]
[2018-11-17T14:25:32,400][WARN ][o.e.d.a.a.i.t.p.PutIndexTemplateRequest] [vVSVa5x] Deprecated field [template] used, replaced by [index_patterns]
[2018-11-17T14:25:42,010][WARN ][o.e.d.a.a.i.t.p.PutIndexTemplateRequest] [vVSVa5x] Deprecated field [template] used, replaced by [index_patterns]
[2018-11-17T14:25:42,271][WARN ][o.e.d.a.a.i.t.p.PutIndexTemplateRequest] [vVSVa5x] Deprecated field [template] used, replaced by [index_patterns]
[2018-11-17T14:25:43,481][WARN ][o.e.d.a.a.i.t.p.PutIndexTemplateRequest] [vVSVa5x] Deprecated field [template] used, replaced by [index_patterns]
[2018-11-17T14:46:09,472][WARN ][o.e.d.a.a.i.t.p.PutIndexTemplateRequest] [vVSVa5x] Deprecated field [template] used, replaced by [index_patterns]
[2018-11-17T14:46:09,474][WARN ][o.e.d.a.a.i.t.p.PutIndexTemplateRequest] [vVSVa5x] Deprecated field [template] used, replaced by [index_patterns]
[2018-11-17T14:46:24,591][WARN ][o.e.d.a.a.i.t.p.PutIndexTemplateRequest] [vVSVa5x] Deprecated field [template] used, replaced by [index_patterns]
[2018-11-17T14:46:25,582][WARN ][o.e.d.a.a.i.t.p.PutIndexTemplateRequest] [vVSVa5x] Deprecated field [template] used, replaced by [index_patterns]
[2018-11-17T14:46:26,811][WARN ][o.e.d.a.a.i.t.p.PutIndexTemplateRequest] [vVSVa5x] Deprecated field [template] used, replaced by [index_patterns]
[2018-11-17T15:44:20,429][WARN ][o.e.d.a.a.i.t.p.PutIndexTemplateRequest] [vVSVa5x] Deprecated field [template] used, replaced by [index_patterns]
[2018-11-22T18:37:03,441][WARN ][o.e.d.c.m.MetaDataCreateIndexService] [gq4e9Ne] the default number of shards will change from [5] to [1] in 7.0.0; if you wish to continue using the default of [5] shards, you must manage this on the create index request or with an index template
[2018-11-22T18:58:28,111][WARN ][o.e.d.a.a.i.t.p.PutIndexTemplateRequest] [gq4e9Ne] Deprecated field [template] used, replaced by [index_patterns]
[2018-11-22T18:58:29,237][WARN ][o.e.d.a.a.i.t.p.PutIndexTemplateRequest] [gq4e9Ne] Deprecated field [template] used, replaced by [index_patterns]
[2018-11-22T18:58:29,276][WARN ][o.e.d.a.a.i.t.p.PutIndexTemplateRequest] [gq4e9Ne] Deprecated field [template] used, replaced by [index_patterns]
[2018-11-22T18:58:30,188][WARN ][o.e.d.a.a.i.t.p.PutIndexTemplateRequest] [gq4e9Ne] Deprecated field [template] used, replaced by [index_patterns]
[2018-11-22T18:58:31,549][WARN ][o.e.d.a.a.i.t.p.PutIndexTemplateRequest] [gq4e9Ne] Deprecated field [template] used, replaced by [index_patterns]
[2018-11-22T19:52:57,092][WARN ][o.e.d.c.m.MetaDataCreateIndexService] [zzQkxWB] the default number of shards will change from [5] to [1] in 7.0.0; if you wish to continue using the default of [5] shards, you must manage this on the create index request or with an index template
