[2018-11-16T08:18:53,637][INFO ][o.e.n.Node               ] [vf-za_P] stopping ...
[2018-11-16T08:18:53,604][INFO ][o.e.x.m.j.p.NativeController] Native controller process has stopped - no new native processes can be started
[2018-11-16T08:18:53,688][INFO ][o.e.x.w.WatcherService   ] [vf-za_P] stopping watch service, reason [shutdown initiated]
[2018-11-16T08:18:53,845][INFO ][o.e.n.Node               ] [vf-za_P] stopped
[2018-11-16T08:18:53,846][INFO ][o.e.n.Node               ] [vf-za_P] closing ...
[2018-11-16T08:18:53,893][INFO ][o.e.n.Node               ] [vf-za_P] closed
[2018-11-16T08:19:07,166][INFO ][o.e.n.Node               ] [] initializing ...
[2018-11-16T08:19:07,283][INFO ][o.e.e.NodeEnvironment    ] [vf-za_P] using [1] data paths, mounts [[/ (/dev/disk1s1)]], net usable_space [53.9gb], net total_space [112.7gb], types [apfs]
[2018-11-16T08:19:07,283][INFO ][o.e.e.NodeEnvironment    ] [vf-za_P] heap size [990.7mb], compressed ordinary object pointers [true]
[2018-11-16T08:19:07,324][INFO ][o.e.n.Node               ] [vf-za_P] node name derived from node ID [vf-za_PTQGeJZP1i0ynoQg]; set [node.name] to override
[2018-11-16T08:19:07,325][INFO ][o.e.n.Node               ] [vf-za_P] version[6.4.3], pid[26139], build[default/tar/fe40335/2018-10-30T23:17:19.084789Z], OS[Mac OS X/10.14/x86_64], JVM["Oracle Corporation"/Java HotSpot(TM) 64-Bit Server VM/10.0.2/10.0.2+13]
[2018-11-16T08:19:07,325][INFO ][o.e.n.Node               ] [vf-za_P] JVM arguments [-Xms1g, -Xmx1g, -XX:+UseConcMarkSweepGC, -XX:CMSInitiatingOccupancyFraction=75, -XX:+UseCMSInitiatingOccupancyOnly, -XX:+AlwaysPreTouch, -Xss1m, -Djava.awt.headless=true, -Dfile.encoding=UTF-8, -Djna.nosys=true, -XX:-OmitStackTraceInFastThrow, -Dio.netty.noUnsafe=true, -Dio.netty.noKeySetOptimization=true, -Dio.netty.recycler.maxCapacityPerThread=0, -Dlog4j.shutdownHookEnabled=false, -Dlog4j2.disable.jmx=true, -Djava.io.tmpdir=/var/folders/cw/z5mq6b3d5gxg328jfr8gskwr0000gn/T/elasticsearch.DcH7BT01, -XX:+HeapDumpOnOutOfMemoryError, -XX:HeapDumpPath=data, -XX:ErrorFile=logs/hs_err_pid%p.log, -Xlog:gc*,gc+age=trace,safepoint:file=logs/gc.log:utctime,pid,tags:filecount=32,filesize=64m, -Djava.locale.providers=COMPAT, -XX:UseAVX=2, -Des.path.home=/Users/hirt/Desktop/INSA/2018,2019/WS/Server/elasticsearch-6.4.3, -Des.path.conf=/Users/hirt/Desktop/INSA/2018,2019/WS/Server/elasticsearch-6.4.3/config, -Des.distribution.flavor=default, -Des.distribution.type=tar]
[2018-11-16T08:19:09,481][INFO ][o.e.p.PluginsService     ] [vf-za_P] loaded module [aggs-matrix-stats]
[2018-11-16T08:19:09,481][INFO ][o.e.p.PluginsService     ] [vf-za_P] loaded module [analysis-common]
[2018-11-16T08:19:09,482][INFO ][o.e.p.PluginsService     ] [vf-za_P] loaded module [ingest-common]
[2018-11-16T08:19:09,482][INFO ][o.e.p.PluginsService     ] [vf-za_P] loaded module [lang-expression]
[2018-11-16T08:19:09,482][INFO ][o.e.p.PluginsService     ] [vf-za_P] loaded module [lang-mustache]
[2018-11-16T08:19:09,482][INFO ][o.e.p.PluginsService     ] [vf-za_P] loaded module [lang-painless]
[2018-11-16T08:19:09,483][INFO ][o.e.p.PluginsService     ] [vf-za_P] loaded module [mapper-extras]
[2018-11-16T08:19:09,483][INFO ][o.e.p.PluginsService     ] [vf-za_P] loaded module [parent-join]
[2018-11-16T08:19:09,483][INFO ][o.e.p.PluginsService     ] [vf-za_P] loaded module [percolator]
[2018-11-16T08:19:09,484][INFO ][o.e.p.PluginsService     ] [vf-za_P] loaded module [rank-eval]
[2018-11-16T08:19:09,484][INFO ][o.e.p.PluginsService     ] [vf-za_P] loaded module [reindex]
[2018-11-16T08:19:09,484][INFO ][o.e.p.PluginsService     ] [vf-za_P] loaded module [repository-url]
[2018-11-16T08:19:09,484][INFO ][o.e.p.PluginsService     ] [vf-za_P] loaded module [transport-netty4]
[2018-11-16T08:19:09,484][INFO ][o.e.p.PluginsService     ] [vf-za_P] loaded module [tribe]
[2018-11-16T08:19:09,485][INFO ][o.e.p.PluginsService     ] [vf-za_P] loaded module [x-pack-core]
[2018-11-16T08:19:09,485][INFO ][o.e.p.PluginsService     ] [vf-za_P] loaded module [x-pack-deprecation]
[2018-11-16T08:19:09,485][INFO ][o.e.p.PluginsService     ] [vf-za_P] loaded module [x-pack-graph]
[2018-11-16T08:19:09,485][INFO ][o.e.p.PluginsService     ] [vf-za_P] loaded module [x-pack-logstash]
[2018-11-16T08:19:09,485][INFO ][o.e.p.PluginsService     ] [vf-za_P] loaded module [x-pack-ml]
[2018-11-16T08:19:09,486][INFO ][o.e.p.PluginsService     ] [vf-za_P] loaded module [x-pack-monitoring]
[2018-11-16T08:19:09,486][INFO ][o.e.p.PluginsService     ] [vf-za_P] loaded module [x-pack-rollup]
[2018-11-16T08:19:09,486][INFO ][o.e.p.PluginsService     ] [vf-za_P] loaded module [x-pack-security]
[2018-11-16T08:19:09,487][INFO ][o.e.p.PluginsService     ] [vf-za_P] loaded module [x-pack-sql]
[2018-11-16T08:19:09,487][INFO ][o.e.p.PluginsService     ] [vf-za_P] loaded module [x-pack-upgrade]
[2018-11-16T08:19:09,488][INFO ][o.e.p.PluginsService     ] [vf-za_P] loaded module [x-pack-watcher]
[2018-11-16T08:19:09,488][INFO ][o.e.p.PluginsService     ] [vf-za_P] no plugins loaded
[2018-11-16T08:19:13,569][INFO ][o.e.x.s.a.s.FileRolesStore] [vf-za_P] parsed [0] roles from file [/Users/hirt/Desktop/INSA/2018,2019/WS/Server/elasticsearch-6.4.3/config/roles.yml]
[2018-11-16T08:19:14,270][INFO ][o.e.x.m.j.p.l.CppLogMessageHandler] [controller/26166] [Main.cc@109] controller (64 bit): Version 6.4.3 (Build 7a0781676dd492) Copyright (c) 2018 Elasticsearch BV
[2018-11-16T08:19:14,721][DEBUG][o.e.a.ActionModule       ] Using REST wrapper from plugin org.elasticsearch.xpack.security.Security
[2018-11-16T08:19:15,028][INFO ][o.e.d.DiscoveryModule    ] [vf-za_P] using discovery type [zen]
[2018-11-16T08:19:15,778][INFO ][o.e.n.Node               ] [vf-za_P] initialized
[2018-11-16T08:19:15,779][INFO ][o.e.n.Node               ] [vf-za_P] starting ...
[2018-11-16T08:19:20,988][INFO ][o.e.t.TransportService   ] [vf-za_P] publish_address {127.0.0.1:9300}, bound_addresses {[::1]:9300}, {127.0.0.1:9300}
[2018-11-16T08:19:24,203][INFO ][o.e.c.s.MasterService    ] [vf-za_P] zen-disco-elected-as-master ([0] nodes joined)[, ], reason: new_master {vf-za_P}{vf-za_PTQGeJZP1i0ynoQg}{-qmryyVlTMa3slXi6MDWYg}{127.0.0.1}{127.0.0.1:9300}{ml.machine_memory=8589934592, xpack.installed=true, ml.max_open_jobs=20, ml.enabled=true}
[2018-11-16T08:19:24,213][INFO ][o.e.c.s.ClusterApplierService] [vf-za_P] new_master {vf-za_P}{vf-za_PTQGeJZP1i0ynoQg}{-qmryyVlTMa3slXi6MDWYg}{127.0.0.1}{127.0.0.1:9300}{ml.machine_memory=8589934592, xpack.installed=true, ml.max_open_jobs=20, ml.enabled=true}, reason: apply cluster state (from master [master {vf-za_P}{vf-za_PTQGeJZP1i0ynoQg}{-qmryyVlTMa3slXi6MDWYg}{127.0.0.1}{127.0.0.1:9300}{ml.machine_memory=8589934592, xpack.installed=true, ml.max_open_jobs=20, ml.enabled=true} committed version [1] source [zen-disco-elected-as-master ([0] nodes joined)[, ]]])
[2018-11-16T08:19:24,296][INFO ][o.e.x.s.t.n.SecurityNetty4HttpServerTransport] [vf-za_P] publish_address {127.0.0.1:9200}, bound_addresses {[::1]:9200}, {127.0.0.1:9200}
[2018-11-16T08:19:24,297][INFO ][o.e.n.Node               ] [vf-za_P] started
[2018-11-16T08:19:24,894][WARN ][o.e.x.s.a.s.m.NativeRoleMappingStore] [vf-za_P] Failed to clear cache for realms [[]]
[2018-11-16T08:19:24,950][INFO ][o.e.l.LicenseService     ] [vf-za_P] license [978472d0-542a-403d-af4f-c5ab531122a6] mode [basic] - valid
[2018-11-16T08:19:24,972][INFO ][o.e.g.GatewayService     ] [vf-za_P] recovered [2] indices into cluster_state
[2018-11-16T08:19:25,332][WARN ][r.suppressed             ] path: /.kibana/doc/config%3A6.4.3, params: {index=.kibana, id=config:6.4.3, type=doc}
org.elasticsearch.action.NoShardAvailableActionException: No shard available for [get [.kibana][doc][config:6.4.3]: routing [null]]
	at org.elasticsearch.action.support.single.shard.TransportSingleShardAction$AsyncSingleAction.perform(TransportSingleShardAction.java:207) [elasticsearch-6.4.3.jar:6.4.3]
	at org.elasticsearch.action.support.single.shard.TransportSingleShardAction$AsyncSingleAction.onFailure(TransportSingleShardAction.java:194) [elasticsearch-6.4.3.jar:6.4.3]
	at org.elasticsearch.action.support.single.shard.TransportSingleShardAction$AsyncSingleAction.access$1100(TransportSingleShardAction.java:123) [elasticsearch-6.4.3.jar:6.4.3]
	at org.elasticsearch.action.support.single.shard.TransportSingleShardAction$AsyncSingleAction$2.handleException(TransportSingleShardAction.java:246) [elasticsearch-6.4.3.jar:6.4.3]
	at org.elasticsearch.transport.TransportService$ContextRestoreResponseHandler.handleException(TransportService.java:1068) [elasticsearch-6.4.3.jar:6.4.3]
	at org.elasticsearch.transport.TransportService$DirectResponseChannel.processException(TransportService.java:1165) [elasticsearch-6.4.3.jar:6.4.3]
	at org.elasticsearch.transport.TransportService$DirectResponseChannel.sendResponse(TransportService.java:1149) [elasticsearch-6.4.3.jar:6.4.3]
	at org.elasticsearch.transport.TaskTransportChannel.sendResponse(TaskTransportChannel.java:66) [elasticsearch-6.4.3.jar:6.4.3]
	at org.elasticsearch.xpack.security.transport.SecurityServerTransportInterceptor$ProfileSecuredRequestHandler$1.onFailure(SecurityServerTransportInterceptor.java:242) [x-pack-security-6.4.3.jar:6.4.3]
	at org.elasticsearch.common.util.concurrent.AbstractRunnable.run(AbstractRunnable.java:39) [elasticsearch-6.4.3.jar:6.4.3]
	at org.elasticsearch.xpack.security.transport.SecurityServerTransportInterceptor$ProfileSecuredRequestHandler.messageReceived(SecurityServerTransportInterceptor.java:309) [x-pack-security-6.4.3.jar:6.4.3]
	at org.elasticsearch.transport.RequestHandlerRegistry.processMessageReceived(RequestHandlerRegistry.java:66) [elasticsearch-6.4.3.jar:6.4.3]
	at org.elasticsearch.transport.TransportService$7.doRun(TransportService.java:665) [elasticsearch-6.4.3.jar:6.4.3]
	at org.elasticsearch.common.util.concurrent.ThreadContext$ContextPreservingAbstractRunnable.doRun(ThreadContext.java:723) [elasticsearch-6.4.3.jar:6.4.3]
	at org.elasticsearch.common.util.concurrent.AbstractRunnable.run(AbstractRunnable.java:37) [elasticsearch-6.4.3.jar:6.4.3]
	at java.util.concurrent.ThreadPoolExecutor.runWorker(ThreadPoolExecutor.java:1135) [?:?]
	at java.util.concurrent.ThreadPoolExecutor$Worker.run(ThreadPoolExecutor.java:635) [?:?]
	at java.lang.Thread.run(Thread.java:844) [?:?]
Caused by: org.elasticsearch.transport.RemoteTransportException: [vf-za_P][127.0.0.1:9300][indices:data/read/get[s]]
Caused by: org.elasticsearch.index.shard.IllegalIndexShardStateException: CurrentState[RECOVERING] operations only allowed when shard state is one of [POST_RECOVERY, STARTED]
	at org.elasticsearch.index.shard.IndexShard.readAllowed(IndexShard.java:1466) ~[elasticsearch-6.4.3.jar:6.4.3]
	at org.elasticsearch.index.shard.IndexShard.get(IndexShard.java:868) ~[elasticsearch-6.4.3.jar:6.4.3]
	at org.elasticsearch.index.get.ShardGetService.innerGet(ShardGetService.java:165) ~[elasticsearch-6.4.3.jar:6.4.3]
	at org.elasticsearch.index.get.ShardGetService.get(ShardGetService.java:87) ~[elasticsearch-6.4.3.jar:6.4.3]
	at org.elasticsearch.index.get.ShardGetService.get(ShardGetService.java:79) ~[elasticsearch-6.4.3.jar:6.4.3]
	at org.elasticsearch.action.get.TransportGetAction.shardOperation(TransportGetAction.java:87) ~[elasticsearch-6.4.3.jar:6.4.3]
	at org.elasticsearch.action.get.TransportGetAction.shardOperation(TransportGetAction.java:43) ~[elasticsearch-6.4.3.jar:6.4.3]
	at org.elasticsearch.action.support.single.shard.TransportSingleShardAction$ShardTransportHandler.messageReceived(TransportSingleShardAction.java:287) ~[elasticsearch-6.4.3.jar:6.4.3]
	at org.elasticsearch.action.support.single.shard.TransportSingleShardAction$ShardTransportHandler.messageReceived(TransportSingleShardAction.java:280) ~[elasticsearch-6.4.3.jar:6.4.3]
	at org.elasticsearch.transport.TransportRequestHandler.messageReceived(TransportRequestHandler.java:30) ~[elasticsearch-6.4.3.jar:6.4.3]
	at org.elasticsearch.xpack.security.transport.SecurityServerTransportInterceptor$ProfileSecuredRequestHandler$1.doRun(SecurityServerTransportInterceptor.java:251) ~[?:?]
	at org.elasticsearch.common.util.concurrent.AbstractRunnable.run(AbstractRunnable.java:37) ~[elasticsearch-6.4.3.jar:6.4.3]
	... 8 more
[2018-11-16T08:19:25,371][DEBUG][o.e.a.s.TransportSearchAction] [vf-za_P] All shards failed for phase: [query]
[2018-11-16T08:19:25,372][WARN ][r.suppressed             ] path: /.kibana/_search, params: {ignore_unavailable=true, index=.kibana, filter_path=aggregations.types.buckets}
org.elasticsearch.action.search.SearchPhaseExecutionException: all shards failed
	at org.elasticsearch.action.search.AbstractSearchAsyncAction.onPhaseFailure(AbstractSearchAsyncAction.java:293) [elasticsearch-6.4.3.jar:6.4.3]
	at org.elasticsearch.action.search.AbstractSearchAsyncAction.executeNextPhase(AbstractSearchAsyncAction.java:133) [elasticsearch-6.4.3.jar:6.4.3]
	at org.elasticsearch.action.search.AbstractSearchAsyncAction.onPhaseDone(AbstractSearchAsyncAction.java:254) [elasticsearch-6.4.3.jar:6.4.3]
	at org.elasticsearch.action.search.InitialSearchPhase.onShardFailure(InitialSearchPhase.java:101) [elasticsearch-6.4.3.jar:6.4.3]
	at org.elasticsearch.action.search.InitialSearchPhase.access$100(InitialSearchPhase.java:48) [elasticsearch-6.4.3.jar:6.4.3]
	at org.elasticsearch.action.search.InitialSearchPhase$2.lambda$onFailure$1(InitialSearchPhase.java:222) [elasticsearch-6.4.3.jar:6.4.3]
	at org.elasticsearch.action.search.InitialSearchPhase.maybeFork(InitialSearchPhase.java:176) [elasticsearch-6.4.3.jar:6.4.3]
	at org.elasticsearch.action.search.InitialSearchPhase.access$000(InitialSearchPhase.java:48) [elasticsearch-6.4.3.jar:6.4.3]
	at org.elasticsearch.action.search.InitialSearchPhase$2.onFailure(InitialSearchPhase.java:222) [elasticsearch-6.4.3.jar:6.4.3]
	at org.elasticsearch.action.search.SearchExecutionStatsCollector.onFailure(SearchExecutionStatsCollector.java:73) [elasticsearch-6.4.3.jar:6.4.3]
	at org.elasticsearch.action.ActionListenerResponseHandler.handleException(ActionListenerResponseHandler.java:51) [elasticsearch-6.4.3.jar:6.4.3]
	at org.elasticsearch.action.search.SearchTransportService$ConnectionCountingHandler.handleException(SearchTransportService.java:526) [elasticsearch-6.4.3.jar:6.4.3]
	at org.elasticsearch.transport.TransportService$ContextRestoreResponseHandler.handleException(TransportService.java:1068) [elasticsearch-6.4.3.jar:6.4.3]
	at org.elasticsearch.transport.TransportService$DirectResponseChannel.processException(TransportService.java:1165) [elasticsearch-6.4.3.jar:6.4.3]
	at org.elasticsearch.transport.TransportService$DirectResponseChannel.sendResponse(TransportService.java:1149) [elasticsearch-6.4.3.jar:6.4.3]
	at org.elasticsearch.transport.TaskTransportChannel.sendResponse(TaskTransportChannel.java:66) [elasticsearch-6.4.3.jar:6.4.3]
	at org.elasticsearch.action.search.SearchTransportService$6$1.onFailure(SearchTransportService.java:384) [elasticsearch-6.4.3.jar:6.4.3]
	at org.elasticsearch.search.SearchService$2.onFailure(SearchService.java:341) [elasticsearch-6.4.3.jar:6.4.3]
	at org.elasticsearch.search.SearchService$2.onResponse(SearchService.java:335) [elasticsearch-6.4.3.jar:6.4.3]
	at org.elasticsearch.search.SearchService$2.onResponse(SearchService.java:329) [elasticsearch-6.4.3.jar:6.4.3]
	at org.elasticsearch.search.SearchService$3.doRun(SearchService.java:1019) [elasticsearch-6.4.3.jar:6.4.3]
	at org.elasticsearch.common.util.concurrent.ThreadContext$ContextPreservingAbstractRunnable.doRun(ThreadContext.java:723) [elasticsearch-6.4.3.jar:6.4.3]
	at org.elasticsearch.common.util.concurrent.AbstractRunnable.run(AbstractRunnable.java:37) [elasticsearch-6.4.3.jar:6.4.3]
	at org.elasticsearch.common.util.concurrent.TimedRunnable.doRun(TimedRunnable.java:41) [elasticsearch-6.4.3.jar:6.4.3]
	at org.elasticsearch.common.util.concurrent.AbstractRunnable.run(AbstractRunnable.java:37) [elasticsearch-6.4.3.jar:6.4.3]
	at java.util.concurrent.ThreadPoolExecutor.runWorker(ThreadPoolExecutor.java:1135) [?:?]
	at java.util.concurrent.ThreadPoolExecutor$Worker.run(ThreadPoolExecutor.java:635) [?:?]
	at java.lang.Thread.run(Thread.java:844) [?:?]
[2018-11-16T08:19:25,803][INFO ][o.e.c.r.a.AllocationService] [vf-za_P] Cluster health status changed from [RED] to [YELLOW] (reason: [shards started [[ws][4]] ...]).
[2018-11-16T09:01:13,991][INFO ][o.e.x.s.a.f.FileUserPasswdStore] [vf-za_P] users file [/Users/hirt/Desktop/INSA/2018,2019/WS/Server/elasticsearch-6.4.3/config/users] changed. updating users... )
[2018-11-16T09:01:13,997][INFO ][o.e.x.s.a.f.FileUserRolesStore] [vf-za_P] users roles file [/Users/hirt/Desktop/INSA/2018,2019/WS/Server/elasticsearch-6.4.3/config/users_roles] changed. updating users roles...
[2018-11-16T09:01:13,999][INFO ][o.e.x.s.a.s.FileRolesStore] [vf-za_P] updated roles (roles file [/Users/hirt/Desktop/INSA/2018,2019/WS/Server/elasticsearch-6.4.3/config/roles.yml] removed)
[2018-11-16T09:01:24,799][WARN ][o.e.e.NodeEnvironment    ] [vf-za_P] lock assertion failed
java.nio.file.NoSuchFileException: /Users/hirt/Desktop/INSA/2018,2019/WS/Server/elasticsearch-6.4.3/data/nodes/0/node.lock
	at sun.nio.fs.UnixException.translateToIOException(UnixException.java:92) ~[?:?]
	at sun.nio.fs.UnixException.rethrowAsIOException(UnixException.java:111) ~[?:?]
	at sun.nio.fs.UnixException.rethrowAsIOException(UnixException.java:116) ~[?:?]
	at sun.nio.fs.UnixFileAttributeViews$Basic.readAttributes(UnixFileAttributeViews.java:55) ~[?:?]
	at sun.nio.fs.UnixFileSystemProvider.readAttributes(UnixFileSystemProvider.java:145) ~[?:?]
	at java.nio.file.Files.readAttributes(Files.java:1755) ~[?:?]
	at org.apache.lucene.store.NativeFSLockFactory$NativeFSLock.ensureValid(NativeFSLockFactory.java:189) ~[lucene-core-7.4.0.jar:7.4.0 9060ac689c270b02143f375de0348b7f626adebc - jpountz - 2018-06-18 16:51:45]
	at org.elasticsearch.env.NodeEnvironment.assertEnvIsLocked(NodeEnvironment.java:937) [elasticsearch-6.4.3.jar:6.4.3]
	at org.elasticsearch.env.NodeEnvironment.nodePaths(NodeEnvironment.java:739) [elasticsearch-6.4.3.jar:6.4.3]
	at org.elasticsearch.monitor.fs.FsProbe.stats(FsProbe.java:57) [elasticsearch-6.4.3.jar:6.4.3]
	at org.elasticsearch.monitor.fs.FsService.stats(FsService.java:65) [elasticsearch-6.4.3.jar:6.4.3]
	at org.elasticsearch.monitor.fs.FsService.access$300(FsService.java:36) [elasticsearch-6.4.3.jar:6.4.3]
	at org.elasticsearch.monitor.fs.FsService$FsInfoCache.refresh(FsService.java:83) [elasticsearch-6.4.3.jar:6.4.3]
	at org.elasticsearch.monitor.fs.FsService$FsInfoCache.refresh(FsService.java:72) [elasticsearch-6.4.3.jar:6.4.3]
	at org.elasticsearch.common.util.SingleObjectCache.getOrRefresh(SingleObjectCache.java:54) [elasticsearch-6.4.3.jar:6.4.3]
	at org.elasticsearch.monitor.fs.FsService.stats(FsService.java:60) [elasticsearch-6.4.3.jar:6.4.3]
	at org.elasticsearch.node.NodeService.stats(NodeService.java:117) [elasticsearch-6.4.3.jar:6.4.3]
	at org.elasticsearch.action.admin.cluster.node.stats.TransportNodesStatsAction.nodeOperation(TransportNodesStatsAction.java:74) [elasticsearch-6.4.3.jar:6.4.3]
	at org.elasticsearch.action.admin.cluster.node.stats.TransportNodesStatsAction.nodeOperation(TransportNodesStatsAction.java:39) [elasticsearch-6.4.3.jar:6.4.3]
	at org.elasticsearch.action.support.nodes.TransportNodesAction.nodeOperation(TransportNodesAction.java:140) [elasticsearch-6.4.3.jar:6.4.3]
	at org.elasticsearch.action.support.nodes.TransportNodesAction$NodeTransportHandler.messageReceived(TransportNodesAction.java:260) [elasticsearch-6.4.3.jar:6.4.3]
	at org.elasticsearch.action.support.nodes.TransportNodesAction$NodeTransportHandler.messageReceived(TransportNodesAction.java:256) [elasticsearch-6.4.3.jar:6.4.3]
	at org.elasticsearch.xpack.security.transport.SecurityServerTransportInterceptor$ProfileSecuredRequestHandler$1.doRun(SecurityServerTransportInterceptor.java:251) [x-pack-security-6.4.3.jar:6.4.3]
	at org.elasticsearch.common.util.concurrent.AbstractRunnable.run(AbstractRunnable.java:37) [elasticsearch-6.4.3.jar:6.4.3]
	at org.elasticsearch.xpack.security.transport.SecurityServerTransportInterceptor$ProfileSecuredRequestHandler.messageReceived(SecurityServerTransportInterceptor.java:309) [x-pack-security-6.4.3.jar:6.4.3]
	at org.elasticsearch.transport.RequestHandlerRegistry.processMessageReceived(RequestHandlerRegistry.java:66) [elasticsearch-6.4.3.jar:6.4.3]
	at org.elasticsearch.transport.TransportService$7.doRun(TransportService.java:665) [elasticsearch-6.4.3.jar:6.4.3]
	at org.elasticsearch.common.util.concurrent.ThreadContext$ContextPreservingAbstractRunnable.doRun(ThreadContext.java:723) [elasticsearch-6.4.3.jar:6.4.3]
	at org.elasticsearch.common.util.concurrent.AbstractRunnable.run(AbstractRunnable.java:37) [elasticsearch-6.4.3.jar:6.4.3]
	at java.util.concurrent.ThreadPoolExecutor.runWorker(ThreadPoolExecutor.java:1135) [?:?]
	at java.util.concurrent.ThreadPoolExecutor$Worker.run(ThreadPoolExecutor.java:635) [?:?]
	at java.lang.Thread.run(Thread.java:844) [?:?]
[2018-11-16T09:01:24,806][DEBUG][o.e.a.a.c.n.s.TransportNodesStatsAction] [vf-za_P] failed to execute on node [vf-za_PTQGeJZP1i0ynoQg]
org.elasticsearch.transport.RemoteTransportException: [vf-za_P][127.0.0.1:9300][cluster:monitor/nodes/stats[n]]
Caused by: java.lang.IllegalStateException: environment is not locked
	at org.elasticsearch.env.NodeEnvironment.assertEnvIsLocked(NodeEnvironment.java:940) ~[elasticsearch-6.4.3.jar:6.4.3]
	at org.elasticsearch.env.NodeEnvironment.nodePaths(NodeEnvironment.java:739) ~[elasticsearch-6.4.3.jar:6.4.3]
	at org.elasticsearch.monitor.fs.FsProbe.stats(FsProbe.java:57) ~[elasticsearch-6.4.3.jar:6.4.3]
	at org.elasticsearch.monitor.fs.FsService.stats(FsService.java:65) ~[elasticsearch-6.4.3.jar:6.4.3]
	at org.elasticsearch.monitor.fs.FsService.access$300(FsService.java:36) ~[elasticsearch-6.4.3.jar:6.4.3]
	at org.elasticsearch.monitor.fs.FsService$FsInfoCache.refresh(FsService.java:83) ~[elasticsearch-6.4.3.jar:6.4.3]
	at org.elasticsearch.monitor.fs.FsService$FsInfoCache.refresh(FsService.java:72) ~[elasticsearch-6.4.3.jar:6.4.3]
	at org.elasticsearch.common.util.SingleObjectCache.getOrRefresh(SingleObjectCache.java:54) ~[elasticsearch-6.4.3.jar:6.4.3]
	at org.elasticsearch.monitor.fs.FsService.stats(FsService.java:60) ~[elasticsearch-6.4.3.jar:6.4.3]
	at org.elasticsearch.node.NodeService.stats(NodeService.java:117) ~[elasticsearch-6.4.3.jar:6.4.3]
	at org.elasticsearch.action.admin.cluster.node.stats.TransportNodesStatsAction.nodeOperation(TransportNodesStatsAction.java:74) ~[elasticsearch-6.4.3.jar:6.4.3]
	at org.elasticsearch.action.admin.cluster.node.stats.TransportNodesStatsAction.nodeOperation(TransportNodesStatsAction.java:39) ~[elasticsearch-6.4.3.jar:6.4.3]
	at org.elasticsearch.action.support.nodes.TransportNodesAction.nodeOperation(TransportNodesAction.java:140) ~[elasticsearch-6.4.3.jar:6.4.3]
	at org.elasticsearch.action.support.nodes.TransportNodesAction$NodeTransportHandler.messageReceived(TransportNodesAction.java:260) ~[elasticsearch-6.4.3.jar:6.4.3]
	at org.elasticsearch.action.support.nodes.TransportNodesAction$NodeTransportHandler.messageReceived(TransportNodesAction.java:256) ~[elasticsearch-6.4.3.jar:6.4.3]
	at org.elasticsearch.xpack.security.transport.SecurityServerTransportInterceptor$ProfileSecuredRequestHandler$1.doRun(SecurityServerTransportInterceptor.java:251) [x-pack-security-6.4.3.jar:6.4.3]
	at org.elasticsearch.common.util.concurrent.AbstractRunnable.run(AbstractRunnable.java:37) [elasticsearch-6.4.3.jar:6.4.3]
	at org.elasticsearch.xpack.security.transport.SecurityServerTransportInterceptor$ProfileSecuredRequestHandler.messageReceived(SecurityServerTransportInterceptor.java:309) [x-pack-security-6.4.3.jar:6.4.3]
	at org.elasticsearch.transport.RequestHandlerRegistry.processMessageReceived(RequestHandlerRegistry.java:66) [elasticsearch-6.4.3.jar:6.4.3]
	at org.elasticsearch.transport.TransportService$7.doRun(TransportService.java:665) [elasticsearch-6.4.3.jar:6.4.3]
	at org.elasticsearch.common.util.concurrent.ThreadContext$ContextPreservingAbstractRunnable.doRun(ThreadContext.java:723) [elasticsearch-6.4.3.jar:6.4.3]
	at org.elasticsearch.common.util.concurrent.AbstractRunnable.run(AbstractRunnable.java:37) [elasticsearch-6.4.3.jar:6.4.3]
	at java.util.concurrent.ThreadPoolExecutor.runWorker(ThreadPoolExecutor.java:1135) [?:?]
	at java.util.concurrent.ThreadPoolExecutor$Worker.run(ThreadPoolExecutor.java:635) [?:?]
	at java.lang.Thread.run(Thread.java:844) [?:?]
Caused by: java.nio.file.NoSuchFileException: /Users/hirt/Desktop/INSA/2018,2019/WS/Server/elasticsearch-6.4.3/data/nodes/0/node.lock
	at sun.nio.fs.UnixException.translateToIOException(UnixException.java:92) ~[?:?]
	at sun.nio.fs.UnixException.rethrowAsIOException(UnixException.java:111) ~[?:?]
	at sun.nio.fs.UnixException.rethrowAsIOException(UnixException.java:116) ~[?:?]
	at sun.nio.fs.UnixFileAttributeViews$Basic.readAttributes(UnixFileAttributeViews.java:55) ~[?:?]
	at sun.nio.fs.UnixFileSystemProvider.readAttributes(UnixFileSystemProvider.java:145) ~[?:?]
	at java.nio.file.Files.readAttributes(Files.java:1755) ~[?:?]
	at org.apache.lucene.store.NativeFSLockFactory$NativeFSLock.ensureValid(NativeFSLockFactory.java:189) ~[lucene-core-7.4.0.jar:7.4.0 9060ac689c270b02143f375de0348b7f626adebc - jpountz - 2018-06-18 16:51:45]
	at org.elasticsearch.env.NodeEnvironment.assertEnvIsLocked(NodeEnvironment.java:937) ~[elasticsearch-6.4.3.jar:6.4.3]
	at org.elasticsearch.env.NodeEnvironment.nodePaths(NodeEnvironment.java:739) ~[elasticsearch-6.4.3.jar:6.4.3]
	at org.elasticsearch.monitor.fs.FsProbe.stats(FsProbe.java:57) ~[elasticsearch-6.4.3.jar:6.4.3]
	at org.elasticsearch.monitor.fs.FsService.stats(FsService.java:65) ~[elasticsearch-6.4.3.jar:6.4.3]
	at org.elasticsearch.monitor.fs.FsService.access$300(FsService.java:36) ~[elasticsearch-6.4.3.jar:6.4.3]
	at org.elasticsearch.monitor.fs.FsService$FsInfoCache.refresh(FsService.java:83) ~[elasticsearch-6.4.3.jar:6.4.3]
	at org.elasticsearch.monitor.fs.FsService$FsInfoCache.refresh(FsService.java:72) ~[elasticsearch-6.4.3.jar:6.4.3]
	at org.elasticsearch.common.util.SingleObjectCache.getOrRefresh(SingleObjectCache.java:54) ~[elasticsearch-6.4.3.jar:6.4.3]
	at org.elasticsearch.monitor.fs.FsService.stats(FsService.java:60) ~[elasticsearch-6.4.3.jar:6.4.3]
	at org.elasticsearch.node.NodeService.stats(NodeService.java:117) ~[elasticsearch-6.4.3.jar:6.4.3]
	at org.elasticsearch.action.admin.cluster.node.stats.TransportNodesStatsAction.nodeOperation(TransportNodesStatsAction.java:74) ~[elasticsearch-6.4.3.jar:6.4.3]
	at org.elasticsearch.action.admin.cluster.node.stats.TransportNodesStatsAction.nodeOperation(TransportNodesStatsAction.java:39) ~[elasticsearch-6.4.3.jar:6.4.3]
	at org.elasticsearch.action.support.nodes.TransportNodesAction.nodeOperation(TransportNodesAction.java:140) ~[elasticsearch-6.4.3.jar:6.4.3]
	at org.elasticsearch.action.support.nodes.TransportNodesAction$NodeTransportHandler.messageReceived(TransportNodesAction.java:260) ~[elasticsearch-6.4.3.jar:6.4.3]
	at org.elasticsearch.action.support.nodes.TransportNodesAction$NodeTransportHandler.messageReceived(TransportNodesAction.java:256) ~[elasticsearch-6.4.3.jar:6.4.3]
	at org.elasticsearch.xpack.security.transport.SecurityServerTransportInterceptor$ProfileSecuredRequestHandler$1.doRun(SecurityServerTransportInterceptor.java:251) ~[?:?]
	at org.elasticsearch.common.util.concurrent.AbstractRunnable.run(AbstractRunnable.java:37) ~[elasticsearch-6.4.3.jar:6.4.3]
	at org.elasticsearch.xpack.security.transport.SecurityServerTransportInterceptor$ProfileSecuredRequestHandler.messageReceived(SecurityServerTransportInterceptor.java:309) ~[?:?]
	at org.elasticsearch.transport.RequestHandlerRegistry.processMessageReceived(RequestHandlerRegistry.java:66) ~[elasticsearch-6.4.3.jar:6.4.3]
	at org.elasticsearch.transport.TransportService$7.doRun(TransportService.java:665) ~[elasticsearch-6.4.3.jar:6.4.3]
	at org.elasticsearch.common.util.concurrent.ThreadContext$ContextPreservingAbstractRunnable.doRun(ThreadContext.java:723) ~[elasticsearch-6.4.3.jar:6.4.3]
	at org.elasticsearch.common.util.concurrent.AbstractRunnable.run(AbstractRunnable.java:37) ~[elasticsearch-6.4.3.jar:6.4.3]
	at java.util.concurrent.ThreadPoolExecutor.runWorker(ThreadPoolExecutor.java:1135) ~[?:?]
	at java.util.concurrent.ThreadPoolExecutor$Worker.run(ThreadPoolExecutor.java:635) ~[?:?]
	at java.lang.Thread.run(Thread.java:844) ~[?:?]
