[2018-11-13T08:28:11,393][INFO ][o.e.n.Node               ] [] initializing ...
[2018-11-13T08:28:11,485][INFO ][o.e.e.NodeEnvironment    ] [vf-za_P] using [1] data paths, mounts [[/ (/dev/disk1s1)]], net usable_space [54.1gb], net total_space [112.7gb], types [apfs]
[2018-11-13T08:28:11,486][INFO ][o.e.e.NodeEnvironment    ] [vf-za_P] heap size [990.7mb], compressed ordinary object pointers [true]
[2018-11-13T08:28:11,489][INFO ][o.e.n.Node               ] [vf-za_P] node name derived from node ID [vf-za_PTQGeJZP1i0ynoQg]; set [node.name] to override
[2018-11-13T08:28:11,489][INFO ][o.e.n.Node               ] [vf-za_P] version[6.4.3], pid[14048], build[default/tar/fe40335/2018-10-30T23:17:19.084789Z], OS[Mac OS X/10.14/x86_64], JVM["Oracle Corporation"/Java HotSpot(TM) 64-Bit Server VM/10.0.2/10.0.2+13]
[2018-11-13T08:28:11,490][INFO ][o.e.n.Node               ] [vf-za_P] JVM arguments [-Xms1g, -Xmx1g, -XX:+UseConcMarkSweepGC, -XX:CMSInitiatingOccupancyFraction=75, -XX:+UseCMSInitiatingOccupancyOnly, -XX:+AlwaysPreTouch, -Xss1m, -Djava.awt.headless=true, -Dfile.encoding=UTF-8, -Djna.nosys=true, -XX:-OmitStackTraceInFastThrow, -Dio.netty.noUnsafe=true, -Dio.netty.noKeySetOptimization=true, -Dio.netty.recycler.maxCapacityPerThread=0, -Dlog4j.shutdownHookEnabled=false, -Dlog4j2.disable.jmx=true, -Djava.io.tmpdir=/var/folders/cw/z5mq6b3d5gxg328jfr8gskwr0000gn/T/elasticsearch.mXCkueyo, -XX:+HeapDumpOnOutOfMemoryError, -XX:HeapDumpPath=data, -XX:ErrorFile=logs/hs_err_pid%p.log, -Xlog:gc*,gc+age=trace,safepoint:file=logs/gc.log:utctime,pid,tags:filecount=32,filesize=64m, -Djava.locale.providers=COMPAT, -XX:UseAVX=2, -Des.path.home=/Users/hirt/Desktop/INSA/2018,2019/WS/Server/elasticsearch-6.4.3, -Des.path.conf=/Users/hirt/Desktop/INSA/2018,2019/WS/Server/elasticsearch-6.4.3/config, -Des.distribution.flavor=default, -Des.distribution.type=tar]
[2018-11-13T08:28:13,161][INFO ][o.e.p.PluginsService     ] [vf-za_P] loaded module [aggs-matrix-stats]
[2018-11-13T08:28:13,161][INFO ][o.e.p.PluginsService     ] [vf-za_P] loaded module [analysis-common]
[2018-11-13T08:28:13,161][INFO ][o.e.p.PluginsService     ] [vf-za_P] loaded module [ingest-common]
[2018-11-13T08:28:13,162][INFO ][o.e.p.PluginsService     ] [vf-za_P] loaded module [lang-expression]
[2018-11-13T08:28:13,162][INFO ][o.e.p.PluginsService     ] [vf-za_P] loaded module [lang-mustache]
[2018-11-13T08:28:13,162][INFO ][o.e.p.PluginsService     ] [vf-za_P] loaded module [lang-painless]
[2018-11-13T08:28:13,162][INFO ][o.e.p.PluginsService     ] [vf-za_P] loaded module [mapper-extras]
[2018-11-13T08:28:13,163][INFO ][o.e.p.PluginsService     ] [vf-za_P] loaded module [parent-join]
[2018-11-13T08:28:13,163][INFO ][o.e.p.PluginsService     ] [vf-za_P] loaded module [percolator]
[2018-11-13T08:28:13,163][INFO ][o.e.p.PluginsService     ] [vf-za_P] loaded module [rank-eval]
[2018-11-13T08:28:13,164][INFO ][o.e.p.PluginsService     ] [vf-za_P] loaded module [reindex]
[2018-11-13T08:28:13,164][INFO ][o.e.p.PluginsService     ] [vf-za_P] loaded module [repository-url]
[2018-11-13T08:28:13,164][INFO ][o.e.p.PluginsService     ] [vf-za_P] loaded module [transport-netty4]
[2018-11-13T08:28:13,164][INFO ][o.e.p.PluginsService     ] [vf-za_P] loaded module [tribe]
[2018-11-13T08:28:13,165][INFO ][o.e.p.PluginsService     ] [vf-za_P] loaded module [x-pack-core]
[2018-11-13T08:28:13,165][INFO ][o.e.p.PluginsService     ] [vf-za_P] loaded module [x-pack-deprecation]
[2018-11-13T08:28:13,165][INFO ][o.e.p.PluginsService     ] [vf-za_P] loaded module [x-pack-graph]
[2018-11-13T08:28:13,165][INFO ][o.e.p.PluginsService     ] [vf-za_P] loaded module [x-pack-logstash]
[2018-11-13T08:28:13,165][INFO ][o.e.p.PluginsService     ] [vf-za_P] loaded module [x-pack-ml]
[2018-11-13T08:28:13,165][INFO ][o.e.p.PluginsService     ] [vf-za_P] loaded module [x-pack-monitoring]
[2018-11-13T08:28:13,166][INFO ][o.e.p.PluginsService     ] [vf-za_P] loaded module [x-pack-rollup]
[2018-11-13T08:28:13,166][INFO ][o.e.p.PluginsService     ] [vf-za_P] loaded module [x-pack-security]
[2018-11-13T08:28:13,166][INFO ][o.e.p.PluginsService     ] [vf-za_P] loaded module [x-pack-sql]
[2018-11-13T08:28:13,166][INFO ][o.e.p.PluginsService     ] [vf-za_P] loaded module [x-pack-upgrade]
[2018-11-13T08:28:13,167][INFO ][o.e.p.PluginsService     ] [vf-za_P] loaded module [x-pack-watcher]
[2018-11-13T08:28:13,167][INFO ][o.e.p.PluginsService     ] [vf-za_P] no plugins loaded
[2018-11-13T08:28:16,967][INFO ][o.e.x.s.a.s.FileRolesStore] [vf-za_P] parsed [0] roles from file [/Users/hirt/Desktop/INSA/2018,2019/WS/Server/elasticsearch-6.4.3/config/roles.yml]
[2018-11-13T08:28:17,625][INFO ][o.e.x.m.j.p.l.CppLogMessageHandler] [controller/14068] [Main.cc@109] controller (64 bit): Version 6.4.3 (Build 7a0781676dd492) Copyright (c) 2018 Elasticsearch BV
[2018-11-13T08:28:18,096][DEBUG][o.e.a.ActionModule       ] Using REST wrapper from plugin org.elasticsearch.xpack.security.Security
[2018-11-13T08:28:18,323][INFO ][o.e.d.DiscoveryModule    ] [vf-za_P] using discovery type [zen]
[2018-11-13T08:28:19,177][INFO ][o.e.n.Node               ] [vf-za_P] initialized
[2018-11-13T08:28:19,178][INFO ][o.e.n.Node               ] [vf-za_P] starting ...
[2018-11-13T08:28:24,465][INFO ][o.e.t.TransportService   ] [vf-za_P] publish_address {127.0.0.1:9300}, bound_addresses {[::1]:9300}, {127.0.0.1:9300}
[2018-11-13T08:28:27,552][INFO ][o.e.c.s.MasterService    ] [vf-za_P] zen-disco-elected-as-master ([0] nodes joined)[, ], reason: new_master {vf-za_P}{vf-za_PTQGeJZP1i0ynoQg}{AMQqQIZZSXyhbioVPs_nZA}{127.0.0.1}{127.0.0.1:9300}{ml.machine_memory=8589934592, xpack.installed=true, ml.max_open_jobs=20, ml.enabled=true}
[2018-11-13T08:28:27,559][INFO ][o.e.c.s.ClusterApplierService] [vf-za_P] new_master {vf-za_P}{vf-za_PTQGeJZP1i0ynoQg}{AMQqQIZZSXyhbioVPs_nZA}{127.0.0.1}{127.0.0.1:9300}{ml.machine_memory=8589934592, xpack.installed=true, ml.max_open_jobs=20, ml.enabled=true}, reason: apply cluster state (from master [master {vf-za_P}{vf-za_PTQGeJZP1i0ynoQg}{AMQqQIZZSXyhbioVPs_nZA}{127.0.0.1}{127.0.0.1:9300}{ml.machine_memory=8589934592, xpack.installed=true, ml.max_open_jobs=20, ml.enabled=true} committed version [1] source [zen-disco-elected-as-master ([0] nodes joined)[, ]]])
[2018-11-13T08:28:27,586][INFO ][o.e.x.s.t.n.SecurityNetty4HttpServerTransport] [vf-za_P] publish_address {127.0.0.1:9200}, bound_addresses {[::1]:9200}, {127.0.0.1:9200}
[2018-11-13T08:28:27,587][INFO ][o.e.n.Node               ] [vf-za_P] started
[2018-11-13T08:28:27,620][WARN ][o.e.x.s.a.s.m.NativeRoleMappingStore] [vf-za_P] Failed to clear cache for realms [[]]
[2018-11-13T08:28:27,669][INFO ][o.e.g.GatewayService     ] [vf-za_P] recovered [0] indices into cluster_state
[2018-11-13T08:28:27,887][INFO ][o.e.c.m.MetaDataIndexTemplateService] [vf-za_P] adding template [.watch-history-9] for index patterns [.watcher-history-9*]
[2018-11-13T08:28:27,920][INFO ][o.e.c.m.MetaDataIndexTemplateService] [vf-za_P] adding template [.triggered_watches] for index patterns [.triggered_watches*]
[2018-11-13T08:28:27,957][INFO ][o.e.c.m.MetaDataIndexTemplateService] [vf-za_P] adding template [.watches] for index patterns [.watches*]
[2018-11-13T08:28:27,988][INFO ][o.e.c.m.MetaDataIndexTemplateService] [vf-za_P] adding template [.monitoring-logstash] for index patterns [.monitoring-logstash-6-*]
[2018-11-13T08:28:28,023][INFO ][o.e.c.m.MetaDataIndexTemplateService] [vf-za_P] adding template [.monitoring-es] for index patterns [.monitoring-es-6-*]
[2018-11-13T08:28:28,049][INFO ][o.e.c.m.MetaDataIndexTemplateService] [vf-za_P] adding template [.monitoring-alerts] for index patterns [.monitoring-alerts-6]
[2018-11-13T08:28:28,077][INFO ][o.e.c.m.MetaDataIndexTemplateService] [vf-za_P] adding template [.monitoring-beats] for index patterns [.monitoring-beats-6-*]
[2018-11-13T08:28:28,104][INFO ][o.e.c.m.MetaDataIndexTemplateService] [vf-za_P] adding template [.monitoring-kibana] for index patterns [.monitoring-kibana-6-*]
[2018-11-13T08:28:28,200][INFO ][o.e.l.LicenseService     ] [vf-za_P] license [978472d0-542a-403d-af4f-c5ab531122a6] mode [basic] - valid
[2018-11-13T08:47:18,273][INFO ][o.e.n.Node               ] [vf-za_P] stopping ...
[2018-11-13T08:47:18,276][INFO ][o.e.x.m.j.p.NativeController] Native controller process has stopped - no new native processes can be started
[2018-11-13T08:47:18,284][INFO ][o.e.x.w.WatcherService   ] [vf-za_P] stopping watch service, reason [shutdown initiated]
[2018-11-13T08:47:18,517][INFO ][o.e.n.Node               ] [vf-za_P] stopped
[2018-11-13T08:47:18,517][INFO ][o.e.n.Node               ] [vf-za_P] closing ...
[2018-11-13T08:47:18,528][INFO ][o.e.n.Node               ] [vf-za_P] closed
[2018-11-13T08:47:32,028][INFO ][o.e.n.Node               ] [] initializing ...
[2018-11-13T08:47:32,112][INFO ][o.e.e.NodeEnvironment    ] [vf-za_P] using [1] data paths, mounts [[/ (/dev/disk1s1)]], net usable_space [54.2gb], net total_space [112.7gb], types [apfs]
[2018-11-13T08:47:32,113][INFO ][o.e.e.NodeEnvironment    ] [vf-za_P] heap size [990.7mb], compressed ordinary object pointers [true]
[2018-11-13T08:47:32,115][INFO ][o.e.n.Node               ] [vf-za_P] node name derived from node ID [vf-za_PTQGeJZP1i0ynoQg]; set [node.name] to override
[2018-11-13T08:47:32,115][INFO ][o.e.n.Node               ] [vf-za_P] version[6.4.3], pid[14153], build[default/tar/fe40335/2018-10-30T23:17:19.084789Z], OS[Mac OS X/10.14/x86_64], JVM["Oracle Corporation"/Java HotSpot(TM) 64-Bit Server VM/10.0.2/10.0.2+13]
[2018-11-13T08:47:32,115][INFO ][o.e.n.Node               ] [vf-za_P] JVM arguments [-Xms1g, -Xmx1g, -XX:+UseConcMarkSweepGC, -XX:CMSInitiatingOccupancyFraction=75, -XX:+UseCMSInitiatingOccupancyOnly, -XX:+AlwaysPreTouch, -Xss1m, -Djava.awt.headless=true, -Dfile.encoding=UTF-8, -Djna.nosys=true, -XX:-OmitStackTraceInFastThrow, -Dio.netty.noUnsafe=true, -Dio.netty.noKeySetOptimization=true, -Dio.netty.recycler.maxCapacityPerThread=0, -Dlog4j.shutdownHookEnabled=false, -Dlog4j2.disable.jmx=true, -Djava.io.tmpdir=/var/folders/cw/z5mq6b3d5gxg328jfr8gskwr0000gn/T/elasticsearch.yXeuQKjF, -XX:+HeapDumpOnOutOfMemoryError, -XX:HeapDumpPath=data, -XX:ErrorFile=logs/hs_err_pid%p.log, -Xlog:gc*,gc+age=trace,safepoint:file=logs/gc.log:utctime,pid,tags:filecount=32,filesize=64m, -Djava.locale.providers=COMPAT, -XX:UseAVX=2, -Des.path.home=/Users/hirt/Desktop/INSA/2018,2019/WS/Server/elasticsearch-6.4.3, -Des.path.conf=/Users/hirt/Desktop/INSA/2018,2019/WS/Server/elasticsearch-6.4.3/config, -Des.distribution.flavor=default, -Des.distribution.type=tar]
[2018-11-13T08:47:33,806][INFO ][o.e.p.PluginsService     ] [vf-za_P] loaded module [aggs-matrix-stats]
[2018-11-13T08:47:33,806][INFO ][o.e.p.PluginsService     ] [vf-za_P] loaded module [analysis-common]
[2018-11-13T08:47:33,806][INFO ][o.e.p.PluginsService     ] [vf-za_P] loaded module [ingest-common]
[2018-11-13T08:47:33,806][INFO ][o.e.p.PluginsService     ] [vf-za_P] loaded module [lang-expression]
[2018-11-13T08:47:33,806][INFO ][o.e.p.PluginsService     ] [vf-za_P] loaded module [lang-mustache]
[2018-11-13T08:47:33,806][INFO ][o.e.p.PluginsService     ] [vf-za_P] loaded module [lang-painless]
[2018-11-13T08:47:33,807][INFO ][o.e.p.PluginsService     ] [vf-za_P] loaded module [mapper-extras]
[2018-11-13T08:47:33,807][INFO ][o.e.p.PluginsService     ] [vf-za_P] loaded module [parent-join]
[2018-11-13T08:47:33,807][INFO ][o.e.p.PluginsService     ] [vf-za_P] loaded module [percolator]
[2018-11-13T08:47:33,807][INFO ][o.e.p.PluginsService     ] [vf-za_P] loaded module [rank-eval]
[2018-11-13T08:47:33,807][INFO ][o.e.p.PluginsService     ] [vf-za_P] loaded module [reindex]
[2018-11-13T08:47:33,807][INFO ][o.e.p.PluginsService     ] [vf-za_P] loaded module [repository-url]
[2018-11-13T08:47:33,807][INFO ][o.e.p.PluginsService     ] [vf-za_P] loaded module [transport-netty4]
[2018-11-13T08:47:33,807][INFO ][o.e.p.PluginsService     ] [vf-za_P] loaded module [tribe]
[2018-11-13T08:47:33,808][INFO ][o.e.p.PluginsService     ] [vf-za_P] loaded module [x-pack-core]
[2018-11-13T08:47:33,808][INFO ][o.e.p.PluginsService     ] [vf-za_P] loaded module [x-pack-deprecation]
[2018-11-13T08:47:33,808][INFO ][o.e.p.PluginsService     ] [vf-za_P] loaded module [x-pack-graph]
[2018-11-13T08:47:33,808][INFO ][o.e.p.PluginsService     ] [vf-za_P] loaded module [x-pack-logstash]
[2018-11-13T08:47:33,808][INFO ][o.e.p.PluginsService     ] [vf-za_P] loaded module [x-pack-ml]
[2018-11-13T08:47:33,808][INFO ][o.e.p.PluginsService     ] [vf-za_P] loaded module [x-pack-monitoring]
[2018-11-13T08:47:33,809][INFO ][o.e.p.PluginsService     ] [vf-za_P] loaded module [x-pack-rollup]
[2018-11-13T08:47:33,809][INFO ][o.e.p.PluginsService     ] [vf-za_P] loaded module [x-pack-security]
[2018-11-13T08:47:33,809][INFO ][o.e.p.PluginsService     ] [vf-za_P] loaded module [x-pack-sql]
[2018-11-13T08:47:33,809][INFO ][o.e.p.PluginsService     ] [vf-za_P] loaded module [x-pack-upgrade]
[2018-11-13T08:47:33,809][INFO ][o.e.p.PluginsService     ] [vf-za_P] loaded module [x-pack-watcher]
[2018-11-13T08:47:33,810][INFO ][o.e.p.PluginsService     ] [vf-za_P] no plugins loaded
[2018-11-13T08:47:37,758][INFO ][o.e.x.s.a.s.FileRolesStore] [vf-za_P] parsed [0] roles from file [/Users/hirt/Desktop/INSA/2018,2019/WS/Server/elasticsearch-6.4.3/config/roles.yml]
[2018-11-13T08:47:38,306][INFO ][o.e.x.m.j.p.l.CppLogMessageHandler] [controller/14173] [Main.cc@109] controller (64 bit): Version 6.4.3 (Build 7a0781676dd492) Copyright (c) 2018 Elasticsearch BV
[2018-11-13T08:47:38,751][DEBUG][o.e.a.ActionModule       ] Using REST wrapper from plugin org.elasticsearch.xpack.security.Security
[2018-11-13T08:47:38,981][INFO ][o.e.d.DiscoveryModule    ] [vf-za_P] using discovery type [zen]
[2018-11-13T08:47:39,762][INFO ][o.e.n.Node               ] [vf-za_P] initialized
[2018-11-13T08:47:39,763][INFO ][o.e.n.Node               ] [vf-za_P] starting ...
[2018-11-13T08:47:44,967][INFO ][o.e.t.TransportService   ] [vf-za_P] publish_address {127.0.0.1:9300}, bound_addresses {[::1]:9300}, {127.0.0.1:9300}
[2018-11-13T08:47:48,064][INFO ][o.e.c.s.MasterService    ] [vf-za_P] zen-disco-elected-as-master ([0] nodes joined)[, ], reason: new_master {vf-za_P}{vf-za_PTQGeJZP1i0ynoQg}{VHZ9vemtSYuEtmxRkBN3Tw}{127.0.0.1}{127.0.0.1:9300}{ml.machine_memory=8589934592, xpack.installed=true, ml.max_open_jobs=20, ml.enabled=true}
[2018-11-13T08:47:48,069][INFO ][o.e.c.s.ClusterApplierService] [vf-za_P] new_master {vf-za_P}{vf-za_PTQGeJZP1i0ynoQg}{VHZ9vemtSYuEtmxRkBN3Tw}{127.0.0.1}{127.0.0.1:9300}{ml.machine_memory=8589934592, xpack.installed=true, ml.max_open_jobs=20, ml.enabled=true}, reason: apply cluster state (from master [master {vf-za_P}{vf-za_PTQGeJZP1i0ynoQg}{VHZ9vemtSYuEtmxRkBN3Tw}{127.0.0.1}{127.0.0.1:9300}{ml.machine_memory=8589934592, xpack.installed=true, ml.max_open_jobs=20, ml.enabled=true} committed version [1] source [zen-disco-elected-as-master ([0] nodes joined)[, ]]])
[2018-11-13T08:47:48,110][INFO ][o.e.x.s.t.n.SecurityNetty4HttpServerTransport] [vf-za_P] publish_address {127.0.0.1:9200}, bound_addresses {[::1]:9200}, {127.0.0.1:9200}
[2018-11-13T08:47:48,114][INFO ][o.e.n.Node               ] [vf-za_P] started
[2018-11-13T08:47:48,379][WARN ][o.e.x.s.a.s.m.NativeRoleMappingStore] [vf-za_P] Failed to clear cache for realms [[]]
[2018-11-13T08:47:48,422][INFO ][o.e.l.LicenseService     ] [vf-za_P] license [978472d0-542a-403d-af4f-c5ab531122a6] mode [basic] - valid
[2018-11-13T08:47:48,435][INFO ][o.e.g.GatewayService     ] [vf-za_P] recovered [0] indices into cluster_state
[2018-11-13T08:52:42,514][INFO ][o.e.c.m.MetaDataCreateIndexService] [vf-za_P] [ws] creating index, cause [auto(bulk api)], templates [], shards [5]/[1], mappings []
[2018-11-13T08:52:43,440][INFO ][o.e.c.m.MetaDataMappingService] [vf-za_P] [ws/6vfErC8tRuKZoC14a-W56w] create_mapping [shows]
[2018-11-13T08:56:45,186][INFO ][o.e.c.m.MetaDataDeleteIndexService] [vf-za_P] [ws/6vfErC8tRuKZoC14a-W56w] deleting index
[2018-11-13T08:57:46,188][WARN ][i.n.c.DefaultChannelPipeline] An exceptionCaught() event was fired, and it reached at the tail of the pipeline. It usually means the last handler in the pipeline did not handle the exception.
java.io.IOException: Too many open files in system
	at sun.nio.ch.ServerSocketChannelImpl.accept0(Native Method) ~[?:?]
	at sun.nio.ch.ServerSocketChannelImpl.accept(ServerSocketChannelImpl.java:424) ~[?:?]
	at sun.nio.ch.ServerSocketChannelImpl.accept(ServerSocketChannelImpl.java:252) ~[?:?]
	at io.netty.util.internal.SocketUtils$5.run(SocketUtils.java:110) ~[netty-common-4.1.16.Final.jar:4.1.16.Final]
	at io.netty.util.internal.SocketUtils$5.run(SocketUtils.java:107) ~[netty-common-4.1.16.Final.jar:4.1.16.Final]
	at java.security.AccessController.doPrivileged(Native Method) ~[?:?]
	at io.netty.util.internal.SocketUtils.accept(SocketUtils.java:107) ~[netty-common-4.1.16.Final.jar:4.1.16.Final]
	at io.netty.channel.socket.nio.NioServerSocketChannel.doReadMessages(NioServerSocketChannel.java:141) ~[netty-transport-4.1.16.Final.jar:4.1.16.Final]
	at io.netty.channel.nio.AbstractNioMessageChannel$NioMessageUnsafe.read(AbstractNioMessageChannel.java:75) [netty-transport-4.1.16.Final.jar:4.1.16.Final]
	at io.netty.channel.nio.NioEventLoop.processSelectedKey(NioEventLoop.java:645) [netty-transport-4.1.16.Final.jar:4.1.16.Final]
	at io.netty.channel.nio.NioEventLoop.processSelectedKeysPlain(NioEventLoop.java:545) [netty-transport-4.1.16.Final.jar:4.1.16.Final]
	at io.netty.channel.nio.NioEventLoop.processSelectedKeys(NioEventLoop.java:499) [netty-transport-4.1.16.Final.jar:4.1.16.Final]
	at io.netty.channel.nio.NioEventLoop.run(NioEventLoop.java:459) [netty-transport-4.1.16.Final.jar:4.1.16.Final]
	at io.netty.util.concurrent.SingleThreadEventExecutor$5.run(SingleThreadEventExecutor.java:858) [netty-common-4.1.16.Final.jar:4.1.16.Final]
	at java.lang.Thread.run(Thread.java:844) [?:?]
[2018-11-13T08:57:47,466][INFO ][o.e.c.m.MetaDataCreateIndexService] [vf-za_P] [ws] creating index, cause [auto(bulk api)], templates [], shards [5]/[1], mappings []
[2018-11-13T08:57:49,663][INFO ][o.e.c.m.MetaDataMappingService] [vf-za_P] [ws/HfpY0wUZQtu5XFe5srAUww] create_mapping [shows]
[2018-11-13T09:38:37,234][WARN ][r.suppressed             ] path: /_bulk, params: {}
com.fasterxml.jackson.core.JsonParseException: Unexpected character ('i' (code 105)): was expecting double-quote to start field name
 at [Source: org.elasticsearch.transport.netty4.ByteBufStreamInput@52a9dc7f; line: 1, column: 4]
	at com.fasterxml.jackson.core.JsonParser._constructError(JsonParser.java:1702) ~[jackson-core-2.8.10.jar:2.8.10]
	at com.fasterxml.jackson.core.base.ParserMinimalBase._reportError(ParserMinimalBase.java:558) ~[jackson-core-2.8.10.jar:2.8.10]
	at com.fasterxml.jackson.core.base.ParserMinimalBase._reportUnexpectedChar(ParserMinimalBase.java:456) ~[jackson-core-2.8.10.jar:2.8.10]
	at com.fasterxml.jackson.core.json.UTF8StreamJsonParser._handleOddName(UTF8StreamJsonParser.java:2054) ~[jackson-core-2.8.10.jar:2.8.10]
	at com.fasterxml.jackson.core.json.UTF8StreamJsonParser._parseName(UTF8StreamJsonParser.java:1701) ~[jackson-core-2.8.10.jar:2.8.10]
	at com.fasterxml.jackson.core.json.UTF8StreamJsonParser.nextToken(UTF8StreamJsonParser.java:776) ~[jackson-core-2.8.10.jar:2.8.10]
	at org.elasticsearch.common.xcontent.json.JsonXContentParser.nextToken(JsonXContentParser.java:53) ~[elasticsearch-x-content-6.4.3.jar:6.4.3]
	at org.elasticsearch.action.bulk.BulkRequest.add(BulkRequest.java:325) ~[elasticsearch-6.4.3.jar:6.4.3]
	at org.elasticsearch.rest.action.document.RestBulkAction.prepareRequest(RestBulkAction.java:94) ~[elasticsearch-6.4.3.jar:6.4.3]
	at org.elasticsearch.rest.BaseRestHandler.handleRequest(BaseRestHandler.java:80) ~[elasticsearch-6.4.3.jar:6.4.3]
	at org.elasticsearch.xpack.security.rest.SecurityRestFilter.handleRequest(SecurityRestFilter.java:72) ~[?:?]
	at org.elasticsearch.rest.RestController.dispatchRequest(RestController.java:239) [elasticsearch-6.4.3.jar:6.4.3]
	at org.elasticsearch.rest.RestController.tryAllHandlers(RestController.java:335) [elasticsearch-6.4.3.jar:6.4.3]
	at org.elasticsearch.rest.RestController.dispatchRequest(RestController.java:173) [elasticsearch-6.4.3.jar:6.4.3]
	at org.elasticsearch.http.netty4.Netty4HttpServerTransport.dispatchRequest(Netty4HttpServerTransport.java:538) [transport-netty4-6.4.3.jar:6.4.3]
	at org.elasticsearch.http.netty4.Netty4HttpRequestHandler.channelRead0(Netty4HttpRequestHandler.java:137) [transport-netty4-6.4.3.jar:6.4.3]
	at io.netty.channel.SimpleChannelInboundHandler.channelRead(SimpleChannelInboundHandler.java:105) [netty-transport-4.1.16.Final.jar:4.1.16.Final]
	at io.netty.channel.AbstractChannelHandlerContext.invokeChannelRead(AbstractChannelHandlerContext.java:362) [netty-transport-4.1.16.Final.jar:4.1.16.Final]
	at io.netty.channel.AbstractChannelHandlerContext.invokeChannelRead(AbstractChannelHandlerContext.java:348) [netty-transport-4.1.16.Final.jar:4.1.16.Final]
	at io.netty.channel.AbstractChannelHandlerContext.fireChannelRead(AbstractChannelHandlerContext.java:340) [netty-transport-4.1.16.Final.jar:4.1.16.Final]
	at org.elasticsearch.http.netty4.pipelining.HttpPipeliningHandler.channelRead(HttpPipeliningHandler.java:68) [transport-netty4-6.4.3.jar:6.4.3]
	at io.netty.channel.AbstractChannelHandlerContext.invokeChannelRead(AbstractChannelHandlerContext.java:362) [netty-transport-4.1.16.Final.jar:4.1.16.Final]
	at io.netty.channel.AbstractChannelHandlerContext.invokeChannelRead(AbstractChannelHandlerContext.java:348) [netty-transport-4.1.16.Final.jar:4.1.16.Final]
	at io.netty.channel.AbstractChannelHandlerContext.fireChannelRead(AbstractChannelHandlerContext.java:340) [netty-transport-4.1.16.Final.jar:4.1.16.Final]
	at io.netty.handler.codec.MessageToMessageDecoder.channelRead(MessageToMessageDecoder.java:102) [netty-codec-4.1.16.Final.jar:4.1.16.Final]
	at io.netty.handler.codec.MessageToMessageCodec.channelRead(MessageToMessageCodec.java:111) [netty-codec-4.1.16.Final.jar:4.1.16.Final]
	at io.netty.channel.AbstractChannelHandlerContext.invokeChannelRead(AbstractChannelHandlerContext.java:362) [netty-transport-4.1.16.Final.jar:4.1.16.Final]
	at io.netty.channel.AbstractChannelHandlerContext.invokeChannelRead(AbstractChannelHandlerContext.java:348) [netty-transport-4.1.16.Final.jar:4.1.16.Final]
	at io.netty.channel.AbstractChannelHandlerContext.fireChannelRead(AbstractChannelHandlerContext.java:340) [netty-transport-4.1.16.Final.jar:4.1.16.Final]
	at io.netty.handler.codec.MessageToMessageDecoder.channelRead(MessageToMessageDecoder.java:102) [netty-codec-4.1.16.Final.jar:4.1.16.Final]
	at io.netty.channel.AbstractChannelHandlerContext.invokeChannelRead(AbstractChannelHandlerContext.java:362) [netty-transport-4.1.16.Final.jar:4.1.16.Final]
	at io.netty.channel.AbstractChannelHandlerContext.invokeChannelRead(AbstractChannelHandlerContext.java:348) [netty-transport-4.1.16.Final.jar:4.1.16.Final]
	at io.netty.channel.AbstractChannelHandlerContext.fireChannelRead(AbstractChannelHandlerContext.java:340) [netty-transport-4.1.16.Final.jar:4.1.16.Final]
	at io.netty.handler.codec.MessageToMessageDecoder.channelRead(MessageToMessageDecoder.java:102) [netty-codec-4.1.16.Final.jar:4.1.16.Final]
	at io.netty.channel.AbstractChannelHandlerContext.invokeChannelRead(AbstractChannelHandlerContext.java:362) [netty-transport-4.1.16.Final.jar:4.1.16.Final]
	at io.netty.channel.AbstractChannelHandlerContext.invokeChannelRead(AbstractChannelHandlerContext.java:348) [netty-transport-4.1.16.Final.jar:4.1.16.Final]
	at io.netty.channel.AbstractChannelHandlerContext.fireChannelRead(AbstractChannelHandlerContext.java:340) [netty-transport-4.1.16.Final.jar:4.1.16.Final]
	at io.netty.handler.codec.ByteToMessageDecoder.fireChannelRead(ByteToMessageDecoder.java:310) [netty-codec-4.1.16.Final.jar:4.1.16.Final]
	at io.netty.handler.codec.ByteToMessageDecoder.channelRead(ByteToMessageDecoder.java:284) [netty-codec-4.1.16.Final.jar:4.1.16.Final]
	at io.netty.channel.AbstractChannelHandlerContext.invokeChannelRead(AbstractChannelHandlerContext.java:362) [netty-transport-4.1.16.Final.jar:4.1.16.Final]
	at io.netty.channel.AbstractChannelHandlerContext.invokeChannelRead(AbstractChannelHandlerContext.java:348) [netty-transport-4.1.16.Final.jar:4.1.16.Final]
	at io.netty.channel.AbstractChannelHandlerContext.fireChannelRead(AbstractChannelHandlerContext.java:340) [netty-transport-4.1.16.Final.jar:4.1.16.Final]
	at io.netty.handler.timeout.IdleStateHandler.channelRead(IdleStateHandler.java:286) [netty-handler-4.1.16.Final.jar:4.1.16.Final]
	at io.netty.channel.AbstractChannelHandlerContext.invokeChannelRead(AbstractChannelHandlerContext.java:362) [netty-transport-4.1.16.Final.jar:4.1.16.Final]
	at io.netty.channel.AbstractChannelHandlerContext.invokeChannelRead(AbstractChannelHandlerContext.java:348) [netty-transport-4.1.16.Final.jar:4.1.16.Final]
	at io.netty.channel.AbstractChannelHandlerContext.fireChannelRead(AbstractChannelHandlerContext.java:340) [netty-transport-4.1.16.Final.jar:4.1.16.Final]
	at io.netty.channel.ChannelInboundHandlerAdapter.channelRead(ChannelInboundHandlerAdapter.java:86) [netty-transport-4.1.16.Final.jar:4.1.16.Final]
	at io.netty.channel.AbstractChannelHandlerContext.invokeChannelRead(AbstractChannelHandlerContext.java:362) [netty-transport-4.1.16.Final.jar:4.1.16.Final]
	at io.netty.channel.AbstractChannelHandlerContext.invokeChannelRead(AbstractChannelHandlerContext.java:348) [netty-transport-4.1.16.Final.jar:4.1.16.Final]
	at io.netty.channel.AbstractChannelHandlerContext.fireChannelRead(AbstractChannelHandlerContext.java:340) [netty-transport-4.1.16.Final.jar:4.1.16.Final]
	at io.netty.channel.DefaultChannelPipeline$HeadContext.channelRead(DefaultChannelPipeline.java:1359) [netty-transport-4.1.16.Final.jar:4.1.16.Final]
	at io.netty.channel.AbstractChannelHandlerContext.invokeChannelRead(AbstractChannelHandlerContext.java:362) [netty-transport-4.1.16.Final.jar:4.1.16.Final]
	at io.netty.channel.AbstractChannelHandlerContext.invokeChannelRead(AbstractChannelHandlerContext.java:348) [netty-transport-4.1.16.Final.jar:4.1.16.Final]
	at io.netty.channel.DefaultChannelPipeline.fireChannelRead(DefaultChannelPipeline.java:935) [netty-transport-4.1.16.Final.jar:4.1.16.Final]
	at io.netty.channel.nio.AbstractNioByteChannel$NioByteUnsafe.read(AbstractNioByteChannel.java:134) [netty-transport-4.1.16.Final.jar:4.1.16.Final]
	at io.netty.channel.nio.NioEventLoop.processSelectedKey(NioEventLoop.java:645) [netty-transport-4.1.16.Final.jar:4.1.16.Final]
	at io.netty.channel.nio.NioEventLoop.processSelectedKeysPlain(NioEventLoop.java:545) [netty-transport-4.1.16.Final.jar:4.1.16.Final]
	at io.netty.channel.nio.NioEventLoop.processSelectedKeys(NioEventLoop.java:499) [netty-transport-4.1.16.Final.jar:4.1.16.Final]
	at io.netty.channel.nio.NioEventLoop.run(NioEventLoop.java:459) [netty-transport-4.1.16.Final.jar:4.1.16.Final]
	at io.netty.util.concurrent.SingleThreadEventExecutor$5.run(SingleThreadEventExecutor.java:858) [netty-common-4.1.16.Final.jar:4.1.16.Final]
	at java.lang.Thread.run(Thread.java:844) [?:?]
[2018-11-13T09:39:34,722][WARN ][r.suppressed             ] path: /_bulk, params: {}
com.fasterxml.jackson.core.JsonParseException: Unexpected character ('i' (code 105)): was expecting double-quote to start field name
 at [Source: org.elasticsearch.transport.netty4.ByteBufStreamInput@26c6117e; line: 1, column: 4]
	at com.fasterxml.jackson.core.JsonParser._constructError(JsonParser.java:1702) ~[jackson-core-2.8.10.jar:2.8.10]
	at com.fasterxml.jackson.core.base.ParserMinimalBase._reportError(ParserMinimalBase.java:558) ~[jackson-core-2.8.10.jar:2.8.10]
	at com.fasterxml.jackson.core.base.ParserMinimalBase._reportUnexpectedChar(ParserMinimalBase.java:456) ~[jackson-core-2.8.10.jar:2.8.10]
	at com.fasterxml.jackson.core.json.UTF8StreamJsonParser._handleOddName(UTF8StreamJsonParser.java:2054) ~[jackson-core-2.8.10.jar:2.8.10]
	at com.fasterxml.jackson.core.json.UTF8StreamJsonParser._parseName(UTF8StreamJsonParser.java:1701) ~[jackson-core-2.8.10.jar:2.8.10]
	at com.fasterxml.jackson.core.json.UTF8StreamJsonParser.nextToken(UTF8StreamJsonParser.java:776) ~[jackson-core-2.8.10.jar:2.8.10]
	at org.elasticsearch.common.xcontent.json.JsonXContentParser.nextToken(JsonXContentParser.java:53) ~[elasticsearch-x-content-6.4.3.jar:6.4.3]
	at org.elasticsearch.action.bulk.BulkRequest.add(BulkRequest.java:325) ~[elasticsearch-6.4.3.jar:6.4.3]
	at org.elasticsearch.rest.action.document.RestBulkAction.prepareRequest(RestBulkAction.java:94) ~[elasticsearch-6.4.3.jar:6.4.3]
	at org.elasticsearch.rest.BaseRestHandler.handleRequest(BaseRestHandler.java:80) ~[elasticsearch-6.4.3.jar:6.4.3]
	at org.elasticsearch.xpack.security.rest.SecurityRestFilter.handleRequest(SecurityRestFilter.java:72) ~[?:?]
	at org.elasticsearch.rest.RestController.dispatchRequest(RestController.java:239) [elasticsearch-6.4.3.jar:6.4.3]
	at org.elasticsearch.rest.RestController.tryAllHandlers(RestController.java:335) [elasticsearch-6.4.3.jar:6.4.3]
	at org.elasticsearch.rest.RestController.dispatchRequest(RestController.java:173) [elasticsearch-6.4.3.jar:6.4.3]
	at org.elasticsearch.http.netty4.Netty4HttpServerTransport.dispatchRequest(Netty4HttpServerTransport.java:538) [transport-netty4-6.4.3.jar:6.4.3]
	at org.elasticsearch.http.netty4.Netty4HttpRequestHandler.channelRead0(Netty4HttpRequestHandler.java:137) [transport-netty4-6.4.3.jar:6.4.3]
	at io.netty.channel.SimpleChannelInboundHandler.channelRead(SimpleChannelInboundHandler.java:105) [netty-transport-4.1.16.Final.jar:4.1.16.Final]
	at io.netty.channel.AbstractChannelHandlerContext.invokeChannelRead(AbstractChannelHandlerContext.java:362) [netty-transport-4.1.16.Final.jar:4.1.16.Final]
	at io.netty.channel.AbstractChannelHandlerContext.invokeChannelRead(AbstractChannelHandlerContext.java:348) [netty-transport-4.1.16.Final.jar:4.1.16.Final]
	at io.netty.channel.AbstractChannelHandlerContext.fireChannelRead(AbstractChannelHandlerContext.java:340) [netty-transport-4.1.16.Final.jar:4.1.16.Final]
	at org.elasticsearch.http.netty4.pipelining.HttpPipeliningHandler.channelRead(HttpPipeliningHandler.java:68) [transport-netty4-6.4.3.jar:6.4.3]
	at io.netty.channel.AbstractChannelHandlerContext.invokeChannelRead(AbstractChannelHandlerContext.java:362) [netty-transport-4.1.16.Final.jar:4.1.16.Final]
	at io.netty.channel.AbstractChannelHandlerContext.invokeChannelRead(AbstractChannelHandlerContext.java:348) [netty-transport-4.1.16.Final.jar:4.1.16.Final]
	at io.netty.channel.AbstractChannelHandlerContext.fireChannelRead(AbstractChannelHandlerContext.java:340) [netty-transport-4.1.16.Final.jar:4.1.16.Final]
	at io.netty.handler.codec.MessageToMessageDecoder.channelRead(MessageToMessageDecoder.java:102) [netty-codec-4.1.16.Final.jar:4.1.16.Final]
	at io.netty.handler.codec.MessageToMessageCodec.channelRead(MessageToMessageCodec.java:111) [netty-codec-4.1.16.Final.jar:4.1.16.Final]
	at io.netty.channel.AbstractChannelHandlerContext.invokeChannelRead(AbstractChannelHandlerContext.java:362) [netty-transport-4.1.16.Final.jar:4.1.16.Final]
	at io.netty.channel.AbstractChannelHandlerContext.invokeChannelRead(AbstractChannelHandlerContext.java:348) [netty-transport-4.1.16.Final.jar:4.1.16.Final]
	at io.netty.channel.AbstractChannelHandlerContext.fireChannelRead(AbstractChannelHandlerContext.java:340) [netty-transport-4.1.16.Final.jar:4.1.16.Final]
	at io.netty.handler.codec.MessageToMessageDecoder.channelRead(MessageToMessageDecoder.java:102) [netty-codec-4.1.16.Final.jar:4.1.16.Final]
	at io.netty.channel.AbstractChannelHandlerContext.invokeChannelRead(AbstractChannelHandlerContext.java:362) [netty-transport-4.1.16.Final.jar:4.1.16.Final]
	at io.netty.channel.AbstractChannelHandlerContext.invokeChannelRead(AbstractChannelHandlerContext.java:348) [netty-transport-4.1.16.Final.jar:4.1.16.Final]
	at io.netty.channel.AbstractChannelHandlerContext.fireChannelRead(AbstractChannelHandlerContext.java:340) [netty-transport-4.1.16.Final.jar:4.1.16.Final]
	at io.netty.handler.codec.MessageToMessageDecoder.channelRead(MessageToMessageDecoder.java:102) [netty-codec-4.1.16.Final.jar:4.1.16.Final]
	at io.netty.channel.AbstractChannelHandlerContext.invokeChannelRead(AbstractChannelHandlerContext.java:362) [netty-transport-4.1.16.Final.jar:4.1.16.Final]
	at io.netty.channel.AbstractChannelHandlerContext.invokeChannelRead(AbstractChannelHandlerContext.java:348) [netty-transport-4.1.16.Final.jar:4.1.16.Final]
	at io.netty.channel.AbstractChannelHandlerContext.fireChannelRead(AbstractChannelHandlerContext.java:340) [netty-transport-4.1.16.Final.jar:4.1.16.Final]
	at io.netty.handler.codec.ByteToMessageDecoder.fireChannelRead(ByteToMessageDecoder.java:310) [netty-codec-4.1.16.Final.jar:4.1.16.Final]
	at io.netty.handler.codec.ByteToMessageDecoder.channelRead(ByteToMessageDecoder.java:284) [netty-codec-4.1.16.Final.jar:4.1.16.Final]
	at io.netty.channel.AbstractChannelHandlerContext.invokeChannelRead(AbstractChannelHandlerContext.java:362) [netty-transport-4.1.16.Final.jar:4.1.16.Final]
	at io.netty.channel.AbstractChannelHandlerContext.invokeChannelRead(AbstractChannelHandlerContext.java:348) [netty-transport-4.1.16.Final.jar:4.1.16.Final]
	at io.netty.channel.AbstractChannelHandlerContext.fireChannelRead(AbstractChannelHandlerContext.java:340) [netty-transport-4.1.16.Final.jar:4.1.16.Final]
	at io.netty.handler.timeout.IdleStateHandler.channelRead(IdleStateHandler.java:286) [netty-handler-4.1.16.Final.jar:4.1.16.Final]
	at io.netty.channel.AbstractChannelHandlerContext.invokeChannelRead(AbstractChannelHandlerContext.java:362) [netty-transport-4.1.16.Final.jar:4.1.16.Final]
	at io.netty.channel.AbstractChannelHandlerContext.invokeChannelRead(AbstractChannelHandlerContext.java:348) [netty-transport-4.1.16.Final.jar:4.1.16.Final]
	at io.netty.channel.AbstractChannelHandlerContext.fireChannelRead(AbstractChannelHandlerContext.java:340) [netty-transport-4.1.16.Final.jar:4.1.16.Final]
	at io.netty.channel.ChannelInboundHandlerAdapter.channelRead(ChannelInboundHandlerAdapter.java:86) [netty-transport-4.1.16.Final.jar:4.1.16.Final]
	at io.netty.channel.AbstractChannelHandlerContext.invokeChannelRead(AbstractChannelHandlerContext.java:362) [netty-transport-4.1.16.Final.jar:4.1.16.Final]
	at io.netty.channel.AbstractChannelHandlerContext.invokeChannelRead(AbstractChannelHandlerContext.java:348) [netty-transport-4.1.16.Final.jar:4.1.16.Final]
	at io.netty.channel.AbstractChannelHandlerContext.fireChannelRead(AbstractChannelHandlerContext.java:340) [netty-transport-4.1.16.Final.jar:4.1.16.Final]
	at io.netty.channel.DefaultChannelPipeline$HeadContext.channelRead(DefaultChannelPipeline.java:1359) [netty-transport-4.1.16.Final.jar:4.1.16.Final]
	at io.netty.channel.AbstractChannelHandlerContext.invokeChannelRead(AbstractChannelHandlerContext.java:362) [netty-transport-4.1.16.Final.jar:4.1.16.Final]
	at io.netty.channel.AbstractChannelHandlerContext.invokeChannelRead(AbstractChannelHandlerContext.java:348) [netty-transport-4.1.16.Final.jar:4.1.16.Final]
	at io.netty.channel.DefaultChannelPipeline.fireChannelRead(DefaultChannelPipeline.java:935) [netty-transport-4.1.16.Final.jar:4.1.16.Final]
	at io.netty.channel.nio.AbstractNioByteChannel$NioByteUnsafe.read(AbstractNioByteChannel.java:134) [netty-transport-4.1.16.Final.jar:4.1.16.Final]
	at io.netty.channel.nio.NioEventLoop.processSelectedKey(NioEventLoop.java:645) [netty-transport-4.1.16.Final.jar:4.1.16.Final]
	at io.netty.channel.nio.NioEventLoop.processSelectedKeysPlain(NioEventLoop.java:545) [netty-transport-4.1.16.Final.jar:4.1.16.Final]
	at io.netty.channel.nio.NioEventLoop.processSelectedKeys(NioEventLoop.java:499) [netty-transport-4.1.16.Final.jar:4.1.16.Final]
	at io.netty.channel.nio.NioEventLoop.run(NioEventLoop.java:459) [netty-transport-4.1.16.Final.jar:4.1.16.Final]
	at io.netty.util.concurrent.SingleThreadEventExecutor$5.run(SingleThreadEventExecutor.java:858) [netty-common-4.1.16.Final.jar:4.1.16.Final]
	at java.lang.Thread.run(Thread.java:844) [?:?]
[2018-11-13T09:42:44,961][INFO ][o.e.x.m.j.p.NativeController] Native controller process has stopped - no new native processes can be started
[2018-11-13T09:42:44,963][INFO ][o.e.n.Node               ] [vf-za_P] stopping ...
[2018-11-13T09:42:44,975][INFO ][o.e.x.w.WatcherService   ] [vf-za_P] stopping watch service, reason [shutdown initiated]
[2018-11-13T09:42:45,212][INFO ][o.e.n.Node               ] [vf-za_P] stopped
[2018-11-13T09:42:45,213][INFO ][o.e.n.Node               ] [vf-za_P] closing ...
[2018-11-13T09:42:45,226][INFO ][o.e.n.Node               ] [vf-za_P] closed
[2018-11-13T09:42:54,265][INFO ][o.e.n.Node               ] [] initializing ...
[2018-11-13T09:42:54,354][INFO ][o.e.e.NodeEnvironment    ] [vf-za_P] using [1] data paths, mounts [[/ (/dev/disk1s1)]], net usable_space [53.9gb], net total_space [112.7gb], types [apfs]
[2018-11-13T09:42:54,355][INFO ][o.e.e.NodeEnvironment    ] [vf-za_P] heap size [990.7mb], compressed ordinary object pointers [true]
[2018-11-13T09:42:54,374][INFO ][o.e.n.Node               ] [vf-za_P] node name derived from node ID [vf-za_PTQGeJZP1i0ynoQg]; set [node.name] to override
[2018-11-13T09:42:54,375][INFO ][o.e.n.Node               ] [vf-za_P] version[6.4.3], pid[14367], build[default/tar/fe40335/2018-10-30T23:17:19.084789Z], OS[Mac OS X/10.14/x86_64], JVM["Oracle Corporation"/Java HotSpot(TM) 64-Bit Server VM/10.0.2/10.0.2+13]
[2018-11-13T09:42:54,375][INFO ][o.e.n.Node               ] [vf-za_P] JVM arguments [-Xms1g, -Xmx1g, -XX:+UseConcMarkSweepGC, -XX:CMSInitiatingOccupancyFraction=75, -XX:+UseCMSInitiatingOccupancyOnly, -XX:+AlwaysPreTouch, -Xss1m, -Djava.awt.headless=true, -Dfile.encoding=UTF-8, -Djna.nosys=true, -XX:-OmitStackTraceInFastThrow, -Dio.netty.noUnsafe=true, -Dio.netty.noKeySetOptimization=true, -Dio.netty.recycler.maxCapacityPerThread=0, -Dlog4j.shutdownHookEnabled=false, -Dlog4j2.disable.jmx=true, -Djava.io.tmpdir=/var/folders/cw/z5mq6b3d5gxg328jfr8gskwr0000gn/T/elasticsearch.cqR7cBA3, -XX:+HeapDumpOnOutOfMemoryError, -XX:HeapDumpPath=data, -XX:ErrorFile=logs/hs_err_pid%p.log, -Xlog:gc*,gc+age=trace,safepoint:file=logs/gc.log:utctime,pid,tags:filecount=32,filesize=64m, -Djava.locale.providers=COMPAT, -XX:UseAVX=2, -Des.path.home=/Users/hirt/Desktop/INSA/2018,2019/WS/Server/elasticsearch-6.4.3, -Des.path.conf=/Users/hirt/Desktop/INSA/2018,2019/WS/Server/elasticsearch-6.4.3/config, -Des.distribution.flavor=default, -Des.distribution.type=tar]
[2018-11-13T09:42:55,862][INFO ][o.e.p.PluginsService     ] [vf-za_P] loaded module [aggs-matrix-stats]
[2018-11-13T09:42:55,863][INFO ][o.e.p.PluginsService     ] [vf-za_P] loaded module [analysis-common]
[2018-11-13T09:42:55,863][INFO ][o.e.p.PluginsService     ] [vf-za_P] loaded module [ingest-common]
[2018-11-13T09:42:55,863][INFO ][o.e.p.PluginsService     ] [vf-za_P] loaded module [lang-expression]
[2018-11-13T09:42:55,863][INFO ][o.e.p.PluginsService     ] [vf-za_P] loaded module [lang-mustache]
[2018-11-13T09:42:55,863][INFO ][o.e.p.PluginsService     ] [vf-za_P] loaded module [lang-painless]
[2018-11-13T09:42:55,864][INFO ][o.e.p.PluginsService     ] [vf-za_P] loaded module [mapper-extras]
[2018-11-13T09:42:55,864][INFO ][o.e.p.PluginsService     ] [vf-za_P] loaded module [parent-join]
[2018-11-13T09:42:55,864][INFO ][o.e.p.PluginsService     ] [vf-za_P] loaded module [percolator]
[2018-11-13T09:42:55,864][INFO ][o.e.p.PluginsService     ] [vf-za_P] loaded module [rank-eval]
[2018-11-13T09:42:55,865][INFO ][o.e.p.PluginsService     ] [vf-za_P] loaded module [reindex]
[2018-11-13T09:42:55,865][INFO ][o.e.p.PluginsService     ] [vf-za_P] loaded module [repository-url]
[2018-11-13T09:42:55,865][INFO ][o.e.p.PluginsService     ] [vf-za_P] loaded module [transport-netty4]
[2018-11-13T09:42:55,865][INFO ][o.e.p.PluginsService     ] [vf-za_P] loaded module [tribe]
[2018-11-13T09:42:55,866][INFO ][o.e.p.PluginsService     ] [vf-za_P] loaded module [x-pack-core]
[2018-11-13T09:42:55,866][INFO ][o.e.p.PluginsService     ] [vf-za_P] loaded module [x-pack-deprecation]
[2018-11-13T09:42:55,866][INFO ][o.e.p.PluginsService     ] [vf-za_P] loaded module [x-pack-graph]
[2018-11-13T09:42:55,866][INFO ][o.e.p.PluginsService     ] [vf-za_P] loaded module [x-pack-logstash]
[2018-11-13T09:42:55,866][INFO ][o.e.p.PluginsService     ] [vf-za_P] loaded module [x-pack-ml]
[2018-11-13T09:42:55,866][INFO ][o.e.p.PluginsService     ] [vf-za_P] loaded module [x-pack-monitoring]
[2018-11-13T09:42:55,867][INFO ][o.e.p.PluginsService     ] [vf-za_P] loaded module [x-pack-rollup]
[2018-11-13T09:42:55,867][INFO ][o.e.p.PluginsService     ] [vf-za_P] loaded module [x-pack-security]
[2018-11-13T09:42:55,867][INFO ][o.e.p.PluginsService     ] [vf-za_P] loaded module [x-pack-sql]
[2018-11-13T09:42:55,867][INFO ][o.e.p.PluginsService     ] [vf-za_P] loaded module [x-pack-upgrade]
[2018-11-13T09:42:55,867][INFO ][o.e.p.PluginsService     ] [vf-za_P] loaded module [x-pack-watcher]
[2018-11-13T09:42:55,868][INFO ][o.e.p.PluginsService     ] [vf-za_P] no plugins loaded
[2018-11-13T09:42:59,801][INFO ][o.e.x.s.a.s.FileRolesStore] [vf-za_P] parsed [0] roles from file [/Users/hirt/Desktop/INSA/2018,2019/WS/Server/elasticsearch-6.4.3/config/roles.yml]
[2018-11-13T09:43:00,287][INFO ][o.e.x.m.j.p.l.CppLogMessageHandler] [controller/14387] [Main.cc@109] controller (64 bit): Version 6.4.3 (Build 7a0781676dd492) Copyright (c) 2018 Elasticsearch BV
[2018-11-13T09:43:00,688][DEBUG][o.e.a.ActionModule       ] Using REST wrapper from plugin org.elasticsearch.xpack.security.Security
[2018-11-13T09:43:00,924][INFO ][o.e.d.DiscoveryModule    ] [vf-za_P] using discovery type [zen]
[2018-11-13T09:43:01,672][INFO ][o.e.n.Node               ] [vf-za_P] initialized
[2018-11-13T09:43:01,673][INFO ][o.e.n.Node               ] [vf-za_P] starting ...
[2018-11-13T09:43:06,857][INFO ][o.e.t.TransportService   ] [vf-za_P] publish_address {127.0.0.1:9300}, bound_addresses {[::1]:9300}, {127.0.0.1:9300}
[2018-11-13T09:43:09,958][INFO ][o.e.c.s.MasterService    ] [vf-za_P] zen-disco-elected-as-master ([0] nodes joined)[, ], reason: new_master {vf-za_P}{vf-za_PTQGeJZP1i0ynoQg}{YZzyrMbKSaiZE9Mwf62LJg}{127.0.0.1}{127.0.0.1:9300}{ml.machine_memory=8589934592, xpack.installed=true, ml.max_open_jobs=20, ml.enabled=true}
[2018-11-13T09:43:09,963][INFO ][o.e.c.s.ClusterApplierService] [vf-za_P] new_master {vf-za_P}{vf-za_PTQGeJZP1i0ynoQg}{YZzyrMbKSaiZE9Mwf62LJg}{127.0.0.1}{127.0.0.1:9300}{ml.machine_memory=8589934592, xpack.installed=true, ml.max_open_jobs=20, ml.enabled=true}, reason: apply cluster state (from master [master {vf-za_P}{vf-za_PTQGeJZP1i0ynoQg}{YZzyrMbKSaiZE9Mwf62LJg}{127.0.0.1}{127.0.0.1:9300}{ml.machine_memory=8589934592, xpack.installed=true, ml.max_open_jobs=20, ml.enabled=true} committed version [1] source [zen-disco-elected-as-master ([0] nodes joined)[, ]]])
[2018-11-13T09:43:09,992][INFO ][o.e.x.s.t.n.SecurityNetty4HttpServerTransport] [vf-za_P] publish_address {127.0.0.1:9200}, bound_addresses {[::1]:9200}, {127.0.0.1:9200}
[2018-11-13T09:43:09,994][INFO ][o.e.n.Node               ] [vf-za_P] started
[2018-11-13T09:43:10,403][WARN ][o.e.x.s.a.s.m.NativeRoleMappingStore] [vf-za_P] Failed to clear cache for realms [[]]
[2018-11-13T09:43:10,435][INFO ][o.e.l.LicenseService     ] [vf-za_P] license [978472d0-542a-403d-af4f-c5ab531122a6] mode [basic] - valid
[2018-11-13T09:43:10,447][INFO ][o.e.g.GatewayService     ] [vf-za_P] recovered [1] indices into cluster_state
[2018-11-13T09:43:10,827][INFO ][o.e.c.r.a.AllocationService] [vf-za_P] Cluster health status changed from [RED] to [YELLOW] (reason: [shards started [[ws][1]] ...]).
[2018-11-13T09:45:12,513][WARN ][r.suppressed             ] path: /_bulk, params: {}
com.fasterxml.jackson.core.JsonParseException: Unexpected character ('i' (code 105)): was expecting double-quote to start field name
 at [Source: org.elasticsearch.transport.netty4.ByteBufStreamInput@5231ad73; line: 1, column: 4]
	at com.fasterxml.jackson.core.JsonParser._constructError(JsonParser.java:1702) ~[jackson-core-2.8.10.jar:2.8.10]
	at com.fasterxml.jackson.core.base.ParserMinimalBase._reportError(ParserMinimalBase.java:558) ~[jackson-core-2.8.10.jar:2.8.10]
	at com.fasterxml.jackson.core.base.ParserMinimalBase._reportUnexpectedChar(ParserMinimalBase.java:456) ~[jackson-core-2.8.10.jar:2.8.10]
	at com.fasterxml.jackson.core.json.UTF8StreamJsonParser._handleOddName(UTF8StreamJsonParser.java:2054) ~[jackson-core-2.8.10.jar:2.8.10]
	at com.fasterxml.jackson.core.json.UTF8StreamJsonParser._parseName(UTF8StreamJsonParser.java:1701) ~[jackson-core-2.8.10.jar:2.8.10]
	at com.fasterxml.jackson.core.json.UTF8StreamJsonParser.nextToken(UTF8StreamJsonParser.java:776) ~[jackson-core-2.8.10.jar:2.8.10]
	at org.elasticsearch.common.xcontent.json.JsonXContentParser.nextToken(JsonXContentParser.java:53) ~[elasticsearch-x-content-6.4.3.jar:6.4.3]
	at org.elasticsearch.action.bulk.BulkRequest.add(BulkRequest.java:325) ~[elasticsearch-6.4.3.jar:6.4.3]
	at org.elasticsearch.rest.action.document.RestBulkAction.prepareRequest(RestBulkAction.java:94) ~[elasticsearch-6.4.3.jar:6.4.3]
	at org.elasticsearch.rest.BaseRestHandler.handleRequest(BaseRestHandler.java:80) ~[elasticsearch-6.4.3.jar:6.4.3]
	at org.elasticsearch.xpack.security.rest.SecurityRestFilter.handleRequest(SecurityRestFilter.java:72) ~[?:?]
	at org.elasticsearch.rest.RestController.dispatchRequest(RestController.java:239) [elasticsearch-6.4.3.jar:6.4.3]
	at org.elasticsearch.rest.RestController.tryAllHandlers(RestController.java:335) [elasticsearch-6.4.3.jar:6.4.3]
	at org.elasticsearch.rest.RestController.dispatchRequest(RestController.java:173) [elasticsearch-6.4.3.jar:6.4.3]
	at org.elasticsearch.http.netty4.Netty4HttpServerTransport.dispatchRequest(Netty4HttpServerTransport.java:538) [transport-netty4-6.4.3.jar:6.4.3]
	at org.elasticsearch.http.netty4.Netty4HttpRequestHandler.channelRead0(Netty4HttpRequestHandler.java:137) [transport-netty4-6.4.3.jar:6.4.3]
	at io.netty.channel.SimpleChannelInboundHandler.channelRead(SimpleChannelInboundHandler.java:105) [netty-transport-4.1.16.Final.jar:4.1.16.Final]
	at io.netty.channel.AbstractChannelHandlerContext.invokeChannelRead(AbstractChannelHandlerContext.java:362) [netty-transport-4.1.16.Final.jar:4.1.16.Final]
	at io.netty.channel.AbstractChannelHandlerContext.invokeChannelRead(AbstractChannelHandlerContext.java:348) [netty-transport-4.1.16.Final.jar:4.1.16.Final]
	at io.netty.channel.AbstractChannelHandlerContext.fireChannelRead(AbstractChannelHandlerContext.java:340) [netty-transport-4.1.16.Final.jar:4.1.16.Final]
	at org.elasticsearch.http.netty4.pipelining.HttpPipeliningHandler.channelRead(HttpPipeliningHandler.java:68) [transport-netty4-6.4.3.jar:6.4.3]
	at io.netty.channel.AbstractChannelHandlerContext.invokeChannelRead(AbstractChannelHandlerContext.java:362) [netty-transport-4.1.16.Final.jar:4.1.16.Final]
	at io.netty.channel.AbstractChannelHandlerContext.invokeChannelRead(AbstractChannelHandlerContext.java:348) [netty-transport-4.1.16.Final.jar:4.1.16.Final]
	at io.netty.channel.AbstractChannelHandlerContext.fireChannelRead(AbstractChannelHandlerContext.java:340) [netty-transport-4.1.16.Final.jar:4.1.16.Final]
	at io.netty.handler.codec.MessageToMessageDecoder.channelRead(MessageToMessageDecoder.java:102) [netty-codec-4.1.16.Final.jar:4.1.16.Final]
	at io.netty.handler.codec.MessageToMessageCodec.channelRead(MessageToMessageCodec.java:111) [netty-codec-4.1.16.Final.jar:4.1.16.Final]
	at io.netty.channel.AbstractChannelHandlerContext.invokeChannelRead(AbstractChannelHandlerContext.java:362) [netty-transport-4.1.16.Final.jar:4.1.16.Final]
	at io.netty.channel.AbstractChannelHandlerContext.invokeChannelRead(AbstractChannelHandlerContext.java:348) [netty-transport-4.1.16.Final.jar:4.1.16.Final]
	at io.netty.channel.AbstractChannelHandlerContext.fireChannelRead(AbstractChannelHandlerContext.java:340) [netty-transport-4.1.16.Final.jar:4.1.16.Final]
	at io.netty.handler.codec.MessageToMessageDecoder.channelRead(MessageToMessageDecoder.java:102) [netty-codec-4.1.16.Final.jar:4.1.16.Final]
	at io.netty.channel.AbstractChannelHandlerContext.invokeChannelRead(AbstractChannelHandlerContext.java:362) [netty-transport-4.1.16.Final.jar:4.1.16.Final]
	at io.netty.channel.AbstractChannelHandlerContext.invokeChannelRead(AbstractChannelHandlerContext.java:348) [netty-transport-4.1.16.Final.jar:4.1.16.Final]
	at io.netty.channel.AbstractChannelHandlerContext.fireChannelRead(AbstractChannelHandlerContext.java:340) [netty-transport-4.1.16.Final.jar:4.1.16.Final]
	at io.netty.handler.codec.MessageToMessageDecoder.channelRead(MessageToMessageDecoder.java:102) [netty-codec-4.1.16.Final.jar:4.1.16.Final]
	at io.netty.channel.AbstractChannelHandlerContext.invokeChannelRead(AbstractChannelHandlerContext.java:362) [netty-transport-4.1.16.Final.jar:4.1.16.Final]
	at io.netty.channel.AbstractChannelHandlerContext.invokeChannelRead(AbstractChannelHandlerContext.java:348) [netty-transport-4.1.16.Final.jar:4.1.16.Final]
	at io.netty.channel.AbstractChannelHandlerContext.fireChannelRead(AbstractChannelHandlerContext.java:340) [netty-transport-4.1.16.Final.jar:4.1.16.Final]
	at io.netty.handler.codec.ByteToMessageDecoder.fireChannelRead(ByteToMessageDecoder.java:310) [netty-codec-4.1.16.Final.jar:4.1.16.Final]
	at io.netty.handler.codec.ByteToMessageDecoder.channelRead(ByteToMessageDecoder.java:284) [netty-codec-4.1.16.Final.jar:4.1.16.Final]
	at io.netty.channel.AbstractChannelHandlerContext.invokeChannelRead(AbstractChannelHandlerContext.java:362) [netty-transport-4.1.16.Final.jar:4.1.16.Final]
	at io.netty.channel.AbstractChannelHandlerContext.invokeChannelRead(AbstractChannelHandlerContext.java:348) [netty-transport-4.1.16.Final.jar:4.1.16.Final]
	at io.netty.channel.AbstractChannelHandlerContext.fireChannelRead(AbstractChannelHandlerContext.java:340) [netty-transport-4.1.16.Final.jar:4.1.16.Final]
	at io.netty.handler.timeout.IdleStateHandler.channelRead(IdleStateHandler.java:286) [netty-handler-4.1.16.Final.jar:4.1.16.Final]
	at io.netty.channel.AbstractChannelHandlerContext.invokeChannelRead(AbstractChannelHandlerContext.java:362) [netty-transport-4.1.16.Final.jar:4.1.16.Final]
	at io.netty.channel.AbstractChannelHandlerContext.invokeChannelRead(AbstractChannelHandlerContext.java:348) [netty-transport-4.1.16.Final.jar:4.1.16.Final]
	at io.netty.channel.AbstractChannelHandlerContext.fireChannelRead(AbstractChannelHandlerContext.java:340) [netty-transport-4.1.16.Final.jar:4.1.16.Final]
	at io.netty.channel.ChannelInboundHandlerAdapter.channelRead(ChannelInboundHandlerAdapter.java:86) [netty-transport-4.1.16.Final.jar:4.1.16.Final]
	at io.netty.channel.AbstractChannelHandlerContext.invokeChannelRead(AbstractChannelHandlerContext.java:362) [netty-transport-4.1.16.Final.jar:4.1.16.Final]
	at io.netty.channel.AbstractChannelHandlerContext.invokeChannelRead(AbstractChannelHandlerContext.java:348) [netty-transport-4.1.16.Final.jar:4.1.16.Final]
	at io.netty.channel.AbstractChannelHandlerContext.fireChannelRead(AbstractChannelHandlerContext.java:340) [netty-transport-4.1.16.Final.jar:4.1.16.Final]
	at io.netty.channel.DefaultChannelPipeline$HeadContext.channelRead(DefaultChannelPipeline.java:1359) [netty-transport-4.1.16.Final.jar:4.1.16.Final]
	at io.netty.channel.AbstractChannelHandlerContext.invokeChannelRead(AbstractChannelHandlerContext.java:362) [netty-transport-4.1.16.Final.jar:4.1.16.Final]
	at io.netty.channel.AbstractChannelHandlerContext.invokeChannelRead(AbstractChannelHandlerContext.java:348) [netty-transport-4.1.16.Final.jar:4.1.16.Final]
	at io.netty.channel.DefaultChannelPipeline.fireChannelRead(DefaultChannelPipeline.java:935) [netty-transport-4.1.16.Final.jar:4.1.16.Final]
	at io.netty.channel.nio.AbstractNioByteChannel$NioByteUnsafe.read(AbstractNioByteChannel.java:134) [netty-transport-4.1.16.Final.jar:4.1.16.Final]
	at io.netty.channel.nio.NioEventLoop.processSelectedKey(NioEventLoop.java:645) [netty-transport-4.1.16.Final.jar:4.1.16.Final]
	at io.netty.channel.nio.NioEventLoop.processSelectedKeysPlain(NioEventLoop.java:545) [netty-transport-4.1.16.Final.jar:4.1.16.Final]
	at io.netty.channel.nio.NioEventLoop.processSelectedKeys(NioEventLoop.java:499) [netty-transport-4.1.16.Final.jar:4.1.16.Final]
	at io.netty.channel.nio.NioEventLoop.run(NioEventLoop.java:459) [netty-transport-4.1.16.Final.jar:4.1.16.Final]
	at io.netty.util.concurrent.SingleThreadEventExecutor$5.run(SingleThreadEventExecutor.java:858) [netty-common-4.1.16.Final.jar:4.1.16.Final]
	at java.lang.Thread.run(Thread.java:844) [?:?]
[2018-11-13T09:48:36,373][INFO ][o.e.c.m.MetaDataDeleteIndexService] [vf-za_P] [ws/HfpY0wUZQtu5XFe5srAUww] deleting index
[2018-11-13T09:54:38,245][INFO ][o.e.c.m.MetaDataCreateIndexService] [vf-za_P] [ws] creating index, cause [auto(bulk api)], templates [], shards [5]/[1], mappings []
[2018-11-13T09:54:38,643][INFO ][o.e.c.m.MetaDataMappingService] [vf-za_P] [ws/Oz_EZb_SQeegNKZgy4F6gg] create_mapping [shows]
[2018-11-13T09:58:35,723][DEBUG][o.e.a.a.i.m.p.TransportPutMappingAction] [vf-za_P] failed to put mappings on indices [[[ws/Oz_EZb_SQeegNKZgy4F6gg]]], type [_query]
org.elasticsearch.indices.InvalidTypeNameException: Document mapping type name can't start with '_', found: [_query]
	at org.elasticsearch.cluster.metadata.MetaDataMappingService$PutMappingExecutor.applyRequest(MetaDataMappingService.java:298) ~[elasticsearch-6.4.3.jar:6.4.3]
	at org.elasticsearch.cluster.metadata.MetaDataMappingService$PutMappingExecutor.execute(MetaDataMappingService.java:229) ~[elasticsearch-6.4.3.jar:6.4.3]
	at org.elasticsearch.cluster.service.MasterService.executeTasks(MasterService.java:639) ~[elasticsearch-6.4.3.jar:6.4.3]
	at org.elasticsearch.cluster.service.MasterService.calculateTaskOutputs(MasterService.java:268) ~[elasticsearch-6.4.3.jar:6.4.3]
	at org.elasticsearch.cluster.service.MasterService.runTasks(MasterService.java:198) [elasticsearch-6.4.3.jar:6.4.3]
	at org.elasticsearch.cluster.service.MasterService$Batcher.run(MasterService.java:133) [elasticsearch-6.4.3.jar:6.4.3]
	at org.elasticsearch.cluster.service.TaskBatcher.runIfNotProcessed(TaskBatcher.java:150) [elasticsearch-6.4.3.jar:6.4.3]
	at org.elasticsearch.cluster.service.TaskBatcher$BatchedTask.run(TaskBatcher.java:188) [elasticsearch-6.4.3.jar:6.4.3]
	at org.elasticsearch.common.util.concurrent.ThreadContext$ContextPreservingRunnable.run(ThreadContext.java:624) [elasticsearch-6.4.3.jar:6.4.3]
	at org.elasticsearch.common.util.concurrent.PrioritizedEsThreadPoolExecutor$TieBreakingPrioritizedRunnable.runAndClean(PrioritizedEsThreadPoolExecutor.java:244) [elasticsearch-6.4.3.jar:6.4.3]
	at org.elasticsearch.common.util.concurrent.PrioritizedEsThreadPoolExecutor$TieBreakingPrioritizedRunnable.run(PrioritizedEsThreadPoolExecutor.java:207) [elasticsearch-6.4.3.jar:6.4.3]
	at java.util.concurrent.ThreadPoolExecutor.runWorker(ThreadPoolExecutor.java:1135) [?:?]
	at java.util.concurrent.ThreadPoolExecutor$Worker.run(ThreadPoolExecutor.java:635) [?:?]
	at java.lang.Thread.run(Thread.java:844) [?:?]
[2018-11-13T09:58:35,731][DEBUG][o.e.a.b.TransportShardBulkAction] [ws][2] failed to execute bulk item (index) BulkShardRequest [[ws][2]] containing [index {[ws][_query][d49LDGcBP0p7y7u6OQ5A], source[{
  "query":
  { "wildcard": 
   { "name.value" : "*fab*" }
  }
}
]}]
org.elasticsearch.indices.InvalidTypeNameException: Document mapping type name can't start with '_', found: [_query]
	at org.elasticsearch.cluster.metadata.MetaDataMappingService$PutMappingExecutor.applyRequest(MetaDataMappingService.java:298) ~[elasticsearch-6.4.3.jar:6.4.3]
	at org.elasticsearch.cluster.metadata.MetaDataMappingService$PutMappingExecutor.execute(MetaDataMappingService.java:229) ~[elasticsearch-6.4.3.jar:6.4.3]
	at org.elasticsearch.cluster.service.MasterService.executeTasks(MasterService.java:639) ~[elasticsearch-6.4.3.jar:6.4.3]
	at org.elasticsearch.cluster.service.MasterService.calculateTaskOutputs(MasterService.java:268) ~[elasticsearch-6.4.3.jar:6.4.3]
	at org.elasticsearch.cluster.service.MasterService.runTasks(MasterService.java:198) ~[elasticsearch-6.4.3.jar:6.4.3]
	at org.elasticsearch.cluster.service.MasterService$Batcher.run(MasterService.java:133) ~[elasticsearch-6.4.3.jar:6.4.3]
	at org.elasticsearch.cluster.service.TaskBatcher.runIfNotProcessed(TaskBatcher.java:150) ~[elasticsearch-6.4.3.jar:6.4.3]
	at org.elasticsearch.cluster.service.TaskBatcher$BatchedTask.run(TaskBatcher.java:188) ~[elasticsearch-6.4.3.jar:6.4.3]
	at org.elasticsearch.common.util.concurrent.ThreadContext$ContextPreservingRunnable.run(ThreadContext.java:624) ~[elasticsearch-6.4.3.jar:6.4.3]
	at org.elasticsearch.common.util.concurrent.PrioritizedEsThreadPoolExecutor$TieBreakingPrioritizedRunnable.runAndClean(PrioritizedEsThreadPoolExecutor.java:244) ~[elasticsearch-6.4.3.jar:6.4.3]
	at org.elasticsearch.common.util.concurrent.PrioritizedEsThreadPoolExecutor$TieBreakingPrioritizedRunnable.run(PrioritizedEsThreadPoolExecutor.java:207) ~[elasticsearch-6.4.3.jar:6.4.3]
	at java.util.concurrent.ThreadPoolExecutor.runWorker(ThreadPoolExecutor.java:1135) [?:?]
	at java.util.concurrent.ThreadPoolExecutor$Worker.run(ThreadPoolExecutor.java:635) [?:?]
	at java.lang.Thread.run(Thread.java:844) [?:?]
[2018-11-13T10:08:53,984][INFO ][o.e.c.m.MetaDataMappingService] [vf-za_P] [ws/Oz_EZb_SQeegNKZgy4F6gg] update_mapping [shows]
[2018-11-13T10:16:23,145][INFO ][o.e.c.m.MetaDataIndexTemplateService] [vf-za_P] adding template [kibana_index_template:.kibana] for index patterns [.kibana]
[2018-11-13T10:16:23,267][INFO ][o.e.c.m.MetaDataCreateIndexService] [vf-za_P] [.kibana] creating index, cause [auto(bulk api)], templates [kibana_index_template:.kibana], shards [1]/[1], mappings [doc]
[2018-11-13T10:16:23,271][INFO ][o.e.c.r.a.AllocationService] [vf-za_P] updating number_of_replicas to [0] for indices [.kibana]
[2018-11-13T10:16:24,326][INFO ][o.e.c.m.MetaDataIndexTemplateService] [vf-za_P] adding template [kibana_index_template:.kibana] for index patterns [.kibana]
[2018-11-13T10:16:24,382][INFO ][o.e.c.m.MetaDataIndexTemplateService] [vf-za_P] adding template [kibana_index_template:.kibana] for index patterns [.kibana]
[2018-11-13T10:16:25,330][INFO ][o.e.c.m.MetaDataIndexTemplateService] [vf-za_P] adding template [kibana_index_template:.kibana] for index patterns [.kibana]
[2018-11-13T10:16:25,354][INFO ][o.e.c.m.MetaDataMappingService] [vf-za_P] [.kibana/bHztcSq8TQWZQdWQbw5YjQ] update_mapping [doc]
[2018-11-13T10:16:26,855][INFO ][o.e.c.m.MetaDataIndexTemplateService] [vf-za_P] adding template [kibana_index_template:.kibana] for index patterns [.kibana]
[2018-11-13T22:31:26,397][INFO ][o.e.x.m.j.p.NativeController] Native controller process has stopped - no new native processes can be started
[2018-11-13T22:31:26,413][INFO ][o.e.n.Node               ] [vf-za_P] stopping ...
[2018-11-13T22:31:26,468][INFO ][o.e.x.w.WatcherService   ] [vf-za_P] stopping watch service, reason [shutdown initiated]
[2018-11-13T22:31:26,813][INFO ][o.e.n.Node               ] [vf-za_P] stopped
[2018-11-13T22:31:26,814][INFO ][o.e.n.Node               ] [vf-za_P] closing ...
[2018-11-13T22:31:26,847][INFO ][o.e.n.Node               ] [vf-za_P] closed
[2018-11-13T22:31:36,750][INFO ][o.e.n.Node               ] [] initializing ...
[2018-11-13T22:31:36,851][INFO ][o.e.e.NodeEnvironment    ] [vf-za_P] using [1] data paths, mounts [[/ (/dev/disk1s1)]], net usable_space [53.5gb], net total_space [112.7gb], types [apfs]
[2018-11-13T22:31:36,852][INFO ][o.e.e.NodeEnvironment    ] [vf-za_P] heap size [990.7mb], compressed ordinary object pointers [true]
[2018-11-13T22:31:36,878][INFO ][o.e.n.Node               ] [vf-za_P] node name derived from node ID [vf-za_PTQGeJZP1i0ynoQg]; set [node.name] to override
[2018-11-13T22:31:36,879][INFO ][o.e.n.Node               ] [vf-za_P] version[6.4.3], pid[19698], build[default/tar/fe40335/2018-10-30T23:17:19.084789Z], OS[Mac OS X/10.14/x86_64], JVM["Oracle Corporation"/Java HotSpot(TM) 64-Bit Server VM/10.0.2/10.0.2+13]
[2018-11-13T22:31:36,879][INFO ][o.e.n.Node               ] [vf-za_P] JVM arguments [-Xms1g, -Xmx1g, -XX:+UseConcMarkSweepGC, -XX:CMSInitiatingOccupancyFraction=75, -XX:+UseCMSInitiatingOccupancyOnly, -XX:+AlwaysPreTouch, -Xss1m, -Djava.awt.headless=true, -Dfile.encoding=UTF-8, -Djna.nosys=true, -XX:-OmitStackTraceInFastThrow, -Dio.netty.noUnsafe=true, -Dio.netty.noKeySetOptimization=true, -Dio.netty.recycler.maxCapacityPerThread=0, -Dlog4j.shutdownHookEnabled=false, -Dlog4j2.disable.jmx=true, -Djava.io.tmpdir=/var/folders/cw/z5mq6b3d5gxg328jfr8gskwr0000gn/T/elasticsearch.78VxHc5V, -XX:+HeapDumpOnOutOfMemoryError, -XX:HeapDumpPath=data, -XX:ErrorFile=logs/hs_err_pid%p.log, -Xlog:gc*,gc+age=trace,safepoint:file=logs/gc.log:utctime,pid,tags:filecount=32,filesize=64m, -Djava.locale.providers=COMPAT, -XX:UseAVX=2, -Des.path.home=/Users/hirt/Desktop/INSA/2018,2019/WS/Server/elasticsearch-6.4.3, -Des.path.conf=/Users/hirt/Desktop/INSA/2018,2019/WS/Server/elasticsearch-6.4.3/config, -Des.distribution.flavor=default, -Des.distribution.type=tar]
[2018-11-13T22:31:38,781][INFO ][o.e.p.PluginsService     ] [vf-za_P] loaded module [aggs-matrix-stats]
[2018-11-13T22:31:38,781][INFO ][o.e.p.PluginsService     ] [vf-za_P] loaded module [analysis-common]
[2018-11-13T22:31:38,781][INFO ][o.e.p.PluginsService     ] [vf-za_P] loaded module [ingest-common]
[2018-11-13T22:31:38,782][INFO ][o.e.p.PluginsService     ] [vf-za_P] loaded module [lang-expression]
[2018-11-13T22:31:38,782][INFO ][o.e.p.PluginsService     ] [vf-za_P] loaded module [lang-mustache]
[2018-11-13T22:31:38,782][INFO ][o.e.p.PluginsService     ] [vf-za_P] loaded module [lang-painless]
[2018-11-13T22:31:38,782][INFO ][o.e.p.PluginsService     ] [vf-za_P] loaded module [mapper-extras]
[2018-11-13T22:31:38,782][INFO ][o.e.p.PluginsService     ] [vf-za_P] loaded module [parent-join]
[2018-11-13T22:31:38,782][INFO ][o.e.p.PluginsService     ] [vf-za_P] loaded module [percolator]
[2018-11-13T22:31:38,783][INFO ][o.e.p.PluginsService     ] [vf-za_P] loaded module [rank-eval]
[2018-11-13T22:31:38,783][INFO ][o.e.p.PluginsService     ] [vf-za_P] loaded module [reindex]
[2018-11-13T22:31:38,783][INFO ][o.e.p.PluginsService     ] [vf-za_P] loaded module [repository-url]
[2018-11-13T22:31:38,783][INFO ][o.e.p.PluginsService     ] [vf-za_P] loaded module [transport-netty4]
[2018-11-13T22:31:38,783][INFO ][o.e.p.PluginsService     ] [vf-za_P] loaded module [tribe]
[2018-11-13T22:31:38,783][INFO ][o.e.p.PluginsService     ] [vf-za_P] loaded module [x-pack-core]
[2018-11-13T22:31:38,783][INFO ][o.e.p.PluginsService     ] [vf-za_P] loaded module [x-pack-deprecation]
[2018-11-13T22:31:38,784][INFO ][o.e.p.PluginsService     ] [vf-za_P] loaded module [x-pack-graph]
[2018-11-13T22:31:38,784][INFO ][o.e.p.PluginsService     ] [vf-za_P] loaded module [x-pack-logstash]
[2018-11-13T22:31:38,784][INFO ][o.e.p.PluginsService     ] [vf-za_P] loaded module [x-pack-ml]
[2018-11-13T22:31:38,784][INFO ][o.e.p.PluginsService     ] [vf-za_P] loaded module [x-pack-monitoring]
[2018-11-13T22:31:38,784][INFO ][o.e.p.PluginsService     ] [vf-za_P] loaded module [x-pack-rollup]
[2018-11-13T22:31:38,784][INFO ][o.e.p.PluginsService     ] [vf-za_P] loaded module [x-pack-security]
[2018-11-13T22:31:38,784][INFO ][o.e.p.PluginsService     ] [vf-za_P] loaded module [x-pack-sql]
[2018-11-13T22:31:38,785][INFO ][o.e.p.PluginsService     ] [vf-za_P] loaded module [x-pack-upgrade]
[2018-11-13T22:31:38,785][INFO ][o.e.p.PluginsService     ] [vf-za_P] loaded module [x-pack-watcher]
[2018-11-13T22:31:38,785][INFO ][o.e.p.PluginsService     ] [vf-za_P] no plugins loaded
[2018-11-13T22:31:43,150][INFO ][o.e.x.s.a.s.FileRolesStore] [vf-za_P] parsed [0] roles from file [/Users/hirt/Desktop/INSA/2018,2019/WS/Server/elasticsearch-6.4.3/config/roles.yml]
[2018-11-13T22:31:43,661][INFO ][o.e.x.m.j.p.l.CppLogMessageHandler] [controller/19719] [Main.cc@109] controller (64 bit): Version 6.4.3 (Build 7a0781676dd492) Copyright (c) 2018 Elasticsearch BV
[2018-11-13T22:31:44,083][DEBUG][o.e.a.ActionModule       ] Using REST wrapper from plugin org.elasticsearch.xpack.security.Security
[2018-11-13T22:31:44,372][INFO ][o.e.d.DiscoveryModule    ] [vf-za_P] using discovery type [zen]
[2018-11-13T22:31:45,096][INFO ][o.e.n.Node               ] [vf-za_P] initialized
[2018-11-13T22:31:45,096][INFO ][o.e.n.Node               ] [vf-za_P] starting ...
[2018-11-13T22:31:50,306][INFO ][o.e.t.TransportService   ] [vf-za_P] publish_address {127.0.0.1:9300}, bound_addresses {[::1]:9300}, {127.0.0.1:9300}
[2018-11-13T22:31:53,399][INFO ][o.e.c.s.MasterService    ] [vf-za_P] zen-disco-elected-as-master ([0] nodes joined)[, ], reason: new_master {vf-za_P}{vf-za_PTQGeJZP1i0ynoQg}{QRZJcmU1R82D2i-vTiVXhQ}{127.0.0.1}{127.0.0.1:9300}{ml.machine_memory=8589934592, xpack.installed=true, ml.max_open_jobs=20, ml.enabled=true}
[2018-11-13T22:31:53,405][INFO ][o.e.c.s.ClusterApplierService] [vf-za_P] new_master {vf-za_P}{vf-za_PTQGeJZP1i0ynoQg}{QRZJcmU1R82D2i-vTiVXhQ}{127.0.0.1}{127.0.0.1:9300}{ml.machine_memory=8589934592, xpack.installed=true, ml.max_open_jobs=20, ml.enabled=true}, reason: apply cluster state (from master [master {vf-za_P}{vf-za_PTQGeJZP1i0ynoQg}{QRZJcmU1R82D2i-vTiVXhQ}{127.0.0.1}{127.0.0.1:9300}{ml.machine_memory=8589934592, xpack.installed=true, ml.max_open_jobs=20, ml.enabled=true} committed version [1] source [zen-disco-elected-as-master ([0] nodes joined)[, ]]])
[2018-11-13T22:31:53,433][INFO ][o.e.x.s.t.n.SecurityNetty4HttpServerTransport] [vf-za_P] publish_address {127.0.0.1:9200}, bound_addresses {[::1]:9200}, {127.0.0.1:9200}
[2018-11-13T22:31:53,435][INFO ][o.e.n.Node               ] [vf-za_P] started
[2018-11-13T22:31:54,180][WARN ][o.e.x.s.a.s.m.NativeRoleMappingStore] [vf-za_P] Failed to clear cache for realms [[]]
[2018-11-13T22:31:54,212][INFO ][o.e.l.LicenseService     ] [vf-za_P] license [978472d0-542a-403d-af4f-c5ab531122a6] mode [basic] - valid
[2018-11-13T22:31:54,225][INFO ][o.e.g.GatewayService     ] [vf-za_P] recovered [2] indices into cluster_state
[2018-11-13T22:31:54,714][INFO ][o.e.c.r.a.AllocationService] [vf-za_P] Cluster health status changed from [RED] to [YELLOW] (reason: [shards started [[ws][2]] ...]).
[2018-11-13T23:21:36,317][INFO ][o.e.c.m.MetaDataMappingService] [vf-za_P] [ws/Oz_EZb_SQeegNKZgy4F6gg] update_mapping [shows]
