[2018-11-11T14:45:04,534][INFO ][o.e.n.Node               ] [ws] initializing ...
[2018-11-11T14:45:04,614][INFO ][o.e.e.NodeEnvironment    ] [ws] using [1] data paths, mounts [[/ (/dev/nvme0n1p5)]], net usable_space [9.2gb], net total_space [26.2gb], types [ext4]
[2018-11-11T14:45:04,614][INFO ][o.e.e.NodeEnvironment    ] [ws] heap size [990.7mb], compressed ordinary object pointers [true]
[2018-11-11T14:45:04,632][INFO ][o.e.n.Node               ] [ws] node name [ws], node ID [sUyWkkK0QdOm1tGSyJFzaQ]
[2018-11-11T14:45:04,632][INFO ][o.e.n.Node               ] [ws] version[6.4.3], pid[5162], build[default/tar/fe40335/2018-10-30T23:17:19.084789Z], OS[Linux/4.15.0-36-generic/amd64], JVM[Oracle Corporation/OpenJDK 64-Bit Server VM/10.0.2/10.0.2+13-Ubuntu-1ubuntu0.18.04.2]
[2018-11-11T14:45:04,633][INFO ][o.e.n.Node               ] [ws] JVM arguments [-Xms1g, -Xmx1g, -XX:+UseConcMarkSweepGC, -XX:CMSInitiatingOccupancyFraction=75, -XX:+UseCMSInitiatingOccupancyOnly, -XX:+AlwaysPreTouch, -Xss1m, -Djava.awt.headless=true, -Dfile.encoding=UTF-8, -Djna.nosys=true, -XX:-OmitStackTraceInFastThrow, -Dio.netty.noUnsafe=true, -Dio.netty.noKeySetOptimization=true, -Dio.netty.recycler.maxCapacityPerThread=0, -Dlog4j.shutdownHookEnabled=false, -Dlog4j2.disable.jmx=true, -Djava.io.tmpdir=/tmp/elasticsearch.9IwPZGoO, -XX:+HeapDumpOnOutOfMemoryError, -XX:HeapDumpPath=data, -XX:ErrorFile=logs/hs_err_pid%p.log, -Xlog:gc*,gc+age=trace,safepoint:file=logs/gc.log:utctime,pid,tags:filecount=32,filesize=64m, -Djava.locale.providers=COMPAT, -XX:UseAVX=2, -Des.path.home=/home/pierrefg/Desktop/Search_Engine/elasticsearch-6.4.3, -Des.path.conf=/home/pierrefg/Desktop/Search_Engine/elasticsearch-6.4.3/config, -Des.distribution.flavor=default, -Des.distribution.type=tar]
[2018-11-11T14:45:06,086][INFO ][o.e.p.PluginsService     ] [ws] loaded module [aggs-matrix-stats]
[2018-11-11T14:45:06,086][INFO ][o.e.p.PluginsService     ] [ws] loaded module [analysis-common]
[2018-11-11T14:45:06,086][INFO ][o.e.p.PluginsService     ] [ws] loaded module [ingest-common]
[2018-11-11T14:45:06,086][INFO ][o.e.p.PluginsService     ] [ws] loaded module [lang-expression]
[2018-11-11T14:45:06,086][INFO ][o.e.p.PluginsService     ] [ws] loaded module [lang-mustache]
[2018-11-11T14:45:06,087][INFO ][o.e.p.PluginsService     ] [ws] loaded module [lang-painless]
[2018-11-11T14:45:06,087][INFO ][o.e.p.PluginsService     ] [ws] loaded module [mapper-extras]
[2018-11-11T14:45:06,087][INFO ][o.e.p.PluginsService     ] [ws] loaded module [parent-join]
[2018-11-11T14:45:06,087][INFO ][o.e.p.PluginsService     ] [ws] loaded module [percolator]
[2018-11-11T14:45:06,087][INFO ][o.e.p.PluginsService     ] [ws] loaded module [rank-eval]
[2018-11-11T14:45:06,087][INFO ][o.e.p.PluginsService     ] [ws] loaded module [reindex]
[2018-11-11T14:45:06,088][INFO ][o.e.p.PluginsService     ] [ws] loaded module [repository-url]
[2018-11-11T14:45:06,088][INFO ][o.e.p.PluginsService     ] [ws] loaded module [transport-netty4]
[2018-11-11T14:45:06,088][INFO ][o.e.p.PluginsService     ] [ws] loaded module [tribe]
[2018-11-11T14:45:06,088][INFO ][o.e.p.PluginsService     ] [ws] loaded module [x-pack-core]
[2018-11-11T14:45:06,088][INFO ][o.e.p.PluginsService     ] [ws] loaded module [x-pack-deprecation]
[2018-11-11T14:45:06,088][INFO ][o.e.p.PluginsService     ] [ws] loaded module [x-pack-graph]
[2018-11-11T14:45:06,089][INFO ][o.e.p.PluginsService     ] [ws] loaded module [x-pack-logstash]
[2018-11-11T14:45:06,089][INFO ][o.e.p.PluginsService     ] [ws] loaded module [x-pack-ml]
[2018-11-11T14:45:06,089][INFO ][o.e.p.PluginsService     ] [ws] loaded module [x-pack-monitoring]
[2018-11-11T14:45:06,089][INFO ][o.e.p.PluginsService     ] [ws] loaded module [x-pack-rollup]
[2018-11-11T14:45:06,089][INFO ][o.e.p.PluginsService     ] [ws] loaded module [x-pack-security]
[2018-11-11T14:45:06,089][INFO ][o.e.p.PluginsService     ] [ws] loaded module [x-pack-sql]
[2018-11-11T14:45:06,089][INFO ][o.e.p.PluginsService     ] [ws] loaded module [x-pack-upgrade]
[2018-11-11T14:45:06,090][INFO ][o.e.p.PluginsService     ] [ws] loaded module [x-pack-watcher]
[2018-11-11T14:45:06,090][INFO ][o.e.p.PluginsService     ] [ws] no plugins loaded
[2018-11-11T14:45:09,540][INFO ][o.e.x.s.a.s.FileRolesStore] [ws] parsed [0] roles from file [/home/pierrefg/Desktop/Search_Engine/elasticsearch-6.4.3/config/roles.yml]
[2018-11-11T14:45:10,102][INFO ][o.e.x.m.j.p.l.CppLogMessageHandler] [controller/5245] [Main.cc@109] controller (64 bit): Version 6.4.3 (Build 7a0781676dd492) Copyright (c) 2018 Elasticsearch BV
[2018-11-11T14:45:10,551][DEBUG][o.e.a.ActionModule       ] Using REST wrapper from plugin org.elasticsearch.xpack.security.Security
[2018-11-11T14:45:10,831][INFO ][o.e.d.DiscoveryModule    ] [ws] using discovery type [zen]
[2018-11-11T14:45:11,618][INFO ][o.e.n.Node               ] [ws] initialized
[2018-11-11T14:45:11,618][INFO ][o.e.n.Node               ] [ws] starting ...
[2018-11-11T14:45:11,780][INFO ][o.e.t.TransportService   ] [ws] publish_address {127.0.0.1:9300}, bound_addresses {[::1]:9300}, {127.0.0.1:9300}
[2018-11-11T14:45:11,828][WARN ][o.e.b.BootstrapChecks    ] [ws] max file descriptors [4096] for elasticsearch process is too low, increase to at least [65536]
[2018-11-11T14:45:14,884][INFO ][o.e.c.s.MasterService    ] [ws] zen-disco-elected-as-master ([0] nodes joined)[, ], reason: new_master {ws}{sUyWkkK0QdOm1tGSyJFzaQ}{hjEYu_8kSoSPAQ6sGOnlxw}{127.0.0.1}{127.0.0.1:9300}{ml.machine_memory=16533704704, xpack.installed=true, ml.max_open_jobs=20, ml.enabled=true}
[2018-11-11T14:45:14,889][INFO ][o.e.c.s.ClusterApplierService] [ws] new_master {ws}{sUyWkkK0QdOm1tGSyJFzaQ}{hjEYu_8kSoSPAQ6sGOnlxw}{127.0.0.1}{127.0.0.1:9300}{ml.machine_memory=16533704704, xpack.installed=true, ml.max_open_jobs=20, ml.enabled=true}, reason: apply cluster state (from master [master {ws}{sUyWkkK0QdOm1tGSyJFzaQ}{hjEYu_8kSoSPAQ6sGOnlxw}{127.0.0.1}{127.0.0.1:9300}{ml.machine_memory=16533704704, xpack.installed=true, ml.max_open_jobs=20, ml.enabled=true} committed version [1] source [zen-disco-elected-as-master ([0] nodes joined)[, ]]])
[2018-11-11T14:45:14,937][INFO ][o.e.x.s.t.n.SecurityNetty4HttpServerTransport] [ws] publish_address {127.0.0.1:9200}, bound_addresses {[::1]:9200}, {127.0.0.1:9200}
[2018-11-11T14:45:14,937][INFO ][o.e.n.Node               ] [ws] started
[2018-11-11T14:45:15,408][WARN ][o.e.x.s.a.s.m.NativeRoleMappingStore] [ws] Failed to clear cache for realms [[]]
[2018-11-11T14:45:15,445][INFO ][o.e.l.LicenseService     ] [ws] license [86cf2417-c6a2-4aeb-90ba-d90ec67442f1] mode [basic] - valid
[2018-11-11T14:45:15,459][INFO ][o.e.g.GatewayService     ] [ws] recovered [2] indices into cluster_state
[2018-11-11T14:45:15,917][INFO ][o.e.c.r.a.AllocationService] [ws] Cluster health status changed from [RED] to [YELLOW] (reason: [shards started [[ws][3]] ...]).
[2018-11-11T14:45:31,303][INFO ][o.e.c.m.MetaDataMappingService] [ws] [ws/W1YPT-TdR3-mOz6lGpOlBw] update_mapping [shows]
[2018-11-11T14:45:31,811][DEBUG][o.e.a.b.TransportShardBulkAction] [ws][4] failed to execute bulk item (index) BulkShardRequest [[ws][4]] containing [995] requests
org.elasticsearch.index.mapper.MapperParsingException: failed to parse
	at org.elasticsearch.index.mapper.DocumentParser.wrapInMapperParsingException(DocumentParser.java:171) ~[elasticsearch-6.4.3.jar:6.4.3]
	at org.elasticsearch.index.mapper.DocumentParser.parseDocument(DocumentParser.java:72) ~[elasticsearch-6.4.3.jar:6.4.3]
	at org.elasticsearch.index.mapper.DocumentMapper.parse(DocumentMapper.java:263) ~[elasticsearch-6.4.3.jar:6.4.3]
	at org.elasticsearch.index.shard.IndexShard.prepareIndex(IndexShard.java:725) ~[elasticsearch-6.4.3.jar:6.4.3]
	at org.elasticsearch.index.shard.IndexShard.applyIndexOperation(IndexShard.java:702) ~[elasticsearch-6.4.3.jar:6.4.3]
	at org.elasticsearch.index.shard.IndexShard.applyIndexOperationOnPrimary(IndexShard.java:682) ~[elasticsearch-6.4.3.jar:6.4.3]
	at org.elasticsearch.action.bulk.TransportShardBulkAction.lambda$executeIndexRequestOnPrimary$2(TransportShardBulkAction.java:560) ~[elasticsearch-6.4.3.jar:6.4.3]
	at org.elasticsearch.action.bulk.TransportShardBulkAction.executeOnPrimaryWhileHandlingMappingUpdates(TransportShardBulkAction.java:579) ~[elasticsearch-6.4.3.jar:6.4.3]
	at org.elasticsearch.action.bulk.TransportShardBulkAction.executeIndexRequestOnPrimary(TransportShardBulkAction.java:558) ~[elasticsearch-6.4.3.jar:6.4.3]
	at org.elasticsearch.action.bulk.TransportShardBulkAction.executeIndexRequest(TransportShardBulkAction.java:141) [elasticsearch-6.4.3.jar:6.4.3]
	at org.elasticsearch.action.bulk.TransportShardBulkAction.executeBulkItemRequest(TransportShardBulkAction.java:247) [elasticsearch-6.4.3.jar:6.4.3]
	at org.elasticsearch.action.bulk.TransportShardBulkAction.performOnPrimary(TransportShardBulkAction.java:124) [elasticsearch-6.4.3.jar:6.4.3]
	at org.elasticsearch.action.bulk.TransportShardBulkAction.shardOperationOnPrimary(TransportShardBulkAction.java:111) [elasticsearch-6.4.3.jar:6.4.3]
	at org.elasticsearch.action.bulk.TransportShardBulkAction.shardOperationOnPrimary(TransportShardBulkAction.java:73) [elasticsearch-6.4.3.jar:6.4.3]
	at org.elasticsearch.action.support.replication.TransportReplicationAction$PrimaryShardReference.perform(TransportReplicationAction.java:1017) [elasticsearch-6.4.3.jar:6.4.3]
	at org.elasticsearch.action.support.replication.TransportReplicationAction$PrimaryShardReference.perform(TransportReplicationAction.java:995) [elasticsearch-6.4.3.jar:6.4.3]
	at org.elasticsearch.action.support.replication.ReplicationOperation.execute(ReplicationOperation.java:101) [elasticsearch-6.4.3.jar:6.4.3]
	at org.elasticsearch.action.support.replication.TransportReplicationAction$AsyncPrimaryAction.onResponse(TransportReplicationAction.java:356) [elasticsearch-6.4.3.jar:6.4.3]
	at org.elasticsearch.action.support.replication.TransportReplicationAction$AsyncPrimaryAction.onResponse(TransportReplicationAction.java:296) [elasticsearch-6.4.3.jar:6.4.3]
	at org.elasticsearch.action.support.replication.TransportReplicationAction$1.onResponse(TransportReplicationAction.java:958) [elasticsearch-6.4.3.jar:6.4.3]
	at org.elasticsearch.action.support.replication.TransportReplicationAction$1.onResponse(TransportReplicationAction.java:955) [elasticsearch-6.4.3.jar:6.4.3]
	at org.elasticsearch.index.shard.IndexShardOperationPermits.acquire(IndexShardOperationPermits.java:271) [elasticsearch-6.4.3.jar:6.4.3]
	at org.elasticsearch.index.shard.IndexShardOperationPermits.acquire(IndexShardOperationPermits.java:238) [elasticsearch-6.4.3.jar:6.4.3]
	at org.elasticsearch.index.shard.IndexShard.acquirePrimaryOperationPermit(IndexShard.java:2249) [elasticsearch-6.4.3.jar:6.4.3]
	at org.elasticsearch.action.support.replication.TransportReplicationAction.acquirePrimaryShardReference(TransportReplicationAction.java:967) [elasticsearch-6.4.3.jar:6.4.3]
	at org.elasticsearch.action.support.replication.TransportReplicationAction.access$500(TransportReplicationAction.java:97) [elasticsearch-6.4.3.jar:6.4.3]
	at org.elasticsearch.action.support.replication.TransportReplicationAction$AsyncPrimaryAction.doRun(TransportReplicationAction.java:317) [elasticsearch-6.4.3.jar:6.4.3]
	at org.elasticsearch.common.util.concurrent.AbstractRunnable.run(AbstractRunnable.java:37) [elasticsearch-6.4.3.jar:6.4.3]
	at org.elasticsearch.action.support.replication.TransportReplicationAction$PrimaryOperationTransportHandler.messageReceived(TransportReplicationAction.java:292) [elasticsearch-6.4.3.jar:6.4.3]
	at org.elasticsearch.action.support.replication.TransportReplicationAction$PrimaryOperationTransportHandler.messageReceived(TransportReplicationAction.java:279) [elasticsearch-6.4.3.jar:6.4.3]
	at org.elasticsearch.xpack.security.transport.SecurityServerTransportInterceptor$ProfileSecuredRequestHandler$1.doRun(SecurityServerTransportInterceptor.java:251) [x-pack-security-6.4.3.jar:6.4.3]
	at org.elasticsearch.common.util.concurrent.AbstractRunnable.run(AbstractRunnable.java:37) [elasticsearch-6.4.3.jar:6.4.3]
	at org.elasticsearch.xpack.security.transport.SecurityServerTransportInterceptor$ProfileSecuredRequestHandler.messageReceived(SecurityServerTransportInterceptor.java:309) [x-pack-security-6.4.3.jar:6.4.3]
	at org.elasticsearch.transport.RequestHandlerRegistry.processMessageReceived(RequestHandlerRegistry.java:66) [elasticsearch-6.4.3.jar:6.4.3]
	at org.elasticsearch.transport.TransportService$7.doRun(TransportService.java:665) [elasticsearch-6.4.3.jar:6.4.3]
	at org.elasticsearch.common.util.concurrent.ThreadContext$ContextPreservingAbstractRunnable.doRun(ThreadContext.java:723) [elasticsearch-6.4.3.jar:6.4.3]
	at org.elasticsearch.common.util.concurrent.AbstractRunnable.run(AbstractRunnable.java:37) [elasticsearch-6.4.3.jar:6.4.3]
	at java.util.concurrent.ThreadPoolExecutor.runWorker(ThreadPoolExecutor.java:1135) [?:?]
	at java.util.concurrent.ThreadPoolExecutor$Worker.run(ThreadPoolExecutor.java:635) [?:?]
	at java.lang.Thread.run(Thread.java:844) [?:?]
Caused by: com.fasterxml.jackson.core.JsonParseException: Unexpected character ('T' (code 84)): was expecting comma to separate Object entries
 at [Source: org.elasticsearch.common.bytes.BytesReference$MarkSupportingStreamInputWrapper@619c5e22; line: 1, column: 126]
	at com.fasterxml.jackson.core.JsonParser._constructError(JsonParser.java:1702) ~[jackson-core-2.8.10.jar:2.8.10]
	at com.fasterxml.jackson.core.base.ParserMinimalBase._reportError(ParserMinimalBase.java:558) ~[jackson-core-2.8.10.jar:2.8.10]
	at com.fasterxml.jackson.core.base.ParserMinimalBase._reportUnexpectedChar(ParserMinimalBase.java:456) ~[jackson-core-2.8.10.jar:2.8.10]
	at com.fasterxml.jackson.core.json.UTF8StreamJsonParser.nextToken(UTF8StreamJsonParser.java:761) ~[jackson-core-2.8.10.jar:2.8.10]
	at org.elasticsearch.common.xcontent.json.JsonXContentParser.nextToken(JsonXContentParser.java:53) ~[elasticsearch-x-content-6.4.3.jar:6.4.3]
	at org.elasticsearch.index.mapper.DocumentParser.innerParseObject(DocumentParser.java:405) ~[elasticsearch-6.4.3.jar:6.4.3]
	at org.elasticsearch.index.mapper.DocumentParser.parseObjectOrNested(DocumentParser.java:380) ~[elasticsearch-6.4.3.jar:6.4.3]
	at org.elasticsearch.index.mapper.DocumentParser.parseObjectOrField(DocumentParser.java:478) ~[elasticsearch-6.4.3.jar:6.4.3]
	at org.elasticsearch.index.mapper.DocumentParser.parseObject(DocumentParser.java:501) ~[elasticsearch-6.4.3.jar:6.4.3]
	at org.elasticsearch.index.mapper.DocumentParser.innerParseObject(DocumentParser.java:390) ~[elasticsearch-6.4.3.jar:6.4.3]
	at org.elasticsearch.index.mapper.DocumentParser.parseObjectOrNested(DocumentParser.java:380) ~[elasticsearch-6.4.3.jar:6.4.3]
	at org.elasticsearch.index.mapper.DocumentParser.internalParseDocument(DocumentParser.java:95) ~[elasticsearch-6.4.3.jar:6.4.3]
	at org.elasticsearch.index.mapper.DocumentParser.parseDocument(DocumentParser.java:69) ~[elasticsearch-6.4.3.jar:6.4.3]
	... 38 more
[2018-11-11T14:45:31,944][DEBUG][o.e.a.b.TransportShardBulkAction] [ws][3] failed to execute bulk item (index) BulkShardRequest [[ws][3]] containing [1035] requests
org.elasticsearch.index.mapper.MapperParsingException: failed to parse
	at org.elasticsearch.index.mapper.DocumentParser.wrapInMapperParsingException(DocumentParser.java:171) ~[elasticsearch-6.4.3.jar:6.4.3]
	at org.elasticsearch.index.mapper.DocumentParser.parseDocument(DocumentParser.java:72) ~[elasticsearch-6.4.3.jar:6.4.3]
	at org.elasticsearch.index.mapper.DocumentMapper.parse(DocumentMapper.java:263) ~[elasticsearch-6.4.3.jar:6.4.3]
	at org.elasticsearch.index.shard.IndexShard.prepareIndex(IndexShard.java:725) ~[elasticsearch-6.4.3.jar:6.4.3]
	at org.elasticsearch.index.shard.IndexShard.applyIndexOperation(IndexShard.java:702) ~[elasticsearch-6.4.3.jar:6.4.3]
	at org.elasticsearch.index.shard.IndexShard.applyIndexOperationOnPrimary(IndexShard.java:682) ~[elasticsearch-6.4.3.jar:6.4.3]
	at org.elasticsearch.action.bulk.TransportShardBulkAction.lambda$executeIndexRequestOnPrimary$2(TransportShardBulkAction.java:560) ~[elasticsearch-6.4.3.jar:6.4.3]
	at org.elasticsearch.action.bulk.TransportShardBulkAction.executeOnPrimaryWhileHandlingMappingUpdates(TransportShardBulkAction.java:579) ~[elasticsearch-6.4.3.jar:6.4.3]
	at org.elasticsearch.action.bulk.TransportShardBulkAction.executeIndexRequestOnPrimary(TransportShardBulkAction.java:558) ~[elasticsearch-6.4.3.jar:6.4.3]
	at org.elasticsearch.action.bulk.TransportShardBulkAction.executeIndexRequest(TransportShardBulkAction.java:141) [elasticsearch-6.4.3.jar:6.4.3]
	at org.elasticsearch.action.bulk.TransportShardBulkAction.executeBulkItemRequest(TransportShardBulkAction.java:247) [elasticsearch-6.4.3.jar:6.4.3]
	at org.elasticsearch.action.bulk.TransportShardBulkAction.performOnPrimary(TransportShardBulkAction.java:124) [elasticsearch-6.4.3.jar:6.4.3]
	at org.elasticsearch.action.bulk.TransportShardBulkAction.shardOperationOnPrimary(TransportShardBulkAction.java:111) [elasticsearch-6.4.3.jar:6.4.3]
	at org.elasticsearch.action.bulk.TransportShardBulkAction.shardOperationOnPrimary(TransportShardBulkAction.java:73) [elasticsearch-6.4.3.jar:6.4.3]
	at org.elasticsearch.action.support.replication.TransportReplicationAction$PrimaryShardReference.perform(TransportReplicationAction.java:1017) [elasticsearch-6.4.3.jar:6.4.3]
	at org.elasticsearch.action.support.replication.TransportReplicationAction$PrimaryShardReference.perform(TransportReplicationAction.java:995) [elasticsearch-6.4.3.jar:6.4.3]
	at org.elasticsearch.action.support.replication.ReplicationOperation.execute(ReplicationOperation.java:101) [elasticsearch-6.4.3.jar:6.4.3]
	at org.elasticsearch.action.support.replication.TransportReplicationAction$AsyncPrimaryAction.onResponse(TransportReplicationAction.java:356) [elasticsearch-6.4.3.jar:6.4.3]
	at org.elasticsearch.action.support.replication.TransportReplicationAction$AsyncPrimaryAction.onResponse(TransportReplicationAction.java:296) [elasticsearch-6.4.3.jar:6.4.3]
	at org.elasticsearch.action.support.replication.TransportReplicationAction$1.onResponse(TransportReplicationAction.java:958) [elasticsearch-6.4.3.jar:6.4.3]
	at org.elasticsearch.action.support.replication.TransportReplicationAction$1.onResponse(TransportReplicationAction.java:955) [elasticsearch-6.4.3.jar:6.4.3]
	at org.elasticsearch.index.shard.IndexShardOperationPermits.acquire(IndexShardOperationPermits.java:271) [elasticsearch-6.4.3.jar:6.4.3]
	at org.elasticsearch.index.shard.IndexShardOperationPermits.acquire(IndexShardOperationPermits.java:238) [elasticsearch-6.4.3.jar:6.4.3]
	at org.elasticsearch.index.shard.IndexShard.acquirePrimaryOperationPermit(IndexShard.java:2249) [elasticsearch-6.4.3.jar:6.4.3]
	at org.elasticsearch.action.support.replication.TransportReplicationAction.acquirePrimaryShardReference(TransportReplicationAction.java:967) [elasticsearch-6.4.3.jar:6.4.3]
	at org.elasticsearch.action.support.replication.TransportReplicationAction.access$500(TransportReplicationAction.java:97) [elasticsearch-6.4.3.jar:6.4.3]
	at org.elasticsearch.action.support.replication.TransportReplicationAction$AsyncPrimaryAction.doRun(TransportReplicationAction.java:317) [elasticsearch-6.4.3.jar:6.4.3]
	at org.elasticsearch.common.util.concurrent.AbstractRunnable.run(AbstractRunnable.java:37) [elasticsearch-6.4.3.jar:6.4.3]
	at org.elasticsearch.action.support.replication.TransportReplicationAction$PrimaryOperationTransportHandler.messageReceived(TransportReplicationAction.java:292) [elasticsearch-6.4.3.jar:6.4.3]
	at org.elasticsearch.action.support.replication.TransportReplicationAction$PrimaryOperationTransportHandler.messageReceived(TransportReplicationAction.java:279) [elasticsearch-6.4.3.jar:6.4.3]
	at org.elasticsearch.xpack.security.transport.SecurityServerTransportInterceptor$ProfileSecuredRequestHandler$1.doRun(SecurityServerTransportInterceptor.java:251) [x-pack-security-6.4.3.jar:6.4.3]
	at org.elasticsearch.common.util.concurrent.AbstractRunnable.run(AbstractRunnable.java:37) [elasticsearch-6.4.3.jar:6.4.3]
	at org.elasticsearch.xpack.security.transport.SecurityServerTransportInterceptor$ProfileSecuredRequestHandler.messageReceived(SecurityServerTransportInterceptor.java:309) [x-pack-security-6.4.3.jar:6.4.3]
	at org.elasticsearch.transport.RequestHandlerRegistry.processMessageReceived(RequestHandlerRegistry.java:66) [elasticsearch-6.4.3.jar:6.4.3]
	at org.elasticsearch.transport.TransportService$7.doRun(TransportService.java:665) [elasticsearch-6.4.3.jar:6.4.3]
	at org.elasticsearch.common.util.concurrent.ThreadContext$ContextPreservingAbstractRunnable.doRun(ThreadContext.java:723) [elasticsearch-6.4.3.jar:6.4.3]
	at org.elasticsearch.common.util.concurrent.AbstractRunnable.run(AbstractRunnable.java:37) [elasticsearch-6.4.3.jar:6.4.3]
	at java.util.concurrent.ThreadPoolExecutor.runWorker(ThreadPoolExecutor.java:1135) [?:?]
	at java.util.concurrent.ThreadPoolExecutor$Worker.run(ThreadPoolExecutor.java:635) [?:?]
	at java.lang.Thread.run(Thread.java:844) [?:?]
Caused by: com.fasterxml.jackson.core.JsonParseException: Unexpected character ('L' (code 76)): was expecting comma to separate Object entries
 at [Source: org.elasticsearch.common.bytes.BytesReference$MarkSupportingStreamInputWrapper@25738aa2; line: 1, column: 197]
	at com.fasterxml.jackson.core.JsonParser._constructError(JsonParser.java:1702) ~[jackson-core-2.8.10.jar:2.8.10]
	at com.fasterxml.jackson.core.base.ParserMinimalBase._reportError(ParserMinimalBase.java:558) ~[jackson-core-2.8.10.jar:2.8.10]
	at com.fasterxml.jackson.core.base.ParserMinimalBase._reportUnexpectedChar(ParserMinimalBase.java:456) ~[jackson-core-2.8.10.jar:2.8.10]
	at com.fasterxml.jackson.core.json.UTF8StreamJsonParser.nextToken(UTF8StreamJsonParser.java:761) ~[jackson-core-2.8.10.jar:2.8.10]
	at org.elasticsearch.common.xcontent.json.JsonXContentParser.nextToken(JsonXContentParser.java:53) ~[elasticsearch-x-content-6.4.3.jar:6.4.3]
	at org.elasticsearch.index.mapper.DocumentParser.innerParseObject(DocumentParser.java:405) ~[elasticsearch-6.4.3.jar:6.4.3]
	at org.elasticsearch.index.mapper.DocumentParser.parseObjectOrNested(DocumentParser.java:380) ~[elasticsearch-6.4.3.jar:6.4.3]
	at org.elasticsearch.index.mapper.DocumentParser.parseObjectOrField(DocumentParser.java:478) ~[elasticsearch-6.4.3.jar:6.4.3]
	at org.elasticsearch.index.mapper.DocumentParser.parseObject(DocumentParser.java:501) ~[elasticsearch-6.4.3.jar:6.4.3]
	at org.elasticsearch.index.mapper.DocumentParser.innerParseObject(DocumentParser.java:390) ~[elasticsearch-6.4.3.jar:6.4.3]
	at org.elasticsearch.index.mapper.DocumentParser.parseObjectOrNested(DocumentParser.java:380) ~[elasticsearch-6.4.3.jar:6.4.3]
	at org.elasticsearch.index.mapper.DocumentParser.internalParseDocument(DocumentParser.java:95) ~[elasticsearch-6.4.3.jar:6.4.3]
	at org.elasticsearch.index.mapper.DocumentParser.parseDocument(DocumentParser.java:69) ~[elasticsearch-6.4.3.jar:6.4.3]
	... 38 more
[2018-11-11T15:24:05,034][INFO ][o.e.c.m.MetaDataDeleteIndexService] [ws] [ws/W1YPT-TdR3-mOz6lGpOlBw] deleting index
[2018-11-11T15:26:08,493][INFO ][o.e.c.m.MetaDataCreateIndexService] [ws] [ws] creating index, cause [auto(bulk api)], templates [], shards [5]/[1], mappings []
[2018-11-11T15:26:08,830][INFO ][o.e.c.m.MetaDataMappingService] [ws] [ws/mbqo3fZAR_OsyMty8VNljQ] create_mapping [shows]
[2018-11-11T15:26:08,972][DEBUG][o.e.a.b.TransportShardBulkAction] [ws][0] failed to execute bulk item (index) BulkShardRequest [[ws][0]] containing [2034] requests
org.elasticsearch.index.mapper.MapperParsingException: failed to parse
	at org.elasticsearch.index.mapper.DocumentParser.wrapInMapperParsingException(DocumentParser.java:171) ~[elasticsearch-6.4.3.jar:6.4.3]
	at org.elasticsearch.index.mapper.DocumentParser.parseDocument(DocumentParser.java:72) ~[elasticsearch-6.4.3.jar:6.4.3]
	at org.elasticsearch.index.mapper.DocumentMapper.parse(DocumentMapper.java:263) ~[elasticsearch-6.4.3.jar:6.4.3]
	at org.elasticsearch.index.shard.IndexShard.prepareIndex(IndexShard.java:725) ~[elasticsearch-6.4.3.jar:6.4.3]
	at org.elasticsearch.index.shard.IndexShard.applyIndexOperation(IndexShard.java:702) ~[elasticsearch-6.4.3.jar:6.4.3]
	at org.elasticsearch.index.shard.IndexShard.applyIndexOperationOnPrimary(IndexShard.java:682) ~[elasticsearch-6.4.3.jar:6.4.3]
	at org.elasticsearch.action.bulk.TransportShardBulkAction.lambda$executeIndexRequestOnPrimary$2(TransportShardBulkAction.java:560) ~[elasticsearch-6.4.3.jar:6.4.3]
	at org.elasticsearch.action.bulk.TransportShardBulkAction.executeOnPrimaryWhileHandlingMappingUpdates(TransportShardBulkAction.java:579) ~[elasticsearch-6.4.3.jar:6.4.3]
	at org.elasticsearch.action.bulk.TransportShardBulkAction.executeIndexRequestOnPrimary(TransportShardBulkAction.java:558) ~[elasticsearch-6.4.3.jar:6.4.3]
	at org.elasticsearch.action.bulk.TransportShardBulkAction.executeIndexRequest(TransportShardBulkAction.java:141) [elasticsearch-6.4.3.jar:6.4.3]
	at org.elasticsearch.action.bulk.TransportShardBulkAction.executeBulkItemRequest(TransportShardBulkAction.java:247) [elasticsearch-6.4.3.jar:6.4.3]
	at org.elasticsearch.action.bulk.TransportShardBulkAction.performOnPrimary(TransportShardBulkAction.java:124) [elasticsearch-6.4.3.jar:6.4.3]
	at org.elasticsearch.action.bulk.TransportShardBulkAction.shardOperationOnPrimary(TransportShardBulkAction.java:111) [elasticsearch-6.4.3.jar:6.4.3]
	at org.elasticsearch.action.bulk.TransportShardBulkAction.shardOperationOnPrimary(TransportShardBulkAction.java:73) [elasticsearch-6.4.3.jar:6.4.3]
	at org.elasticsearch.action.support.replication.TransportReplicationAction$PrimaryShardReference.perform(TransportReplicationAction.java:1017) [elasticsearch-6.4.3.jar:6.4.3]
	at org.elasticsearch.action.support.replication.TransportReplicationAction$PrimaryShardReference.perform(TransportReplicationAction.java:995) [elasticsearch-6.4.3.jar:6.4.3]
	at org.elasticsearch.action.support.replication.ReplicationOperation.execute(ReplicationOperation.java:101) [elasticsearch-6.4.3.jar:6.4.3]
	at org.elasticsearch.action.support.replication.TransportReplicationAction$AsyncPrimaryAction.onResponse(TransportReplicationAction.java:356) [elasticsearch-6.4.3.jar:6.4.3]
	at org.elasticsearch.action.support.replication.TransportReplicationAction$AsyncPrimaryAction.onResponse(TransportReplicationAction.java:296) [elasticsearch-6.4.3.jar:6.4.3]
	at org.elasticsearch.action.support.replication.TransportReplicationAction$1.onResponse(TransportReplicationAction.java:958) [elasticsearch-6.4.3.jar:6.4.3]
	at org.elasticsearch.action.support.replication.TransportReplicationAction$1.onResponse(TransportReplicationAction.java:955) [elasticsearch-6.4.3.jar:6.4.3]
	at org.elasticsearch.index.shard.IndexShardOperationPermits.acquire(IndexShardOperationPermits.java:271) [elasticsearch-6.4.3.jar:6.4.3]
	at org.elasticsearch.index.shard.IndexShardOperationPermits.acquire(IndexShardOperationPermits.java:238) [elasticsearch-6.4.3.jar:6.4.3]
	at org.elasticsearch.index.shard.IndexShard.acquirePrimaryOperationPermit(IndexShard.java:2249) [elasticsearch-6.4.3.jar:6.4.3]
	at org.elasticsearch.action.support.replication.TransportReplicationAction.acquirePrimaryShardReference(TransportReplicationAction.java:967) [elasticsearch-6.4.3.jar:6.4.3]
	at org.elasticsearch.action.support.replication.TransportReplicationAction.access$500(TransportReplicationAction.java:97) [elasticsearch-6.4.3.jar:6.4.3]
	at org.elasticsearch.action.support.replication.TransportReplicationAction$AsyncPrimaryAction.doRun(TransportReplicationAction.java:317) [elasticsearch-6.4.3.jar:6.4.3]
	at org.elasticsearch.common.util.concurrent.AbstractRunnable.run(AbstractRunnable.java:37) [elasticsearch-6.4.3.jar:6.4.3]
	at org.elasticsearch.action.support.replication.TransportReplicationAction$PrimaryOperationTransportHandler.messageReceived(TransportReplicationAction.java:292) [elasticsearch-6.4.3.jar:6.4.3]
	at org.elasticsearch.action.support.replication.TransportReplicationAction$PrimaryOperationTransportHandler.messageReceived(TransportReplicationAction.java:279) [elasticsearch-6.4.3.jar:6.4.3]
	at org.elasticsearch.xpack.security.transport.SecurityServerTransportInterceptor$ProfileSecuredRequestHandler$1.doRun(SecurityServerTransportInterceptor.java:251) [x-pack-security-6.4.3.jar:6.4.3]
	at org.elasticsearch.common.util.concurrent.AbstractRunnable.run(AbstractRunnable.java:37) [elasticsearch-6.4.3.jar:6.4.3]
	at org.elasticsearch.xpack.security.transport.SecurityServerTransportInterceptor$ProfileSecuredRequestHandler.messageReceived(SecurityServerTransportInterceptor.java:309) [x-pack-security-6.4.3.jar:6.4.3]
	at org.elasticsearch.transport.RequestHandlerRegistry.processMessageReceived(RequestHandlerRegistry.java:66) [elasticsearch-6.4.3.jar:6.4.3]
	at org.elasticsearch.transport.TransportService$7.doRun(TransportService.java:665) [elasticsearch-6.4.3.jar:6.4.3]
	at org.elasticsearch.common.util.concurrent.ThreadContext$ContextPreservingAbstractRunnable.doRun(ThreadContext.java:723) [elasticsearch-6.4.3.jar:6.4.3]
	at org.elasticsearch.common.util.concurrent.AbstractRunnable.run(AbstractRunnable.java:37) [elasticsearch-6.4.3.jar:6.4.3]
	at java.util.concurrent.ThreadPoolExecutor.runWorker(ThreadPoolExecutor.java:1135) [?:?]
	at java.util.concurrent.ThreadPoolExecutor$Worker.run(ThreadPoolExecutor.java:635) [?:?]
	at java.lang.Thread.run(Thread.java:844) [?:?]
Caused by: com.fasterxml.jackson.core.JsonParseException: Unexpected character ('T' (code 84)): was expecting comma to separate Object entries
 at [Source: org.elasticsearch.common.bytes.BytesReference$MarkSupportingStreamInputWrapper@1dc0d6ad; line: 1, column: 126]
	at com.fasterxml.jackson.core.JsonParser._constructError(JsonParser.java:1702) ~[jackson-core-2.8.10.jar:2.8.10]
	at com.fasterxml.jackson.core.base.ParserMinimalBase._reportError(ParserMinimalBase.java:558) ~[jackson-core-2.8.10.jar:2.8.10]
	at com.fasterxml.jackson.core.base.ParserMinimalBase._reportUnexpectedChar(ParserMinimalBase.java:456) ~[jackson-core-2.8.10.jar:2.8.10]
	at com.fasterxml.jackson.core.json.UTF8StreamJsonParser.nextToken(UTF8StreamJsonParser.java:761) ~[jackson-core-2.8.10.jar:2.8.10]
	at org.elasticsearch.common.xcontent.json.JsonXContentParser.nextToken(JsonXContentParser.java:53) ~[elasticsearch-x-content-6.4.3.jar:6.4.3]
	at org.elasticsearch.index.mapper.DocumentParser.innerParseObject(DocumentParser.java:405) ~[elasticsearch-6.4.3.jar:6.4.3]
	at org.elasticsearch.index.mapper.DocumentParser.parseObjectOrNested(DocumentParser.java:380) ~[elasticsearch-6.4.3.jar:6.4.3]
	at org.elasticsearch.index.mapper.DocumentParser.parseObjectOrField(DocumentParser.java:478) ~[elasticsearch-6.4.3.jar:6.4.3]
	at org.elasticsearch.index.mapper.DocumentParser.parseObject(DocumentParser.java:501) ~[elasticsearch-6.4.3.jar:6.4.3]
	at org.elasticsearch.index.mapper.DocumentParser.innerParseObject(DocumentParser.java:390) ~[elasticsearch-6.4.3.jar:6.4.3]
	at org.elasticsearch.index.mapper.DocumentParser.parseObjectOrNested(DocumentParser.java:380) ~[elasticsearch-6.4.3.jar:6.4.3]
	at org.elasticsearch.index.mapper.DocumentParser.internalParseDocument(DocumentParser.java:95) ~[elasticsearch-6.4.3.jar:6.4.3]
	at org.elasticsearch.index.mapper.DocumentParser.parseDocument(DocumentParser.java:69) ~[elasticsearch-6.4.3.jar:6.4.3]
	... 38 more
[2018-11-11T15:26:09,047][DEBUG][o.e.a.b.TransportShardBulkAction] [ws][0] failed to execute bulk item (index) BulkShardRequest [[ws][0]] containing [2034] requests
org.elasticsearch.index.mapper.MapperParsingException: failed to parse
	at org.elasticsearch.index.mapper.DocumentParser.wrapInMapperParsingException(DocumentParser.java:171) ~[elasticsearch-6.4.3.jar:6.4.3]
	at org.elasticsearch.index.mapper.DocumentParser.parseDocument(DocumentParser.java:72) ~[elasticsearch-6.4.3.jar:6.4.3]
	at org.elasticsearch.index.mapper.DocumentMapper.parse(DocumentMapper.java:263) ~[elasticsearch-6.4.3.jar:6.4.3]
	at org.elasticsearch.index.shard.IndexShard.prepareIndex(IndexShard.java:725) ~[elasticsearch-6.4.3.jar:6.4.3]
	at org.elasticsearch.index.shard.IndexShard.applyIndexOperation(IndexShard.java:702) ~[elasticsearch-6.4.3.jar:6.4.3]
	at org.elasticsearch.index.shard.IndexShard.applyIndexOperationOnPrimary(IndexShard.java:682) ~[elasticsearch-6.4.3.jar:6.4.3]
	at org.elasticsearch.action.bulk.TransportShardBulkAction.lambda$executeIndexRequestOnPrimary$2(TransportShardBulkAction.java:560) ~[elasticsearch-6.4.3.jar:6.4.3]
	at org.elasticsearch.action.bulk.TransportShardBulkAction.executeOnPrimaryWhileHandlingMappingUpdates(TransportShardBulkAction.java:579) ~[elasticsearch-6.4.3.jar:6.4.3]
	at org.elasticsearch.action.bulk.TransportShardBulkAction.executeIndexRequestOnPrimary(TransportShardBulkAction.java:558) ~[elasticsearch-6.4.3.jar:6.4.3]
	at org.elasticsearch.action.bulk.TransportShardBulkAction.executeIndexRequest(TransportShardBulkAction.java:141) [elasticsearch-6.4.3.jar:6.4.3]
	at org.elasticsearch.action.bulk.TransportShardBulkAction.executeBulkItemRequest(TransportShardBulkAction.java:247) [elasticsearch-6.4.3.jar:6.4.3]
	at org.elasticsearch.action.bulk.TransportShardBulkAction.performOnPrimary(TransportShardBulkAction.java:124) [elasticsearch-6.4.3.jar:6.4.3]
	at org.elasticsearch.action.bulk.TransportShardBulkAction.shardOperationOnPrimary(TransportShardBulkAction.java:111) [elasticsearch-6.4.3.jar:6.4.3]
	at org.elasticsearch.action.bulk.TransportShardBulkAction.shardOperationOnPrimary(TransportShardBulkAction.java:73) [elasticsearch-6.4.3.jar:6.4.3]
	at org.elasticsearch.action.support.replication.TransportReplicationAction$PrimaryShardReference.perform(TransportReplicationAction.java:1017) [elasticsearch-6.4.3.jar:6.4.3]
	at org.elasticsearch.action.support.replication.TransportReplicationAction$PrimaryShardReference.perform(TransportReplicationAction.java:995) [elasticsearch-6.4.3.jar:6.4.3]
	at org.elasticsearch.action.support.replication.ReplicationOperation.execute(ReplicationOperation.java:101) [elasticsearch-6.4.3.jar:6.4.3]
	at org.elasticsearch.action.support.replication.TransportReplicationAction$AsyncPrimaryAction.onResponse(TransportReplicationAction.java:356) [elasticsearch-6.4.3.jar:6.4.3]
	at org.elasticsearch.action.support.replication.TransportReplicationAction$AsyncPrimaryAction.onResponse(TransportReplicationAction.java:296) [elasticsearch-6.4.3.jar:6.4.3]
	at org.elasticsearch.action.support.replication.TransportReplicationAction$1.onResponse(TransportReplicationAction.java:958) [elasticsearch-6.4.3.jar:6.4.3]
	at org.elasticsearch.action.support.replication.TransportReplicationAction$1.onResponse(TransportReplicationAction.java:955) [elasticsearch-6.4.3.jar:6.4.3]
	at org.elasticsearch.index.shard.IndexShardOperationPermits.acquire(IndexShardOperationPermits.java:271) [elasticsearch-6.4.3.jar:6.4.3]
	at org.elasticsearch.index.shard.IndexShardOperationPermits.acquire(IndexShardOperationPermits.java:238) [elasticsearch-6.4.3.jar:6.4.3]
	at org.elasticsearch.index.shard.IndexShard.acquirePrimaryOperationPermit(IndexShard.java:2249) [elasticsearch-6.4.3.jar:6.4.3]
	at org.elasticsearch.action.support.replication.TransportReplicationAction.acquirePrimaryShardReference(TransportReplicationAction.java:967) [elasticsearch-6.4.3.jar:6.4.3]
	at org.elasticsearch.action.support.replication.TransportReplicationAction.access$500(TransportReplicationAction.java:97) [elasticsearch-6.4.3.jar:6.4.3]
	at org.elasticsearch.action.support.replication.TransportReplicationAction$AsyncPrimaryAction.doRun(TransportReplicationAction.java:317) [elasticsearch-6.4.3.jar:6.4.3]
	at org.elasticsearch.common.util.concurrent.AbstractRunnable.run(AbstractRunnable.java:37) [elasticsearch-6.4.3.jar:6.4.3]
	at org.elasticsearch.action.support.replication.TransportReplicationAction$PrimaryOperationTransportHandler.messageReceived(TransportReplicationAction.java:292) [elasticsearch-6.4.3.jar:6.4.3]
	at org.elasticsearch.action.support.replication.TransportReplicationAction$PrimaryOperationTransportHandler.messageReceived(TransportReplicationAction.java:279) [elasticsearch-6.4.3.jar:6.4.3]
	at org.elasticsearch.xpack.security.transport.SecurityServerTransportInterceptor$ProfileSecuredRequestHandler$1.doRun(SecurityServerTransportInterceptor.java:251) [x-pack-security-6.4.3.jar:6.4.3]
	at org.elasticsearch.common.util.concurrent.AbstractRunnable.run(AbstractRunnable.java:37) [elasticsearch-6.4.3.jar:6.4.3]
	at org.elasticsearch.xpack.security.transport.SecurityServerTransportInterceptor$ProfileSecuredRequestHandler.messageReceived(SecurityServerTransportInterceptor.java:309) [x-pack-security-6.4.3.jar:6.4.3]
	at org.elasticsearch.transport.RequestHandlerRegistry.processMessageReceived(RequestHandlerRegistry.java:66) [elasticsearch-6.4.3.jar:6.4.3]
	at org.elasticsearch.transport.TransportService$7.doRun(TransportService.java:665) [elasticsearch-6.4.3.jar:6.4.3]
	at org.elasticsearch.common.util.concurrent.ThreadContext$ContextPreservingAbstractRunnable.doRun(ThreadContext.java:723) [elasticsearch-6.4.3.jar:6.4.3]
	at org.elasticsearch.common.util.concurrent.AbstractRunnable.run(AbstractRunnable.java:37) [elasticsearch-6.4.3.jar:6.4.3]
	at java.util.concurrent.ThreadPoolExecutor.runWorker(ThreadPoolExecutor.java:1135) [?:?]
	at java.util.concurrent.ThreadPoolExecutor$Worker.run(ThreadPoolExecutor.java:635) [?:?]
	at java.lang.Thread.run(Thread.java:844) [?:?]
Caused by: com.fasterxml.jackson.core.JsonParseException: Unexpected character ('L' (code 76)): was expecting comma to separate Object entries
 at [Source: org.elasticsearch.common.bytes.BytesReference$MarkSupportingStreamInputWrapper@20fb6472; line: 1, column: 197]
	at com.fasterxml.jackson.core.JsonParser._constructError(JsonParser.java:1702) ~[jackson-core-2.8.10.jar:2.8.10]
	at com.fasterxml.jackson.core.base.ParserMinimalBase._reportError(ParserMinimalBase.java:558) ~[jackson-core-2.8.10.jar:2.8.10]
	at com.fasterxml.jackson.core.base.ParserMinimalBase._reportUnexpectedChar(ParserMinimalBase.java:456) ~[jackson-core-2.8.10.jar:2.8.10]
	at com.fasterxml.jackson.core.json.UTF8StreamJsonParser.nextToken(UTF8StreamJsonParser.java:761) ~[jackson-core-2.8.10.jar:2.8.10]
	at org.elasticsearch.common.xcontent.json.JsonXContentParser.nextToken(JsonXContentParser.java:53) ~[elasticsearch-x-content-6.4.3.jar:6.4.3]
	at org.elasticsearch.index.mapper.DocumentParser.innerParseObject(DocumentParser.java:405) ~[elasticsearch-6.4.3.jar:6.4.3]
	at org.elasticsearch.index.mapper.DocumentParser.parseObjectOrNested(DocumentParser.java:380) ~[elasticsearch-6.4.3.jar:6.4.3]
	at org.elasticsearch.index.mapper.DocumentParser.parseObjectOrField(DocumentParser.java:478) ~[elasticsearch-6.4.3.jar:6.4.3]
	at org.elasticsearch.index.mapper.DocumentParser.parseObject(DocumentParser.java:501) ~[elasticsearch-6.4.3.jar:6.4.3]
	at org.elasticsearch.index.mapper.DocumentParser.innerParseObject(DocumentParser.java:390) ~[elasticsearch-6.4.3.jar:6.4.3]
	at org.elasticsearch.index.mapper.DocumentParser.parseObjectOrNested(DocumentParser.java:380) ~[elasticsearch-6.4.3.jar:6.4.3]
	at org.elasticsearch.index.mapper.DocumentParser.internalParseDocument(DocumentParser.java:95) ~[elasticsearch-6.4.3.jar:6.4.3]
	at org.elasticsearch.index.mapper.DocumentParser.parseDocument(DocumentParser.java:69) ~[elasticsearch-6.4.3.jar:6.4.3]
	... 38 more
[2018-11-11T15:26:09,072][DEBUG][o.e.a.b.TransportShardBulkAction] [ws][2] failed to execute bulk item (index) BulkShardRequest [[ws][2]] containing [1982] requests
org.elasticsearch.index.mapper.MapperParsingException: failed to parse
	at org.elasticsearch.index.mapper.DocumentParser.wrapInMapperParsingException(DocumentParser.java:171) ~[elasticsearch-6.4.3.jar:6.4.3]
	at org.elasticsearch.index.mapper.DocumentParser.parseDocument(DocumentParser.java:72) ~[elasticsearch-6.4.3.jar:6.4.3]
	at org.elasticsearch.index.mapper.DocumentMapper.parse(DocumentMapper.java:263) ~[elasticsearch-6.4.3.jar:6.4.3]
	at org.elasticsearch.index.shard.IndexShard.prepareIndex(IndexShard.java:725) ~[elasticsearch-6.4.3.jar:6.4.3]
	at org.elasticsearch.index.shard.IndexShard.applyIndexOperation(IndexShard.java:702) ~[elasticsearch-6.4.3.jar:6.4.3]
	at org.elasticsearch.index.shard.IndexShard.applyIndexOperationOnPrimary(IndexShard.java:682) ~[elasticsearch-6.4.3.jar:6.4.3]
	at org.elasticsearch.action.bulk.TransportShardBulkAction.lambda$executeIndexRequestOnPrimary$2(TransportShardBulkAction.java:560) ~[elasticsearch-6.4.3.jar:6.4.3]
	at org.elasticsearch.action.bulk.TransportShardBulkAction.executeOnPrimaryWhileHandlingMappingUpdates(TransportShardBulkAction.java:579) ~[elasticsearch-6.4.3.jar:6.4.3]
	at org.elasticsearch.action.bulk.TransportShardBulkAction.executeIndexRequestOnPrimary(TransportShardBulkAction.java:558) ~[elasticsearch-6.4.3.jar:6.4.3]
	at org.elasticsearch.action.bulk.TransportShardBulkAction.executeIndexRequest(TransportShardBulkAction.java:141) [elasticsearch-6.4.3.jar:6.4.3]
	at org.elasticsearch.action.bulk.TransportShardBulkAction.executeBulkItemRequest(TransportShardBulkAction.java:247) [elasticsearch-6.4.3.jar:6.4.3]
	at org.elasticsearch.action.bulk.TransportShardBulkAction.performOnPrimary(TransportShardBulkAction.java:124) [elasticsearch-6.4.3.jar:6.4.3]
	at org.elasticsearch.action.bulk.TransportShardBulkAction.shardOperationOnPrimary(TransportShardBulkAction.java:111) [elasticsearch-6.4.3.jar:6.4.3]
	at org.elasticsearch.action.bulk.TransportShardBulkAction.shardOperationOnPrimary(TransportShardBulkAction.java:73) [elasticsearch-6.4.3.jar:6.4.3]
	at org.elasticsearch.action.support.replication.TransportReplicationAction$PrimaryShardReference.perform(TransportReplicationAction.java:1017) [elasticsearch-6.4.3.jar:6.4.3]
	at org.elasticsearch.action.support.replication.TransportReplicationAction$PrimaryShardReference.perform(TransportReplicationAction.java:995) [elasticsearch-6.4.3.jar:6.4.3]
	at org.elasticsearch.action.support.replication.ReplicationOperation.execute(ReplicationOperation.java:101) [elasticsearch-6.4.3.jar:6.4.3]
	at org.elasticsearch.action.support.replication.TransportReplicationAction$AsyncPrimaryAction.onResponse(TransportReplicationAction.java:356) [elasticsearch-6.4.3.jar:6.4.3]
	at org.elasticsearch.action.support.replication.TransportReplicationAction$AsyncPrimaryAction.onResponse(TransportReplicationAction.java:296) [elasticsearch-6.4.3.jar:6.4.3]
	at org.elasticsearch.action.support.replication.TransportReplicationAction$1.onResponse(TransportReplicationAction.java:958) [elasticsearch-6.4.3.jar:6.4.3]
	at org.elasticsearch.action.support.replication.TransportReplicationAction$1.onResponse(TransportReplicationAction.java:955) [elasticsearch-6.4.3.jar:6.4.3]
	at org.elasticsearch.index.shard.IndexShardOperationPermits.acquire(IndexShardOperationPermits.java:271) [elasticsearch-6.4.3.jar:6.4.3]
	at org.elasticsearch.index.shard.IndexShardOperationPermits.acquire(IndexShardOperationPermits.java:238) [elasticsearch-6.4.3.jar:6.4.3]
	at org.elasticsearch.index.shard.IndexShard.acquirePrimaryOperationPermit(IndexShard.java:2249) [elasticsearch-6.4.3.jar:6.4.3]
	at org.elasticsearch.action.support.replication.TransportReplicationAction.acquirePrimaryShardReference(TransportReplicationAction.java:967) [elasticsearch-6.4.3.jar:6.4.3]
	at org.elasticsearch.action.support.replication.TransportReplicationAction.access$500(TransportReplicationAction.java:97) [elasticsearch-6.4.3.jar:6.4.3]
	at org.elasticsearch.action.support.replication.TransportReplicationAction$AsyncPrimaryAction.doRun(TransportReplicationAction.java:317) [elasticsearch-6.4.3.jar:6.4.3]
	at org.elasticsearch.common.util.concurrent.AbstractRunnable.run(AbstractRunnable.java:37) [elasticsearch-6.4.3.jar:6.4.3]
	at org.elasticsearch.action.support.replication.TransportReplicationAction$PrimaryOperationTransportHandler.messageReceived(TransportReplicationAction.java:292) [elasticsearch-6.4.3.jar:6.4.3]
	at org.elasticsearch.action.support.replication.TransportReplicationAction$PrimaryOperationTransportHandler.messageReceived(TransportReplicationAction.java:279) [elasticsearch-6.4.3.jar:6.4.3]
	at org.elasticsearch.xpack.security.transport.SecurityServerTransportInterceptor$ProfileSecuredRequestHandler$1.doRun(SecurityServerTransportInterceptor.java:251) [x-pack-security-6.4.3.jar:6.4.3]
	at org.elasticsearch.common.util.concurrent.AbstractRunnable.run(AbstractRunnable.java:37) [elasticsearch-6.4.3.jar:6.4.3]
	at org.elasticsearch.xpack.security.transport.SecurityServerTransportInterceptor$ProfileSecuredRequestHandler.messageReceived(SecurityServerTransportInterceptor.java:309) [x-pack-security-6.4.3.jar:6.4.3]
	at org.elasticsearch.transport.RequestHandlerRegistry.processMessageReceived(RequestHandlerRegistry.java:66) [elasticsearch-6.4.3.jar:6.4.3]
	at org.elasticsearch.transport.TransportService$7.doRun(TransportService.java:665) [elasticsearch-6.4.3.jar:6.4.3]
	at org.elasticsearch.common.util.concurrent.ThreadContext$ContextPreservingAbstractRunnable.doRun(ThreadContext.java:723) [elasticsearch-6.4.3.jar:6.4.3]
	at org.elasticsearch.common.util.concurrent.AbstractRunnable.run(AbstractRunnable.java:37) [elasticsearch-6.4.3.jar:6.4.3]
	at java.util.concurrent.ThreadPoolExecutor.runWorker(ThreadPoolExecutor.java:1135) [?:?]
	at java.util.concurrent.ThreadPoolExecutor$Worker.run(ThreadPoolExecutor.java:635) [?:?]
	at java.lang.Thread.run(Thread.java:844) [?:?]
Caused by: com.fasterxml.jackson.core.JsonParseException: Unexpected character ('T' (code 84)): was expecting comma to separate Object entries
 at [Source: org.elasticsearch.common.bytes.BytesReference$MarkSupportingStreamInputWrapper@4f38178; line: 1, column: 132]
	at com.fasterxml.jackson.core.JsonParser._constructError(JsonParser.java:1702) ~[jackson-core-2.8.10.jar:2.8.10]
	at com.fasterxml.jackson.core.base.ParserMinimalBase._reportError(ParserMinimalBase.java:558) ~[jackson-core-2.8.10.jar:2.8.10]
	at com.fasterxml.jackson.core.base.ParserMinimalBase._reportUnexpectedChar(ParserMinimalBase.java:456) ~[jackson-core-2.8.10.jar:2.8.10]
	at com.fasterxml.jackson.core.json.UTF8StreamJsonParser.nextToken(UTF8StreamJsonParser.java:761) ~[jackson-core-2.8.10.jar:2.8.10]
	at org.elasticsearch.common.xcontent.json.JsonXContentParser.nextToken(JsonXContentParser.java:53) ~[elasticsearch-x-content-6.4.3.jar:6.4.3]
	at org.elasticsearch.index.mapper.DocumentParser.innerParseObject(DocumentParser.java:405) ~[elasticsearch-6.4.3.jar:6.4.3]
	at org.elasticsearch.index.mapper.DocumentParser.parseObjectOrNested(DocumentParser.java:380) ~[elasticsearch-6.4.3.jar:6.4.3]
	at org.elasticsearch.index.mapper.DocumentParser.parseObjectOrField(DocumentParser.java:478) ~[elasticsearch-6.4.3.jar:6.4.3]
	at org.elasticsearch.index.mapper.DocumentParser.parseObject(DocumentParser.java:501) ~[elasticsearch-6.4.3.jar:6.4.3]
	at org.elasticsearch.index.mapper.DocumentParser.innerParseObject(DocumentParser.java:390) ~[elasticsearch-6.4.3.jar:6.4.3]
	at org.elasticsearch.index.mapper.DocumentParser.parseObjectOrNested(DocumentParser.java:380) ~[elasticsearch-6.4.3.jar:6.4.3]
	at org.elasticsearch.index.mapper.DocumentParser.internalParseDocument(DocumentParser.java:95) ~[elasticsearch-6.4.3.jar:6.4.3]
	at org.elasticsearch.index.mapper.DocumentParser.parseDocument(DocumentParser.java:69) ~[elasticsearch-6.4.3.jar:6.4.3]
	... 38 more
[2018-11-11T15:26:09,107][DEBUG][o.e.a.b.TransportShardBulkAction] [ws][1] failed to execute bulk item (index) BulkShardRequest [[ws][1]] containing [1978] requests
org.elasticsearch.index.mapper.MapperParsingException: failed to parse
	at org.elasticsearch.index.mapper.DocumentParser.wrapInMapperParsingException(DocumentParser.java:171) ~[elasticsearch-6.4.3.jar:6.4.3]
	at org.elasticsearch.index.mapper.DocumentParser.parseDocument(DocumentParser.java:72) ~[elasticsearch-6.4.3.jar:6.4.3]
	at org.elasticsearch.index.mapper.DocumentMapper.parse(DocumentMapper.java:263) ~[elasticsearch-6.4.3.jar:6.4.3]
	at org.elasticsearch.index.shard.IndexShard.prepareIndex(IndexShard.java:725) ~[elasticsearch-6.4.3.jar:6.4.3]
	at org.elasticsearch.index.shard.IndexShard.applyIndexOperation(IndexShard.java:702) ~[elasticsearch-6.4.3.jar:6.4.3]
	at org.elasticsearch.index.shard.IndexShard.applyIndexOperationOnPrimary(IndexShard.java:682) ~[elasticsearch-6.4.3.jar:6.4.3]
	at org.elasticsearch.action.bulk.TransportShardBulkAction.lambda$executeIndexRequestOnPrimary$2(TransportShardBulkAction.java:560) ~[elasticsearch-6.4.3.jar:6.4.3]
	at org.elasticsearch.action.bulk.TransportShardBulkAction.executeOnPrimaryWhileHandlingMappingUpdates(TransportShardBulkAction.java:579) ~[elasticsearch-6.4.3.jar:6.4.3]
	at org.elasticsearch.action.bulk.TransportShardBulkAction.executeIndexRequestOnPrimary(TransportShardBulkAction.java:558) ~[elasticsearch-6.4.3.jar:6.4.3]
	at org.elasticsearch.action.bulk.TransportShardBulkAction.executeIndexRequest(TransportShardBulkAction.java:141) [elasticsearch-6.4.3.jar:6.4.3]
	at org.elasticsearch.action.bulk.TransportShardBulkAction.executeBulkItemRequest(TransportShardBulkAction.java:247) [elasticsearch-6.4.3.jar:6.4.3]
	at org.elasticsearch.action.bulk.TransportShardBulkAction.performOnPrimary(TransportShardBulkAction.java:124) [elasticsearch-6.4.3.jar:6.4.3]
	at org.elasticsearch.action.bulk.TransportShardBulkAction.shardOperationOnPrimary(TransportShardBulkAction.java:111) [elasticsearch-6.4.3.jar:6.4.3]
	at org.elasticsearch.action.bulk.TransportShardBulkAction.shardOperationOnPrimary(TransportShardBulkAction.java:73) [elasticsearch-6.4.3.jar:6.4.3]
	at org.elasticsearch.action.support.replication.TransportReplicationAction$PrimaryShardReference.perform(TransportReplicationAction.java:1017) [elasticsearch-6.4.3.jar:6.4.3]
	at org.elasticsearch.action.support.replication.TransportReplicationAction$PrimaryShardReference.perform(TransportReplicationAction.java:995) [elasticsearch-6.4.3.jar:6.4.3]
	at org.elasticsearch.action.support.replication.ReplicationOperation.execute(ReplicationOperation.java:101) [elasticsearch-6.4.3.jar:6.4.3]
	at org.elasticsearch.action.support.replication.TransportReplicationAction$AsyncPrimaryAction.onResponse(TransportReplicationAction.java:356) [elasticsearch-6.4.3.jar:6.4.3]
	at org.elasticsearch.action.support.replication.TransportReplicationAction$AsyncPrimaryAction.onResponse(TransportReplicationAction.java:296) [elasticsearch-6.4.3.jar:6.4.3]
	at org.elasticsearch.action.support.replication.TransportReplicationAction$1.onResponse(TransportReplicationAction.java:958) [elasticsearch-6.4.3.jar:6.4.3]
	at org.elasticsearch.action.support.replication.TransportReplicationAction$1.onResponse(TransportReplicationAction.java:955) [elasticsearch-6.4.3.jar:6.4.3]
	at org.elasticsearch.index.shard.IndexShardOperationPermits.acquire(IndexShardOperationPermits.java:271) [elasticsearch-6.4.3.jar:6.4.3]
	at org.elasticsearch.index.shard.IndexShardOperationPermits.acquire(IndexShardOperationPermits.java:238) [elasticsearch-6.4.3.jar:6.4.3]
	at org.elasticsearch.index.shard.IndexShard.acquirePrimaryOperationPermit(IndexShard.java:2249) [elasticsearch-6.4.3.jar:6.4.3]
	at org.elasticsearch.action.support.replication.TransportReplicationAction.acquirePrimaryShardReference(TransportReplicationAction.java:967) [elasticsearch-6.4.3.jar:6.4.3]
	at org.elasticsearch.action.support.replication.TransportReplicationAction.access$500(TransportReplicationAction.java:97) [elasticsearch-6.4.3.jar:6.4.3]
	at org.elasticsearch.action.support.replication.TransportReplicationAction$AsyncPrimaryAction.doRun(TransportReplicationAction.java:317) [elasticsearch-6.4.3.jar:6.4.3]
	at org.elasticsearch.common.util.concurrent.AbstractRunnable.run(AbstractRunnable.java:37) [elasticsearch-6.4.3.jar:6.4.3]
	at org.elasticsearch.action.support.replication.TransportReplicationAction$PrimaryOperationTransportHandler.messageReceived(TransportReplicationAction.java:292) [elasticsearch-6.4.3.jar:6.4.3]
	at org.elasticsearch.action.support.replication.TransportReplicationAction$PrimaryOperationTransportHandler.messageReceived(TransportReplicationAction.java:279) [elasticsearch-6.4.3.jar:6.4.3]
	at org.elasticsearch.xpack.security.transport.SecurityServerTransportInterceptor$ProfileSecuredRequestHandler$1.doRun(SecurityServerTransportInterceptor.java:251) [x-pack-security-6.4.3.jar:6.4.3]
	at org.elasticsearch.common.util.concurrent.AbstractRunnable.run(AbstractRunnable.java:37) [elasticsearch-6.4.3.jar:6.4.3]
	at org.elasticsearch.xpack.security.transport.SecurityServerTransportInterceptor$ProfileSecuredRequestHandler.messageReceived(SecurityServerTransportInterceptor.java:309) [x-pack-security-6.4.3.jar:6.4.3]
	at org.elasticsearch.transport.RequestHandlerRegistry.processMessageReceived(RequestHandlerRegistry.java:66) [elasticsearch-6.4.3.jar:6.4.3]
	at org.elasticsearch.transport.TransportService$7.doRun(TransportService.java:665) [elasticsearch-6.4.3.jar:6.4.3]
	at org.elasticsearch.common.util.concurrent.ThreadContext$ContextPreservingAbstractRunnable.doRun(ThreadContext.java:723) [elasticsearch-6.4.3.jar:6.4.3]
	at org.elasticsearch.common.util.concurrent.AbstractRunnable.run(AbstractRunnable.java:37) [elasticsearch-6.4.3.jar:6.4.3]
	at java.util.concurrent.ThreadPoolExecutor.runWorker(ThreadPoolExecutor.java:1135) [?:?]
	at java.util.concurrent.ThreadPoolExecutor$Worker.run(ThreadPoolExecutor.java:635) [?:?]
	at java.lang.Thread.run(Thread.java:844) [?:?]
Caused by: com.fasterxml.jackson.core.JsonParseException: Unexpected character ('M' (code 77)): was expecting comma to separate Object entries
 at [Source: org.elasticsearch.common.bytes.BytesReference$MarkSupportingStreamInputWrapper@578774c; line: 1, column: 127]
	at com.fasterxml.jackson.core.JsonParser._constructError(JsonParser.java:1702) ~[jackson-core-2.8.10.jar:2.8.10]
	at com.fasterxml.jackson.core.base.ParserMinimalBase._reportError(ParserMinimalBase.java:558) ~[jackson-core-2.8.10.jar:2.8.10]
	at com.fasterxml.jackson.core.base.ParserMinimalBase._reportUnexpectedChar(ParserMinimalBase.java:456) ~[jackson-core-2.8.10.jar:2.8.10]
	at com.fasterxml.jackson.core.json.UTF8StreamJsonParser.nextToken(UTF8StreamJsonParser.java:761) ~[jackson-core-2.8.10.jar:2.8.10]
	at org.elasticsearch.common.xcontent.json.JsonXContentParser.nextToken(JsonXContentParser.java:53) ~[elasticsearch-x-content-6.4.3.jar:6.4.3]
	at org.elasticsearch.index.mapper.DocumentParser.innerParseObject(DocumentParser.java:405) ~[elasticsearch-6.4.3.jar:6.4.3]
	at org.elasticsearch.index.mapper.DocumentParser.parseObjectOrNested(DocumentParser.java:380) ~[elasticsearch-6.4.3.jar:6.4.3]
	at org.elasticsearch.index.mapper.DocumentParser.parseObjectOrField(DocumentParser.java:478) ~[elasticsearch-6.4.3.jar:6.4.3]
	at org.elasticsearch.index.mapper.DocumentParser.parseObject(DocumentParser.java:501) ~[elasticsearch-6.4.3.jar:6.4.3]
	at org.elasticsearch.index.mapper.DocumentParser.innerParseObject(DocumentParser.java:390) ~[elasticsearch-6.4.3.jar:6.4.3]
	at org.elasticsearch.index.mapper.DocumentParser.parseObjectOrNested(DocumentParser.java:380) ~[elasticsearch-6.4.3.jar:6.4.3]
	at org.elasticsearch.index.mapper.DocumentParser.internalParseDocument(DocumentParser.java:95) ~[elasticsearch-6.4.3.jar:6.4.3]
	at org.elasticsearch.index.mapper.DocumentParser.parseDocument(DocumentParser.java:69) ~[elasticsearch-6.4.3.jar:6.4.3]
	... 38 more
[2018-11-11T15:26:09,148][DEBUG][o.e.a.b.TransportShardBulkAction] [ws][2] failed to execute bulk item (index) BulkShardRequest [[ws][2]] containing [1982] requests
org.elasticsearch.index.mapper.MapperParsingException: failed to parse
	at org.elasticsearch.index.mapper.DocumentParser.wrapInMapperParsingException(DocumentParser.java:171) ~[elasticsearch-6.4.3.jar:6.4.3]
	at org.elasticsearch.index.mapper.DocumentParser.parseDocument(DocumentParser.java:72) ~[elasticsearch-6.4.3.jar:6.4.3]
	at org.elasticsearch.index.mapper.DocumentMapper.parse(DocumentMapper.java:263) ~[elasticsearch-6.4.3.jar:6.4.3]
	at org.elasticsearch.index.shard.IndexShard.prepareIndex(IndexShard.java:725) ~[elasticsearch-6.4.3.jar:6.4.3]
	at org.elasticsearch.index.shard.IndexShard.applyIndexOperation(IndexShard.java:702) ~[elasticsearch-6.4.3.jar:6.4.3]
	at org.elasticsearch.index.shard.IndexShard.applyIndexOperationOnPrimary(IndexShard.java:682) ~[elasticsearch-6.4.3.jar:6.4.3]
	at org.elasticsearch.action.bulk.TransportShardBulkAction.lambda$executeIndexRequestOnPrimary$2(TransportShardBulkAction.java:560) ~[elasticsearch-6.4.3.jar:6.4.3]
	at org.elasticsearch.action.bulk.TransportShardBulkAction.executeOnPrimaryWhileHandlingMappingUpdates(TransportShardBulkAction.java:579) ~[elasticsearch-6.4.3.jar:6.4.3]
	at org.elasticsearch.action.bulk.TransportShardBulkAction.executeIndexRequestOnPrimary(TransportShardBulkAction.java:558) ~[elasticsearch-6.4.3.jar:6.4.3]
	at org.elasticsearch.action.bulk.TransportShardBulkAction.executeIndexRequest(TransportShardBulkAction.java:141) [elasticsearch-6.4.3.jar:6.4.3]
	at org.elasticsearch.action.bulk.TransportShardBulkAction.executeBulkItemRequest(TransportShardBulkAction.java:247) [elasticsearch-6.4.3.jar:6.4.3]
	at org.elasticsearch.action.bulk.TransportShardBulkAction.performOnPrimary(TransportShardBulkAction.java:124) [elasticsearch-6.4.3.jar:6.4.3]
	at org.elasticsearch.action.bulk.TransportShardBulkAction.shardOperationOnPrimary(TransportShardBulkAction.java:111) [elasticsearch-6.4.3.jar:6.4.3]
	at org.elasticsearch.action.bulk.TransportShardBulkAction.shardOperationOnPrimary(TransportShardBulkAction.java:73) [elasticsearch-6.4.3.jar:6.4.3]
	at org.elasticsearch.action.support.replication.TransportReplicationAction$PrimaryShardReference.perform(TransportReplicationAction.java:1017) [elasticsearch-6.4.3.jar:6.4.3]
	at org.elasticsearch.action.support.replication.TransportReplicationAction$PrimaryShardReference.perform(TransportReplicationAction.java:995) [elasticsearch-6.4.3.jar:6.4.3]
	at org.elasticsearch.action.support.replication.ReplicationOperation.execute(ReplicationOperation.java:101) [elasticsearch-6.4.3.jar:6.4.3]
	at org.elasticsearch.action.support.replication.TransportReplicationAction$AsyncPrimaryAction.onResponse(TransportReplicationAction.java:356) [elasticsearch-6.4.3.jar:6.4.3]
	at org.elasticsearch.action.support.replication.TransportReplicationAction$AsyncPrimaryAction.onResponse(TransportReplicationAction.java:296) [elasticsearch-6.4.3.jar:6.4.3]
	at org.elasticsearch.action.support.replication.TransportReplicationAction$1.onResponse(TransportReplicationAction.java:958) [elasticsearch-6.4.3.jar:6.4.3]
	at org.elasticsearch.action.support.replication.TransportReplicationAction$1.onResponse(TransportReplicationAction.java:955) [elasticsearch-6.4.3.jar:6.4.3]
	at org.elasticsearch.index.shard.IndexShardOperationPermits.acquire(IndexShardOperationPermits.java:271) [elasticsearch-6.4.3.jar:6.4.3]
	at org.elasticsearch.index.shard.IndexShardOperationPermits.acquire(IndexShardOperationPermits.java:238) [elasticsearch-6.4.3.jar:6.4.3]
	at org.elasticsearch.index.shard.IndexShard.acquirePrimaryOperationPermit(IndexShard.java:2249) [elasticsearch-6.4.3.jar:6.4.3]
	at org.elasticsearch.action.support.replication.TransportReplicationAction.acquirePrimaryShardReference(TransportReplicationAction.java:967) [elasticsearch-6.4.3.jar:6.4.3]
	at org.elasticsearch.action.support.replication.TransportReplicationAction.access$500(TransportReplicationAction.java:97) [elasticsearch-6.4.3.jar:6.4.3]
	at org.elasticsearch.action.support.replication.TransportReplicationAction$AsyncPrimaryAction.doRun(TransportReplicationAction.java:317) [elasticsearch-6.4.3.jar:6.4.3]
	at org.elasticsearch.common.util.concurrent.AbstractRunnable.run(AbstractRunnable.java:37) [elasticsearch-6.4.3.jar:6.4.3]
	at org.elasticsearch.action.support.replication.TransportReplicationAction$PrimaryOperationTransportHandler.messageReceived(TransportReplicationAction.java:292) [elasticsearch-6.4.3.jar:6.4.3]
	at org.elasticsearch.action.support.replication.TransportReplicationAction$PrimaryOperationTransportHandler.messageReceived(TransportReplicationAction.java:279) [elasticsearch-6.4.3.jar:6.4.3]
	at org.elasticsearch.xpack.security.transport.SecurityServerTransportInterceptor$ProfileSecuredRequestHandler$1.doRun(SecurityServerTransportInterceptor.java:251) [x-pack-security-6.4.3.jar:6.4.3]
	at org.elasticsearch.common.util.concurrent.AbstractRunnable.run(AbstractRunnable.java:37) [elasticsearch-6.4.3.jar:6.4.3]
	at org.elasticsearch.xpack.security.transport.SecurityServerTransportInterceptor$ProfileSecuredRequestHandler.messageReceived(SecurityServerTransportInterceptor.java:309) [x-pack-security-6.4.3.jar:6.4.3]
	at org.elasticsearch.transport.RequestHandlerRegistry.processMessageReceived(RequestHandlerRegistry.java:66) [elasticsearch-6.4.3.jar:6.4.3]
	at org.elasticsearch.transport.TransportService$7.doRun(TransportService.java:665) [elasticsearch-6.4.3.jar:6.4.3]
	at org.elasticsearch.common.util.concurrent.ThreadContext$ContextPreservingAbstractRunnable.doRun(ThreadContext.java:723) [elasticsearch-6.4.3.jar:6.4.3]
	at org.elasticsearch.common.util.concurrent.AbstractRunnable.run(AbstractRunnable.java:37) [elasticsearch-6.4.3.jar:6.4.3]
	at java.util.concurrent.ThreadPoolExecutor.runWorker(ThreadPoolExecutor.java:1135) [?:?]
	at java.util.concurrent.ThreadPoolExecutor$Worker.run(ThreadPoolExecutor.java:635) [?:?]
	at java.lang.Thread.run(Thread.java:844) [?:?]
Caused by: com.fasterxml.jackson.core.JsonParseException: Unexpected character ('F' (code 70)): was expecting comma to separate Object entries
 at [Source: org.elasticsearch.common.bytes.BytesReference$MarkSupportingStreamInputWrapper@6c61fa89; line: 1, column: 136]
	at com.fasterxml.jackson.core.JsonParser._constructError(JsonParser.java:1702) ~[jackson-core-2.8.10.jar:2.8.10]
	at com.fasterxml.jackson.core.base.ParserMinimalBase._reportError(ParserMinimalBase.java:558) ~[jackson-core-2.8.10.jar:2.8.10]
	at com.fasterxml.jackson.core.base.ParserMinimalBase._reportUnexpectedChar(ParserMinimalBase.java:456) ~[jackson-core-2.8.10.jar:2.8.10]
	at com.fasterxml.jackson.core.json.UTF8StreamJsonParser.nextToken(UTF8StreamJsonParser.java:761) ~[jackson-core-2.8.10.jar:2.8.10]
	at org.elasticsearch.common.xcontent.json.JsonXContentParser.nextToken(JsonXContentParser.java:53) ~[elasticsearch-x-content-6.4.3.jar:6.4.3]
	at org.elasticsearch.index.mapper.DocumentParser.innerParseObject(DocumentParser.java:405) ~[elasticsearch-6.4.3.jar:6.4.3]
	at org.elasticsearch.index.mapper.DocumentParser.parseObjectOrNested(DocumentParser.java:380) ~[elasticsearch-6.4.3.jar:6.4.3]
	at org.elasticsearch.index.mapper.DocumentParser.parseObjectOrField(DocumentParser.java:478) ~[elasticsearch-6.4.3.jar:6.4.3]
	at org.elasticsearch.index.mapper.DocumentParser.parseObject(DocumentParser.java:501) ~[elasticsearch-6.4.3.jar:6.4.3]
	at org.elasticsearch.index.mapper.DocumentParser.innerParseObject(DocumentParser.java:390) ~[elasticsearch-6.4.3.jar:6.4.3]
	at org.elasticsearch.index.mapper.DocumentParser.parseObjectOrNested(DocumentParser.java:380) ~[elasticsearch-6.4.3.jar:6.4.3]
	at org.elasticsearch.index.mapper.DocumentParser.internalParseDocument(DocumentParser.java:95) ~[elasticsearch-6.4.3.jar:6.4.3]
	at org.elasticsearch.index.mapper.DocumentParser.parseDocument(DocumentParser.java:69) ~[elasticsearch-6.4.3.jar:6.4.3]
	... 38 more
[2018-11-11T16:41:43,017][INFO ][o.e.x.m.j.p.NativeController] Native controller process has stopped - no new native processes can be started
[2018-11-11T16:41:43,020][INFO ][o.e.n.Node               ] [ws] stopping ...
[2018-11-11T16:41:43,033][INFO ][o.e.x.w.WatcherService   ] [ws] stopping watch service, reason [shutdown initiated]
[2018-11-11T16:41:43,518][INFO ][o.e.n.Node               ] [ws] stopped
[2018-11-11T16:41:43,518][INFO ][o.e.n.Node               ] [ws] closing ...
[2018-11-11T16:41:43,535][INFO ][o.e.n.Node               ] [ws] closed
